Command line invocation:
    /Applications/Xcode.app/Contents/Developer/usr/bin/xcodebuild build -scheme Roots -configuration Debug -destination "platform=iOS Simulator,name=iPhone 16e"

ComputePackagePrebuildTargetDependencyGraph

Prepare packages

CreateBuildRequest

SendProjectDescription

CreateBuildOperation

ComputeTargetDependencyGraph
note: Building targets in dependency order
note: Target dependency graph (1 target)
    Target 'Roots' in project 'RootsApp' (no dependencies)

GatherProvisioningInputs

CreateBuildDescription

ExecuteExternalTool /Applications/Xcode.app/Contents/Developer/Toolchains/XcodeDefault.xctoolchain/usr/bin/clang -v -E -dM -isysroot /Applications/Xcode.app/Contents/Developer/Platforms/iPhoneSimulator.platform/Developer/SDKs/iPhoneSimulator26.1.sdk -x c -c /dev/null

ExecuteExternalTool /Applications/Xcode.app/Contents/Developer/usr/bin/actool --print-asset-tag-combinations --output-format xml1 /Users/clevelandlewis/Desktop/Roots/SharedCore/DesignSystem/Assets.xcassets

ExecuteExternalTool /Applications/Xcode.app/Contents/Developer/usr/bin/actool --version --output-format xml1

ExecuteExternalTool /Applications/Xcode.app/Contents/Developer/Toolchains/XcodeDefault.xctoolchain/usr/bin/swiftc --version

ExecuteExternalTool /Applications/Xcode.app/Contents/Developer/Toolchains/XcodeDefault.xctoolchain/usr/bin/ld -version_details

Build description signature: 840637fa03874cc316e88844e9cae928
Build description path: /Users/clevelandlewis/Library/Developer/Xcode/DerivedData/RootsApp-avfkhljcwvdejheriduznimnpdhd/Build/Intermediates.noindex/XCBuildData/840637fa03874cc316e88844e9cae928.xcbuilddata
ClangStatCache /Applications/Xcode.app/Contents/Developer/Toolchains/XcodeDefault.xctoolchain/usr/bin/clang-stat-cache /Applications/Xcode.app/Contents/Developer/Platforms/iPhoneSimulator.platform/Developer/SDKs/iPhoneSimulator26.1.sdk /Users/clevelandlewis/Library/Developer/Xcode/DerivedData/SDKStatCaches.noindex/iphonesimulator26.1-23B77-3885c01c3e6b6a337905948deab2002e90cf18a4295e390e64c810bc6bd7acbc.sdkstatcache
    cd /Users/clevelandlewis/Desktop/Roots/RootsApp.xcodeproj
    /Applications/Xcode.app/Contents/Developer/Toolchains/XcodeDefault.xctoolchain/usr/bin/clang-stat-cache /Applications/Xcode.app/Contents/Developer/Platforms/iPhoneSimulator.platform/Developer/SDKs/iPhoneSimulator26.1.sdk -o /Users/clevelandlewis/Library/Developer/Xcode/DerivedData/SDKStatCaches.noindex/iphonesimulator26.1-23B77-3885c01c3e6b6a337905948deab2002e90cf18a4295e390e64c810bc6bd7acbc.sdkstatcache

ProcessInfoPlistFile /Users/clevelandlewis/Library/Developer/Xcode/DerivedData/RootsApp-avfkhljcwvdejheriduznimnpdhd/Build/Products/Debug-iphonesimulator/Roots.app/Info.plist /Users/clevelandlewis/Library/Developer/Xcode/DerivedData/RootsApp-avfkhljcwvdejheriduznimnpdhd/Build/Intermediates.noindex/RootsApp.build/Debug-iphonesimulator/Roots.build/empty-Roots.plist (in target 'Roots' from project 'RootsApp')
    cd /Users/clevelandlewis/Desktop/Roots
    builtin-infoPlistUtility /Users/clevelandlewis/Library/Developer/Xcode/DerivedData/RootsApp-avfkhljcwvdejheriduznimnpdhd/Build/Intermediates.noindex/RootsApp.build/Debug-iphonesimulator/Roots.build/empty-Roots.plist -producttype com.apple.product-type.application -genpkginfo /Users/clevelandlewis/Library/Developer/Xcode/DerivedData/RootsApp-avfkhljcwvdejheriduznimnpdhd/Build/Products/Debug-iphonesimulator/Roots.app/PkgInfo -expandbuildsettings -format binary -platform iphonesimulator -additionalcontentfile /Users/clevelandlewis/Library/Developer/Xcode/DerivedData/RootsApp-avfkhljcwvdejheriduznimnpdhd/Build/Intermediates.noindex/RootsApp.build/Debug-iphonesimulator/Roots.build/assetcatalog_generated_info.plist -o /Users/clevelandlewis/Library/Developer/Xcode/DerivedData/RootsApp-avfkhljcwvdejheriduznimnpdhd/Build/Products/Debug-iphonesimulator/Roots.app/Info.plist

SwiftDriver Roots normal arm64 com.apple.xcode.tools.swift.compiler (in target 'Roots' from project 'RootsApp')
    cd /Users/clevelandlewis/Desktop/Roots
    builtin-SwiftDriver -- /Applications/Xcode.app/Contents/Developer/Toolchains/XcodeDefault.xctoolchain/usr/bin/swiftc -module-name Roots -Onone -enforce-exclusivity\=checked @/Users/clevelandlewis/Library/Developer/Xcode/DerivedData/RootsApp-avfkhljcwvdejheriduznimnpdhd/Build/Intermediates.noindex/RootsApp.build/Debug-iphonesimulator/Roots.build/Objects-normal/arm64/Roots.SwiftFileList -DDEBUG -DDISABLE_PREVIEWS -DDISABLE_SWIFTDATA -default-isolation\=MainActor -enable-bare-slash-regex -enable-upcoming-feature DisableOutwardActorInference -enable-upcoming-feature InferSendableFromCaptures -enable-upcoming-feature GlobalActorIsolatedTypesUsability -enable-upcoming-feature MemberImportVisibility -enable-upcoming-feature InferIsolatedConformances -enable-upcoming-feature NonisolatedNonsendingByDefault -enable-experimental-feature DebugDescriptionMacro -sdk /Applications/Xcode.app/Contents/Developer/Platforms/iPhoneSimulator.platform/Developer/SDKs/iPhoneSimulator26.1.sdk -target arm64-apple-ios26.1-simulator -g -module-cache-path /Users/clevelandlewis/Library/Developer/Xcode/DerivedData/ModuleCache.noindex -Xfrontend -serialize-debugging-options -profile-coverage-mapping -profile-generate -enable-testing -index-store-path /Users/clevelandlewis/Library/Developer/Xcode/DerivedData/RootsApp-avfkhljcwvdejheriduznimnpdhd/Index.noindex/DataStore -Xcc -D_LIBCPP_HARDENING_MODE\=_LIBCPP_HARDENING_MODE_DEBUG -swift-version 5 -I /Users/clevelandlewis/Library/Developer/Xcode/DerivedData/RootsApp-avfkhljcwvdejheriduznimnpdhd/Build/Products/Debug-iphonesimulator -F /Users/clevelandlewis/Library/Developer/Xcode/DerivedData/RootsApp-avfkhljcwvdejheriduznimnpdhd/Build/Products/Debug-iphonesimulator -emit-localized-strings -emit-localized-strings-path /Users/clevelandlewis/Library/Developer/Xcode/DerivedData/RootsApp-avfkhljcwvdejheriduznimnpdhd/Build/Intermediates.noindex/RootsApp.build/Debug-iphonesimulator/Roots.build/Objects-normal/arm64 -c -j8 -enable-batch-mode -incremental -Xcc -ivfsstatcache -Xcc /Users/clevelandlewis/Library/Developer/Xcode/DerivedData/SDKStatCaches.noindex/iphonesimulator26.1-23B77-3885c01c3e6b6a337905948deab2002e90cf18a4295e390e64c810bc6bd7acbc.sdkstatcache -output-file-map /Users/clevelandlewis/Library/Developer/Xcode/DerivedData/RootsApp-avfkhljcwvdejheriduznimnpdhd/Build/Intermediates.noindex/RootsApp.build/Debug-iphonesimulator/Roots.build/Objects-normal/arm64/Roots-OutputFileMap.json -use-frontend-parseable-output -save-temps -no-color-diagnostics -explicit-module-build -module-cache-path /Users/clevelandlewis/Library/Developer/Xcode/DerivedData/RootsApp-avfkhljcwvdejheriduznimnpdhd/Build/Intermediates.noindex/SwiftExplicitPrecompiledModules -clang-scanner-module-cache-path /Users/clevelandlewis/Library/Developer/Xcode/DerivedData/ModuleCache.noindex -sdk-module-cache-path /Users/clevelandlewis/Library/Developer/Xcode/DerivedData/ModuleCache.noindex -serialize-diagnostics -emit-dependencies -emit-module -emit-module-path /Users/clevelandlewis/Library/Developer/Xcode/DerivedData/RootsApp-avfkhljcwvdejheriduznimnpdhd/Build/Intermediates.noindex/RootsApp.build/Debug-iphonesimulator/Roots.build/Objects-normal/arm64/Roots.swiftmodule -validate-clang-modules-once -clang-build-session-file /Users/clevelandlewis/Library/Developer/Xcode/DerivedData/ModuleCache.noindex/Session.modulevalidation -Xcc -I/Users/clevelandlewis/Library/Developer/Xcode/DerivedData/RootsApp-avfkhljcwvdejheriduznimnpdhd/Build/Intermediates.noindex/RootsApp.build/Debug-iphonesimulator/Roots.build/swift-overrides.hmap -emit-const-values -Xfrontend -const-gather-protocols-file -Xfrontend /Users/clevelandlewis/Library/Developer/Xcode/DerivedData/RootsApp-avfkhljcwvdejheriduznimnpdhd/Build/Intermediates.noindex/RootsApp.build/Debug-iphonesimulator/Roots.build/Objects-normal/arm64/Roots_const_extract_protocols.json -Xcc -iquote -Xcc /Users/clevelandlewis/Library/Developer/Xcode/DerivedData/RootsApp-avfkhljcwvdejheriduznimnpdhd/Build/Intermediates.noindex/RootsApp.build/Debug-iphonesimulator/Roots.build/Roots-generated-files.hmap -Xcc -I/Users/clevelandlewis/Library/Developer/Xcode/DerivedData/RootsApp-avfkhljcwvdejheriduznimnpdhd/Build/Intermediates.noindex/RootsApp.build/Debug-iphonesimulator/Roots.build/Roots-own-target-headers.hmap -Xcc -I/Users/clevelandlewis/Library/Developer/Xcode/DerivedData/RootsApp-avfkhljcwvdejheriduznimnpdhd/Build/Intermediates.noindex/RootsApp.build/Debug-iphonesimulator/Roots.build/Roots-all-target-headers.hmap -Xcc -iquote -Xcc /Users/clevelandlewis/Library/Developer/Xcode/DerivedData/RootsApp-avfkhljcwvdejheriduznimnpdhd/Build/Intermediates.noindex/RootsApp.build/Debug-iphonesimulator/Roots.build/Roots-project-headers.hmap -Xcc -I/Users/clevelandlewis/Library/Developer/Xcode/DerivedData/RootsApp-avfkhljcwvdejheriduznimnpdhd/Build/Products/Debug-iphonesimulator/include -Xcc -I/Users/clevelandlewis/Library/Developer/Xcode/DerivedData/RootsApp-avfkhljcwvdejheriduznimnpdhd/Build/Intermediates.noindex/RootsApp.build/Debug-iphonesimulator/Roots.build/DerivedSources-normal/arm64 -Xcc -I/Users/clevelandlewis/Library/Developer/Xcode/DerivedData/RootsApp-avfkhljcwvdejheriduznimnpdhd/Build/Intermediates.noindex/RootsApp.build/Debug-iphonesimulator/Roots.build/DerivedSources/arm64 -Xcc -I/Users/clevelandlewis/Library/Developer/Xcode/DerivedData/RootsApp-avfkhljcwvdejheriduznimnpdhd/Build/Intermediates.noindex/RootsApp.build/Debug-iphonesimulator/Roots.build/DerivedSources -Xcc -DDEBUG\=1 -emit-objc-header -emit-objc-header-path /Users/clevelandlewis/Library/Developer/Xcode/DerivedData/RootsApp-avfkhljcwvdejheriduznimnpdhd/Build/Intermediates.noindex/RootsApp.build/Debug-iphonesimulator/Roots.build/Objects-normal/arm64/Roots-Swift.h -working-directory /Users/clevelandlewis/Desktop/Roots -experimental-emit-module-separately -disable-cmo

SwiftCompile normal arm64 Compiling\ AnyButtonStyle.swift,\ AppCard.swift,\ CardGrid.swift,\ DesignCard.swift,\ DesignPage.swift,\ DesignShell.swift,\ DesignSystem.swift,\ DesignSystem+Motion.swift,\ DesignTokensCompat.swift,\ FloatingTabBar.swift,\ Glass.swift,\ GlassBlueProminentButtonStyle.swift,\ GlassButtons.swift,\ GlassButtonStyle.swift,\ GlassCircleButton.swift,\ GlassIconButton.swift,\ GlassPopupContainer.swift,\ GlassProminentButtonStyle.swift /Users/clevelandlewis/Desktop/Roots/SharedCore/DesignSystem/Components/AnyButtonStyle.swift /Users/clevelandlewis/Desktop/Roots/SharedCore/DesignSystem/Components/AppCard.swift /Users/clevelandlewis/Desktop/Roots/SharedCore/DesignSystem/Components/CardGrid.swift /Users/clevelandlewis/Desktop/Roots/SharedCore/DesignSystem/Components/DesignCard.swift /Users/clevelandlewis/Desktop/Roots/SharedCore/DesignSystem/Components/DesignPage.swift /Users/clevelandlewis/Desktop/Roots/SharedCore/DesignSystem/Components/DesignShell.swift /Users/clevelandlewis/Desktop/Roots/SharedCore/DesignSystem/Components/DesignSystem.swift /Users/clevelandlewis/Desktop/Roots/SharedCore/DesignSystem/Components/DesignSystem+Motion.swift /Users/clevelandlewis/Desktop/Roots/SharedCore/DesignSystem/Components/DesignTokensCompat.swift /Users/clevelandlewis/Desktop/Roots/SharedCore/DesignSystem/Components/FloatingTabBar.swift /Users/clevelandlewis/Desktop/Roots/SharedCore/DesignSystem/Components/Glass.swift /Users/clevelandlewis/Desktop/Roots/SharedCore/DesignSystem/Components/GlassBlueProminentButtonStyle.swift /Users/clevelandlewis/Desktop/Roots/SharedCore/DesignSystem/Components/GlassButtons.swift /Users/clevelandlewis/Desktop/Roots/SharedCore/DesignSystem/Components/GlassButtonStyle.swift /Users/clevelandlewis/Desktop/Roots/SharedCore/DesignSystem/Components/GlassCircleButton.swift /Users/clevelandlewis/Desktop/Roots/SharedCore/DesignSystem/Components/GlassIconButton.swift /Users/clevelandlewis/Desktop/Roots/SharedCore/DesignSystem/Components/GlassPopupContainer.swift /Users/clevelandlewis/Desktop/Roots/SharedCore/DesignSystem/Components/GlassProminentButtonStyle.swift (in target 'Roots' from project 'RootsApp')

SwiftCompile normal arm64 /Users/clevelandlewis/Desktop/Roots/SharedCore/DesignSystem/Components/AnyButtonStyle.swift (in target 'Roots' from project 'RootsApp')
    cd /Users/clevelandlewis/Desktop/Roots
    

SwiftCompile normal arm64 /Users/clevelandlewis/Desktop/Roots/SharedCore/DesignSystem/Components/AppCard.swift (in target 'Roots' from project 'RootsApp')
    cd /Users/clevelandlewis/Desktop/Roots
    

SwiftCompile normal arm64 /Users/clevelandlewis/Desktop/Roots/SharedCore/DesignSystem/Components/CardGrid.swift (in target 'Roots' from project 'RootsApp')
    cd /Users/clevelandlewis/Desktop/Roots
    

SwiftCompile normal arm64 /Users/clevelandlewis/Desktop/Roots/SharedCore/DesignSystem/Components/DesignCard.swift (in target 'Roots' from project 'RootsApp')
    cd /Users/clevelandlewis/Desktop/Roots
    

SwiftCompile normal arm64 /Users/clevelandlewis/Desktop/Roots/SharedCore/DesignSystem/Components/DesignPage.swift (in target 'Roots' from project 'RootsApp')
    cd /Users/clevelandlewis/Desktop/Roots
    

SwiftCompile normal arm64 /Users/clevelandlewis/Desktop/Roots/SharedCore/DesignSystem/Components/DesignShell.swift (in target 'Roots' from project 'RootsApp')
    cd /Users/clevelandlewis/Desktop/Roots
    

SwiftCompile normal arm64 /Users/clevelandlewis/Desktop/Roots/SharedCore/DesignSystem/Components/DesignSystem.swift (in target 'Roots' from project 'RootsApp')
    cd /Users/clevelandlewis/Desktop/Roots
    

SwiftCompile normal arm64 /Users/clevelandlewis/Desktop/Roots/SharedCore/DesignSystem/Components/DesignSystem+Motion.swift (in target 'Roots' from project 'RootsApp')
    cd /Users/clevelandlewis/Desktop/Roots
    

SwiftCompile normal arm64 /Users/clevelandlewis/Desktop/Roots/SharedCore/DesignSystem/Components/DesignTokensCompat.swift (in target 'Roots' from project 'RootsApp')
    cd /Users/clevelandlewis/Desktop/Roots
    

SwiftCompile normal arm64 /Users/clevelandlewis/Desktop/Roots/SharedCore/DesignSystem/Components/FloatingTabBar.swift (in target 'Roots' from project 'RootsApp')
    cd /Users/clevelandlewis/Desktop/Roots
    

SwiftCompile normal arm64 /Users/clevelandlewis/Desktop/Roots/SharedCore/DesignSystem/Components/Glass.swift (in target 'Roots' from project 'RootsApp')
    cd /Users/clevelandlewis/Desktop/Roots
    

SwiftCompile normal arm64 /Users/clevelandlewis/Desktop/Roots/SharedCore/DesignSystem/Components/GlassBlueProminentButtonStyle.swift (in target 'Roots' from project 'RootsApp')
    cd /Users/clevelandlewis/Desktop/Roots
    

SwiftCompile normal arm64 /Users/clevelandlewis/Desktop/Roots/SharedCore/DesignSystem/Components/GlassButtons.swift (in target 'Roots' from project 'RootsApp')
    cd /Users/clevelandlewis/Desktop/Roots
    

SwiftCompile normal arm64 /Users/clevelandlewis/Desktop/Roots/SharedCore/DesignSystem/Components/GlassButtonStyle.swift (in target 'Roots' from project 'RootsApp')
    cd /Users/clevelandlewis/Desktop/Roots
    

SwiftCompile normal arm64 /Users/clevelandlewis/Desktop/Roots/SharedCore/DesignSystem/Components/GlassCircleButton.swift (in target 'Roots' from project 'RootsApp')
    cd /Users/clevelandlewis/Desktop/Roots
    

SwiftCompile normal arm64 /Users/clevelandlewis/Desktop/Roots/SharedCore/DesignSystem/Components/GlassIconButton.swift (in target 'Roots' from project 'RootsApp')
    cd /Users/clevelandlewis/Desktop/Roots
    

SwiftCompile normal arm64 /Users/clevelandlewis/Desktop/Roots/SharedCore/DesignSystem/Components/GlassPopupContainer.swift (in target 'Roots' from project 'RootsApp')
    cd /Users/clevelandlewis/Desktop/Roots
    

SwiftCompile normal arm64 /Users/clevelandlewis/Desktop/Roots/SharedCore/DesignSystem/Components/GlassProminentButtonStyle.swift (in target 'Roots' from project 'RootsApp')
    cd /Users/clevelandlewis/Desktop/Roots
    

SwiftCompile normal arm64 Compiling\ RootsAnalogClock.swift,\ ActivityEditorView.swift,\ ActivityListView.swift,\ AddAssignmentView.swift,\ AddCourseSheet.swift,\ AddEditCourseView.swift,\ AddExamPopup.swift,\ AddSemesterSheet.swift,\ AssignmentRow.swift,\ AssignmentsView2.swift,\ CalendarDayCell.swift,\ CalendarPageView.swift,\ CalendarSettingsView.swift,\ ChartViewVerticalStacked.swift,\ CourseDetailView.swift,\ CourseEditView.swift,\ CurrentActivityView.swift,\ DeveloperSettingsView.swift /Users/clevelandlewis/Desktop/Roots/macOSApp/Views/Components/Clock/RootsAnalogClock.swift /Users/clevelandlewis/Desktop/Roots/macOSApp/Views/ActivityEditorView.swift /Users/clevelandlewis/Desktop/Roots/macOSApp/Views/ActivityListView.swift /Users/clevelandlewis/Desktop/Roots/macOSApp/Views/AddAssignmentView.swift /Users/clevelandlewis/Desktop/Roots/macOSApp/Views/AddCourseSheet.swift /Users/clevelandlewis/Desktop/Roots/macOSApp/Views/AddEditCourseView.swift /Users/clevelandlewis/Desktop/Roots/macOSApp/Views/AddExamPopup.swift /Users/clevelandlewis/Desktop/Roots/macOSApp/Views/AddSemesterSheet.swift /Users/clevelandlewis/Desktop/Roots/macOSApp/Views/AssignmentRow.swift /Users/clevelandlewis/Desktop/Roots/macOSApp/Views/AssignmentsView2.swift /Users/clevelandlewis/Desktop/Roots/macOSApp/Views/CalendarDayCell.swift /Users/clevelandlewis/Desktop/Roots/macOSApp/Views/CalendarPageView.swift /Users/clevelandlewis/Desktop/Roots/macOSApp/Views/CalendarSettingsView.swift /Users/clevelandlewis/Desktop/Roots/macOSApp/Views/ChartViewVerticalStacked.swift /Users/clevelandlewis/Desktop/Roots/macOSApp/Views/CourseDetailView.swift /Users/clevelandlewis/Desktop/Roots/macOSApp/Views/CourseEditView.swift /Users/clevelandlewis/Desktop/Roots/macOSApp/Views/CurrentActivityView.swift /Users/clevelandlewis/Desktop/Roots/macOSApp/Views/DeveloperSettingsView.swift (in target 'Roots' from project 'RootsApp')
SwiftCompile normal arm64 /Users/clevelandlewis/Desktop/Roots/macOSApp/Views/Components/Clock/RootsAnalogClock.swift (in target 'Roots' from project 'RootsApp')
    cd /Users/clevelandlewis/Desktop/Roots
    

SwiftCompile normal arm64 /Users/clevelandlewis/Desktop/Roots/macOSApp/Views/ActivityEditorView.swift (in target 'Roots' from project 'RootsApp')
    cd /Users/clevelandlewis/Desktop/Roots
    

SwiftCompile normal arm64 /Users/clevelandlewis/Desktop/Roots/macOSApp/Views/ActivityListView.swift (in target 'Roots' from project 'RootsApp')
    cd /Users/clevelandlewis/Desktop/Roots
    

SwiftCompile normal arm64 /Users/clevelandlewis/Desktop/Roots/macOSApp/Views/AddAssignmentView.swift (in target 'Roots' from project 'RootsApp')
    cd /Users/clevelandlewis/Desktop/Roots
    

SwiftCompile normal arm64 /Users/clevelandlewis/Desktop/Roots/macOSApp/Views/AddCourseSheet.swift (in target 'Roots' from project 'RootsApp')
    cd /Users/clevelandlewis/Desktop/Roots
    

SwiftCompile normal arm64 /Users/clevelandlewis/Desktop/Roots/macOSApp/Views/AddEditCourseView.swift (in target 'Roots' from project 'RootsApp')
    cd /Users/clevelandlewis/Desktop/Roots
    

SwiftCompile normal arm64 /Users/clevelandlewis/Desktop/Roots/macOSApp/Views/AddExamPopup.swift (in target 'Roots' from project 'RootsApp')
    cd /Users/clevelandlewis/Desktop/Roots
    

SwiftCompile normal arm64 /Users/clevelandlewis/Desktop/Roots/macOSApp/Views/AddSemesterSheet.swift (in target 'Roots' from project 'RootsApp')
    cd /Users/clevelandlewis/Desktop/Roots
    

SwiftCompile normal arm64 /Users/clevelandlewis/Desktop/Roots/macOSApp/Views/AssignmentRow.swift (in target 'Roots' from project 'RootsApp')
    cd /Users/clevelandlewis/Desktop/Roots
    

SwiftCompile normal arm64 /Users/clevelandlewis/Desktop/Roots/macOSApp/Views/AssignmentsView2.swift (in target 'Roots' from project 'RootsApp')
    cd /Users/clevelandlewis/Desktop/Roots
    

SwiftCompile normal arm64 /Users/clevelandlewis/Desktop/Roots/macOSApp/Views/CalendarDayCell.swift (in target 'Roots' from project 'RootsApp')
    cd /Users/clevelandlewis/Desktop/Roots
    

SwiftCompile normal arm64 /Users/clevelandlewis/Desktop/Roots/macOSApp/Views/CalendarPageView.swift (in target 'Roots' from project 'RootsApp')
    cd /Users/clevelandlewis/Desktop/Roots
    

SwiftCompile normal arm64 /Users/clevelandlewis/Desktop/Roots/macOSApp/Views/CalendarSettingsView.swift (in target 'Roots' from project 'RootsApp')
    cd /Users/clevelandlewis/Desktop/Roots
    

SwiftCompile normal arm64 /Users/clevelandlewis/Desktop/Roots/macOSApp/Views/ChartViewVerticalStacked.swift (in target 'Roots' from project 'RootsApp')
    cd /Users/clevelandlewis/Desktop/Roots
    

SwiftCompile normal arm64 /Users/clevelandlewis/Desktop/Roots/macOSApp/Views/CourseDetailView.swift (in target 'Roots' from project 'RootsApp')
    cd /Users/clevelandlewis/Desktop/Roots
    

SwiftCompile normal arm64 /Users/clevelandlewis/Desktop/Roots/macOSApp/Views/CourseEditView.swift (in target 'Roots' from project 'RootsApp')
    cd /Users/clevelandlewis/Desktop/Roots
    

SwiftCompile normal arm64 /Users/clevelandlewis/Desktop/Roots/macOSApp/Views/CurrentActivityView.swift (in target 'Roots' from project 'RootsApp')
    cd /Users/clevelandlewis/Desktop/Roots
    

SwiftCompile normal arm64 /Users/clevelandlewis/Desktop/Roots/macOSApp/Views/DeveloperSettingsView.swift (in target 'Roots' from project 'RootsApp')
    cd /Users/clevelandlewis/Desktop/Roots
    

SwiftCompile normal arm64 Compiling\ CoursesPageView.swift,\ CoursesSettingsView.swift,\ CoursesView.swift,\ DashboardView.swift,\ GradesPageView.swift,\ GradesView.swift,\ PlannerPageView.swift,\ PlannerSettingsView.swift,\ PlannerView.swift,\ RootTab.swift,\ SettingsRootView.swift,\ SettingsView.swift,\ TimerPageView.swift,\ CalendarStatsRow.swift,\ DayDetailSidebar.swift,\ EnergyChart.swift,\ RootsChartContainer.swift,\ TimerBarChart.swift /Users/clevelandlewis/Desktop/Roots/macOSApp/Scenes/CoursesPageView.swift /Users/clevelandlewis/Desktop/Roots/macOSApp/Scenes/CoursesSettingsView.swift /Users/clevelandlewis/Desktop/Roots/macOSApp/Scenes/CoursesView.swift /Users/clevelandlewis/Desktop/Roots/macOSApp/Scenes/DashboardView.swift /Users/clevelandlewis/Desktop/Roots/macOSApp/Scenes/GradesPageView.swift /Users/clevelandlewis/Desktop/Roots/macOSApp/Scenes/GradesView.swift /Users/clevelandlewis/Desktop/Roots/macOSApp/Scenes/PlannerPageView.swift /Users/clevelandlewis/Desktop/Roots/macOSApp/Scenes/PlannerSettingsView.swift /Users/clevelandlewis/Desktop/Roots/macOSApp/Scenes/PlannerView.swift /Users/clevelandlewis/Desktop/Roots/macOSApp/Scenes/RootTab.swift /Users/clevelandlewis/Desktop/Roots/macOSApp/Scenes/SettingsRootView.swift /Users/clevelandlewis/Desktop/Roots/macOSApp/Scenes/SettingsView.swift /Users/clevelandlewis/Desktop/Roots/macOSApp/Scenes/TimerPageView.swift /Users/clevelandlewis/Desktop/Roots/macOSApp/Views/Components/Calendar/CalendarStatsRow.swift /Users/clevelandlewis/Desktop/Roots/macOSApp/Views/Components/Calendar/DayDetailSidebar.swift /Users/clevelandlewis/Desktop/Roots/macOSApp/Views/Components/Charts/EnergyChart.swift /Users/clevelandlewis/Desktop/Roots/macOSApp/Views/Components/Charts/RootsChartContainer.swift /Users/clevelandlewis/Desktop/Roots/macOSApp/Views/Components/Charts/TimerBarChart.swift (in target 'Roots' from project 'RootsApp')

SwiftCompile normal arm64 /Users/clevelandlewis/Desktop/Roots/macOSApp/Scenes/CoursesPageView.swift (in target 'Roots' from project 'RootsApp')
    cd /Users/clevelandlewis/Desktop/Roots
    

SwiftCompile normal arm64 /Users/clevelandlewis/Desktop/Roots/macOSApp/Scenes/CoursesSettingsView.swift (in target 'Roots' from project 'RootsApp')
    cd /Users/clevelandlewis/Desktop/Roots
    

SwiftCompile normal arm64 /Users/clevelandlewis/Desktop/Roots/macOSApp/Scenes/CoursesView.swift (in target 'Roots' from project 'RootsApp')
    cd /Users/clevelandlewis/Desktop/Roots
    

SwiftCompile normal arm64 /Users/clevelandlewis/Desktop/Roots/macOSApp/Scenes/DashboardView.swift (in target 'Roots' from project 'RootsApp')
    cd /Users/clevelandlewis/Desktop/Roots
    

SwiftCompile normal arm64 /Users/clevelandlewis/Desktop/Roots/macOSApp/Scenes/GradesPageView.swift (in target 'Roots' from project 'RootsApp')
    cd /Users/clevelandlewis/Desktop/Roots
    

SwiftCompile normal arm64 /Users/clevelandlewis/Desktop/Roots/macOSApp/Scenes/GradesView.swift (in target 'Roots' from project 'RootsApp')
    cd /Users/clevelandlewis/Desktop/Roots
    

SwiftCompile normal arm64 /Users/clevelandlewis/Desktop/Roots/macOSApp/Scenes/PlannerPageView.swift (in target 'Roots' from project 'RootsApp')
    cd /Users/clevelandlewis/Desktop/Roots
    

SwiftCompile normal arm64 /Users/clevelandlewis/Desktop/Roots/macOSApp/Scenes/PlannerSettingsView.swift (in target 'Roots' from project 'RootsApp')
    cd /Users/clevelandlewis/Desktop/Roots
    

SwiftCompile normal arm64 /Users/clevelandlewis/Desktop/Roots/macOSApp/Scenes/PlannerView.swift (in target 'Roots' from project 'RootsApp')
    cd /Users/clevelandlewis/Desktop/Roots
    

SwiftCompile normal arm64 /Users/clevelandlewis/Desktop/Roots/macOSApp/Scenes/RootTab.swift (in target 'Roots' from project 'RootsApp')
    cd /Users/clevelandlewis/Desktop/Roots
    

SwiftCompile normal arm64 /Users/clevelandlewis/Desktop/Roots/macOSApp/Scenes/SettingsRootView.swift (in target 'Roots' from project 'RootsApp')
    cd /Users/clevelandlewis/Desktop/Roots
    

SwiftCompile normal arm64 /Users/clevelandlewis/Desktop/Roots/macOSApp/Scenes/SettingsView.swift (in target 'Roots' from project 'RootsApp')
    cd /Users/clevelandlewis/Desktop/Roots
    

SwiftCompile normal arm64 /Users/clevelandlewis/Desktop/Roots/macOSApp/Scenes/TimerPageView.swift (in target 'Roots' from project 'RootsApp')
    cd /Users/clevelandlewis/Desktop/Roots
    

SwiftCompile normal arm64 /Users/clevelandlewis/Desktop/Roots/macOSApp/Views/Components/Calendar/CalendarStatsRow.swift (in target 'Roots' from project 'RootsApp')
    cd /Users/clevelandlewis/Desktop/Roots
    

SwiftCompile normal arm64 /Users/clevelandlewis/Desktop/Roots/macOSApp/Views/Components/Calendar/DayDetailSidebar.swift (in target 'Roots' from project 'RootsApp')
    cd /Users/clevelandlewis/Desktop/Roots
    

SwiftCompile normal arm64 /Users/clevelandlewis/Desktop/Roots/macOSApp/Views/Components/Charts/EnergyChart.swift (in target 'Roots' from project 'RootsApp')
    cd /Users/clevelandlewis/Desktop/Roots
    

SwiftCompile normal arm64 /Users/clevelandlewis/Desktop/Roots/macOSApp/Views/Components/Charts/RootsChartContainer.swift (in target 'Roots' from project 'RootsApp')
    cd /Users/clevelandlewis/Desktop/Roots
    

SwiftCompile normal arm64 /Users/clevelandlewis/Desktop/Roots/macOSApp/Views/Components/Charts/TimerBarChart.swift (in target 'Roots' from project 'RootsApp')
    cd /Users/clevelandlewis/Desktop/Roots
    

SwiftCompile normal arm64 Compiling\ QuickAction.swift,\ QuickActionFanOut.swift,\ RootsButtons.swift,\ RootsDesignSystem.swift,\ RootsGlassStyle.swift,\ RootsHeaderButton.swift,\ RootsIconButtonCompat.swift,\ RootsMotionModifiers.swift,\ SidebarStyling.swift,\ Insight.swift,\ InsightEngine.swift,\ InsightsViewModel.swift,\ RootsInsightsEngine.swift,\ UsageStatsBuilder.swift,\ AIScheduler.swift,\ SchedulerAdaptationManager.swift,\ SchedulerFeedback.swift,\ SchedulerLearner.swift /Users/clevelandlewis/Desktop/Roots/SharedCore/DesignSystem/Components/QuickAction.swift /Users/clevelandlewis/Desktop/Roots/SharedCore/DesignSystem/Components/QuickActionFanOut.swift /Users/clevelandlewis/Desktop/Roots/SharedCore/DesignSystem/Components/RootsButtons.swift /Users/clevelandlewis/Desktop/Roots/SharedCore/DesignSystem/Components/RootsDesignSystem.swift /Users/clevelandlewis/Desktop/Roots/SharedCore/DesignSystem/Components/RootsGlassStyle.swift /Users/clevelandlewis/Desktop/Roots/SharedCore/DesignSystem/Components/RootsHeaderButton.swift /Users/clevelandlewis/Desktop/Roots/SharedCore/DesignSystem/Components/RootsIconButtonCompat.swift /Users/clevelandlewis/Desktop/Roots/SharedCore/DesignSystem/Components/RootsMotionModifiers.swift /Users/clevelandlewis/Desktop/Roots/SharedCore/DesignSystem/Components/SidebarStyling.swift /Users/clevelandlewis/Desktop/Roots/SharedCore/Features/Insights/Insight.swift /Users/clevelandlewis/Desktop/Roots/SharedCore/Features/Insights/InsightEngine.swift /Users/clevelandlewis/Desktop/Roots/SharedCore/Features/Insights/InsightsViewModel.swift /Users/clevelandlewis/Desktop/Roots/SharedCore/Features/Insights/RootsInsightsEngine.swift /Users/clevelandlewis/Desktop/Roots/SharedCore/Features/Insights/UsageStatsBuilder.swift /Users/clevelandlewis/Desktop/Roots/SharedCore/Features/Scheduler/AIScheduler.swift /Users/clevelandlewis/Desktop/Roots/SharedCore/Features/Scheduler/SchedulerAdaptationManager.swift /Users/clevelandlewis/Desktop/Roots/SharedCore/Features/Scheduler/SchedulerFeedback.swift /Users/clevelandlewis/Desktop/Roots/SharedCore/Features/Scheduler/SchedulerLearner.swift (in target 'Roots' from project 'RootsApp')

SwiftCompile normal arm64 /Users/clevelandlewis/Desktop/Roots/SharedCore/DesignSystem/Components/QuickAction.swift (in target 'Roots' from project 'RootsApp')
    cd /Users/clevelandlewis/Desktop/Roots
    

SwiftCompile normal arm64 /Users/clevelandlewis/Desktop/Roots/SharedCore/DesignSystem/Components/QuickActionFanOut.swift (in target 'Roots' from project 'RootsApp')
    cd /Users/clevelandlewis/Desktop/Roots
    

SwiftCompile normal arm64 /Users/clevelandlewis/Desktop/Roots/SharedCore/DesignSystem/Components/RootsButtons.swift (in target 'Roots' from project 'RootsApp')
    cd /Users/clevelandlewis/Desktop/Roots
    

SwiftCompile normal arm64 /Users/clevelandlewis/Desktop/Roots/SharedCore/DesignSystem/Components/RootsDesignSystem.swift (in target 'Roots' from project 'RootsApp')
    cd /Users/clevelandlewis/Desktop/Roots
    

SwiftCompile normal arm64 /Users/clevelandlewis/Desktop/Roots/SharedCore/DesignSystem/Components/RootsGlassStyle.swift (in target 'Roots' from project 'RootsApp')
    cd /Users/clevelandlewis/Desktop/Roots
    

SwiftCompile normal arm64 /Users/clevelandlewis/Desktop/Roots/SharedCore/DesignSystem/Components/RootsHeaderButton.swift (in target 'Roots' from project 'RootsApp')
    cd /Users/clevelandlewis/Desktop/Roots
    

SwiftCompile normal arm64 /Users/clevelandlewis/Desktop/Roots/SharedCore/DesignSystem/Components/RootsIconButtonCompat.swift (in target 'Roots' from project 'RootsApp')
    cd /Users/clevelandlewis/Desktop/Roots
    

SwiftCompile normal arm64 /Users/clevelandlewis/Desktop/Roots/SharedCore/DesignSystem/Components/RootsMotionModifiers.swift (in target 'Roots' from project 'RootsApp')
    cd /Users/clevelandlewis/Desktop/Roots
    

SwiftCompile normal arm64 /Users/clevelandlewis/Desktop/Roots/SharedCore/DesignSystem/Components/SidebarStyling.swift (in target 'Roots' from project 'RootsApp')
    cd /Users/clevelandlewis/Desktop/Roots
    

SwiftCompile normal arm64 /Users/clevelandlewis/Desktop/Roots/SharedCore/Features/Insights/Insight.swift (in target 'Roots' from project 'RootsApp')
    cd /Users/clevelandlewis/Desktop/Roots
    

SwiftCompile normal arm64 /Users/clevelandlewis/Desktop/Roots/SharedCore/Features/Insights/InsightEngine.swift (in target 'Roots' from project 'RootsApp')
    cd /Users/clevelandlewis/Desktop/Roots
    

SwiftCompile normal arm64 /Users/clevelandlewis/Desktop/Roots/SharedCore/Features/Insights/InsightsViewModel.swift (in target 'Roots' from project 'RootsApp')
    cd /Users/clevelandlewis/Desktop/Roots
    

SwiftCompile normal arm64 /Users/clevelandlewis/Desktop/Roots/SharedCore/Features/Insights/RootsInsightsEngine.swift (in target 'Roots' from project 'RootsApp')
    cd /Users/clevelandlewis/Desktop/Roots
    

SwiftCompile normal arm64 /Users/clevelandlewis/Desktop/Roots/SharedCore/Features/Insights/UsageStatsBuilder.swift (in target 'Roots' from project 'RootsApp')
    cd /Users/clevelandlewis/Desktop/Roots
    

SwiftCompile normal arm64 /Users/clevelandlewis/Desktop/Roots/SharedCore/Features/Scheduler/AIScheduler.swift (in target 'Roots' from project 'RootsApp')
    cd /Users/clevelandlewis/Desktop/Roots
    

SwiftCompile normal arm64 /Users/clevelandlewis/Desktop/Roots/SharedCore/Features/Scheduler/SchedulerAdaptationManager.swift (in target 'Roots' from project 'RootsApp')
    cd /Users/clevelandlewis/Desktop/Roots
    

SwiftCompile normal arm64 /Users/clevelandlewis/Desktop/Roots/SharedCore/Features/Scheduler/SchedulerFeedback.swift (in target 'Roots' from project 'RootsApp')
    cd /Users/clevelandlewis/Desktop/Roots
    

SwiftCompile normal arm64 /Users/clevelandlewis/Desktop/Roots/SharedCore/Features/Scheduler/SchedulerLearner.swift (in target 'Roots' from project 'RootsApp')
    cd /Users/clevelandlewis/Desktop/Roots
    

SwiftCompile normal arm64 Compiling\ SchedulerPreferences.swift,\ AppPage.swift,\ Attachment.swift,\ CourseModels.swift,\ CoursesDashboardModels.swift,\ Item.swift,\ AppCommands.swift,\ RootsApp.swift,\ RootsSettingsWindow.swift,\ RootsWindowLayout.swift,\ RootsWindowSizing.swift,\ SettingsToolbarIdentifiers.swift,\ SettingsWindowController.swift,\ SidebarView.swift,\ AssignmentsPageView.swift,\ AssignmentsView.swift,\ ContentView.swift,\ CoursesDashboardRootView.swift /Users/clevelandlewis/Desktop/Roots/SharedCore/Features/Scheduler/SchedulerPreferences.swift /Users/clevelandlewis/Desktop/Roots/SharedCore/Models/AppPage.swift /Users/clevelandlewis/Desktop/Roots/SharedCore/Models/Attachment.swift /Users/clevelandlewis/Desktop/Roots/SharedCore/Models/CourseModels.swift /Users/clevelandlewis/Desktop/Roots/SharedCore/Models/CoursesDashboardModels.swift /Users/clevelandlewis/Desktop/Roots/SharedCore/Models/Item.swift /Users/clevelandlewis/Desktop/Roots/macOSApp/App/AppCommands.swift /Users/clevelandlewis/Desktop/Roots/macOSApp/App/RootsApp.swift /Users/clevelandlewis/Desktop/Roots/macOSApp/PlatformAdapters/RootsSettingsWindow.swift /Users/clevelandlewis/Desktop/Roots/macOSApp/PlatformAdapters/RootsWindowLayout.swift /Users/clevelandlewis/Desktop/Roots/macOSApp/PlatformAdapters/RootsWindowSizing.swift /Users/clevelandlewis/Desktop/Roots/macOSApp/PlatformAdapters/SettingsToolbarIdentifiers.swift /Users/clevelandlewis/Desktop/Roots/macOSApp/PlatformAdapters/SettingsWindowController.swift /Users/clevelandlewis/Desktop/Roots/macOSApp/PlatformAdapters/SidebarView.swift /Users/clevelandlewis/Desktop/Roots/macOSApp/Scenes/AssignmentsPageView.swift /Users/clevelandlewis/Desktop/Roots/macOSApp/Scenes/AssignmentsView.swift /Users/clevelandlewis/Desktop/Roots/macOSApp/Scenes/ContentView.swift /Users/clevelandlewis/Desktop/Roots/macOSApp/Scenes/CoursesDashboardRootView.swift (in target 'Roots' from project 'RootsApp')

SwiftCompile normal arm64 /Users/clevelandlewis/Desktop/Roots/SharedCore/Features/Scheduler/SchedulerPreferences.swift (in target 'Roots' from project 'RootsApp')
    cd /Users/clevelandlewis/Desktop/Roots
    

SwiftCompile normal arm64 /Users/clevelandlewis/Desktop/Roots/SharedCore/Models/AppPage.swift (in target 'Roots' from project 'RootsApp')
    cd /Users/clevelandlewis/Desktop/Roots
    

SwiftCompile normal arm64 /Users/clevelandlewis/Desktop/Roots/SharedCore/Models/Attachment.swift (in target 'Roots' from project 'RootsApp')
    cd /Users/clevelandlewis/Desktop/Roots
    

SwiftCompile normal arm64 /Users/clevelandlewis/Desktop/Roots/SharedCore/Models/CourseModels.swift (in target 'Roots' from project 'RootsApp')
    cd /Users/clevelandlewis/Desktop/Roots
    

SwiftCompile normal arm64 /Users/clevelandlewis/Desktop/Roots/SharedCore/Models/CoursesDashboardModels.swift (in target 'Roots' from project 'RootsApp')
    cd /Users/clevelandlewis/Desktop/Roots
    

SwiftCompile normal arm64 /Users/clevelandlewis/Desktop/Roots/SharedCore/Models/Item.swift (in target 'Roots' from project 'RootsApp')
    cd /Users/clevelandlewis/Desktop/Roots
    

SwiftCompile normal arm64 /Users/clevelandlewis/Desktop/Roots/macOSApp/App/AppCommands.swift (in target 'Roots' from project 'RootsApp')
    cd /Users/clevelandlewis/Desktop/Roots
    

SwiftCompile normal arm64 /Users/clevelandlewis/Desktop/Roots/macOSApp/App/RootsApp.swift (in target 'Roots' from project 'RootsApp')
    cd /Users/clevelandlewis/Desktop/Roots
    

SwiftCompile normal arm64 /Users/clevelandlewis/Desktop/Roots/macOSApp/PlatformAdapters/RootsSettingsWindow.swift (in target 'Roots' from project 'RootsApp')
    cd /Users/clevelandlewis/Desktop/Roots
    

SwiftCompile normal arm64 /Users/clevelandlewis/Desktop/Roots/macOSApp/PlatformAdapters/RootsWindowLayout.swift (in target 'Roots' from project 'RootsApp')
    cd /Users/clevelandlewis/Desktop/Roots
    

SwiftCompile normal arm64 /Users/clevelandlewis/Desktop/Roots/macOSApp/PlatformAdapters/RootsWindowSizing.swift (in target 'Roots' from project 'RootsApp')
    cd /Users/clevelandlewis/Desktop/Roots
    

SwiftCompile normal arm64 /Users/clevelandlewis/Desktop/Roots/macOSApp/PlatformAdapters/SettingsToolbarIdentifiers.swift (in target 'Roots' from project 'RootsApp')
    cd /Users/clevelandlewis/Desktop/Roots
    

SwiftCompile normal arm64 /Users/clevelandlewis/Desktop/Roots/macOSApp/PlatformAdapters/SettingsWindowController.swift (in target 'Roots' from project 'RootsApp')
    cd /Users/clevelandlewis/Desktop/Roots
    

SwiftCompile normal arm64 /Users/clevelandlewis/Desktop/Roots/macOSApp/PlatformAdapters/SidebarView.swift (in target 'Roots' from project 'RootsApp')
    cd /Users/clevelandlewis/Desktop/Roots
    

SwiftCompile normal arm64 /Users/clevelandlewis/Desktop/Roots/macOSApp/Scenes/AssignmentsPageView.swift (in target 'Roots' from project 'RootsApp')
    cd /Users/clevelandlewis/Desktop/Roots
    

SwiftCompile normal arm64 /Users/clevelandlewis/Desktop/Roots/macOSApp/Scenes/AssignmentsView.swift (in target 'Roots' from project 'RootsApp')
    cd /Users/clevelandlewis/Desktop/Roots
    

SwiftCompile normal arm64 /Users/clevelandlewis/Desktop/Roots/macOSApp/Scenes/ContentView.swift (in target 'Roots' from project 'RootsApp')
    cd /Users/clevelandlewis/Desktop/Roots
    

SwiftCompile normal arm64 /Users/clevelandlewis/Desktop/Roots/macOSApp/Scenes/CoursesDashboardRootView.swift (in target 'Roots' from project 'RootsApp')
    cd /Users/clevelandlewis/Desktop/Roots
    

SwiftEmitModule normal arm64 Emitting\ module\ for\ Roots (in target 'Roots' from project 'RootsApp')
EmitSwiftModule normal arm64 (in target 'Roots' from project 'RootsApp')
    cd /Users/clevelandlewis/Desktop/Roots
    

SwiftCompile normal arm64 Compiling\ GeneralSettingsView.swift,\ InterfaceSettingsView.swift,\ LoadableViewModel.swift,\ PermissionHelpPopup.swift,\ ProfilesSettingsView.swift,\ RecentlyDeletedSemestersView.swift,\ RemindersSettingsView.swift,\ RootDesignPreviewPage.swift,\ SemesterEditView.swift,\ SemestersSettingsView.swift,\ SettingsPane_Interface+Tabs.swift,\ TimerControlsView.swift,\ TimerGraphsView.swift,\ TimerHeaderView.swift,\ TimerView.swift,\ TimerModels.swift,\ AnalyticsService.swift /Users/clevelandlewis/Desktop/Roots/macOSApp/Views/GeneralSettingsView.swift /Users/clevelandlewis/Desktop/Roots/macOSApp/Views/InterfaceSettingsView.swift /Users/clevelandlewis/Desktop/Roots/macOSApp/Views/LoadableViewModel.swift /Users/clevelandlewis/Desktop/Roots/macOSApp/Views/PermissionHelpPopup.swift /Users/clevelandlewis/Desktop/Roots/macOSApp/Views/ProfilesSettingsView.swift /Users/clevelandlewis/Desktop/Roots/macOSApp/Views/RecentlyDeletedSemestersView.swift /Users/clevelandlewis/Desktop/Roots/macOSApp/Views/RemindersSettingsView.swift /Users/clevelandlewis/Desktop/Roots/macOSApp/Views/RootDesignPreviewPage.swift /Users/clevelandlewis/Desktop/Roots/macOSApp/Views/SemesterEditView.swift /Users/clevelandlewis/Desktop/Roots/macOSApp/Views/SemestersSettingsView.swift /Users/clevelandlewis/Desktop/Roots/macOSApp/Views/SettingsPane_Interface+Tabs.swift /Users/clevelandlewis/Desktop/Roots/macOSApp/Views/TimerControlsView.swift /Users/clevelandlewis/Desktop/Roots/macOSApp/Views/TimerGraphsView.swift /Users/clevelandlewis/Desktop/Roots/macOSApp/Views/TimerHeaderView.swift /Users/clevelandlewis/Desktop/Roots/macOSApp/Views/TimerView.swift /Users/clevelandlewis/Desktop/Roots/SharedCore/Models/TimerModels.swift /Users/clevelandlewis/Desktop/Roots/SharedCore/Services/Analytics/AnalyticsService.swift (in target 'Roots' from project 'RootsApp')
Failed frontend command:
/Applications/Xcode.app/Contents/Developer/Toolchains/XcodeDefault.xctoolchain/usr/bin/swift-frontend -frontend -c -filelist /Users/clevelandlewis/Library/Developer/Xcode/DerivedData/RootsApp-avfkhljcwvdejheriduznimnpdhd/Build/Intermediates.noindex/RootsApp.build/Debug-iphonesimulator/Roots.build/Objects-normal/arm64/sources-1 -primary-file /Users/clevelandlewis/Desktop/Roots/macOSApp/Views/GeneralSettingsView.swift -primary-file /Users/clevelandlewis/Desktop/Roots/macOSApp/Views/InterfaceSettingsView.swift -primary-file /Users/clevelandlewis/Desktop/Roots/macOSApp/Views/LoadableViewModel.swift -primary-file /Users/clevelandlewis/Desktop/Roots/macOSApp/Views/PermissionHelpPopup.swift -primary-file /Users/clevelandlewis/Desktop/Roots/macOSApp/Views/ProfilesSettingsView.swift -primary-file /Users/clevelandlewis/Desktop/Roots/macOSApp/Views/RecentlyDeletedSemestersView.swift -primary-file /Users/clevelandlewis/Desktop/Roots/macOSApp/Views/RemindersSettingsView.swift -primary-file /Users/clevelandlewis/Desktop/Roots/macOSApp/Views/RootDesignPreviewPage.swift -primary-file /Users/clevelandlewis/Desktop/Roots/macOSApp/Views/SemesterEditView.swift -primary-file /Users/clevelandlewis/Desktop/Roots/macOSApp/Views/SemestersSettingsView.swift -primary-file /Users/clevelandlewis/Desktop/Roots/macOSApp/Views/SettingsPane_Interface+Tabs.swift -primary-file /Users/clevelandlewis/Desktop/Roots/macOSApp/Views/TimerControlsView.swift -primary-file /Users/clevelandlewis/Desktop/Roots/macOSApp/Views/TimerGraphsView.swift -primary-file /Users/clevelandlewis/Desktop/Roots/macOSApp/Views/TimerHeaderView.swift -primary-file /Users/clevelandlewis/Desktop/Roots/macOSApp/Views/TimerView.swift -primary-file /Users/clevelandlewis/Desktop/Roots/SharedCore/Models/TimerModels.swift -primary-file /Users/clevelandlewis/Desktop/Roots/SharedCore/Services/Analytics/AnalyticsService.swift -supplementary-output-file-map /Users/clevelandlewis/Library/Developer/Xcode/DerivedData/RootsApp-avfkhljcwvdejheriduznimnpdhd/Build/Intermediates.noindex/RootsApp.build/Debug-iphonesimulator/Roots.build/Objects-normal/arm64/supplementaryOutputs-6 -emit-localized-strings -emit-localized-strings-path /Users/clevelandlewis/Library/Developer/Xcode/DerivedData/RootsApp-avfkhljcwvdejheriduznimnpdhd/Build/Intermediates.noindex/RootsApp.build/Debug-iphonesimulator/Roots.build/Objects-normal/arm64 -target arm64-apple-ios26.1-simulator -module-can-import-version Charts 4.1.4 0 -module-can-import-version DeveloperToolsSupport 23.0.4 23.0.4 -module-can-import-version SwiftUI 7.1.13.1 7.1.13 -module-can-import-version UIKit 9126.1.12.1 9126.1.12 -load-resolved-plugin /Applications/Xcode.app/Contents/Developer/Platforms/iPhoneOS.platform/Developer/usr/lib/swift/host/plugins/libFoundationMacros.dylib\#/Applications/Xcode.app/Contents/Developer/Platforms/iPhoneOS.platform/Developer/usr/bin/swift-plugin-server\#FoundationMacros -load-resolved-plugin /Applications/Xcode.app/Contents/Developer/Platforms/iPhoneOS.platform/Developer/usr/lib/swift/host/plugins/libObservationMacros.dylib\#/Applications/Xcode.app/Contents/Developer/Platforms/iPhoneOS.platform/Developer/usr/bin/swift-plugin-server\#ObservationMacros -load-resolved-plugin /Applications/Xcode.app/Contents/Developer/Platforms/iPhoneOS.platform/Developer/usr/lib/swift/host/plugins/libPreviewsMacros.dylib\#/Applications/Xcode.app/Contents/Developer/Platforms/iPhoneOS.platform/Developer/usr/bin/swift-plugin-server\#PreviewsMacros -load-resolved-plugin /Applications/Xcode.app/Contents/Developer/Platforms/iPhoneOS.platform/Developer/usr/lib/swift/host/plugins/libSwiftMacros.dylib\#/Applications/Xcode.app/Contents/Developer/Platforms/iPhoneOS.platform/Developer/usr/bin/swift-plugin-server\#SwiftMacros -load-resolved-plugin /Applications/Xcode.app/Contents/Developer/Platforms/iPhoneOS.platform/Developer/usr/lib/swift/host/plugins/libSwiftUIMacros.dylib\#/Applications/Xcode.app/Contents/Developer/Platforms/iPhoneOS.platform/Developer/usr/bin/swift-plugin-server\#SwiftUIMacros -disable-implicit-swift-modules -Xcc -fno-implicit-modules -Xcc -fno-implicit-module-maps -explicit-swift-module-map-file /Users/clevelandlewis/Library/Developer/Xcode/DerivedData/RootsApp-avfkhljcwvdejheriduznimnpdhd/Build/Intermediates.noindex/RootsApp.build/Debug-iphonesimulator/Roots.build/Objects-normal/arm64/Roots-dependencies-1.json -Xllvm -aarch64-use-tbi -enable-objc-interop -sdk /Applications/Xcode.app/Contents/Developer/Platforms/iPhoneSimulator.platform/Developer/SDKs/iPhoneSimulator26.1.sdk -I /Users/clevelandlewis/Library/Developer/Xcode/DerivedData/RootsApp-avfkhljcwvdejheriduznimnpdhd/Build/Products/Debug-iphonesimulator -F /Users/clevelandlewis/Library/Developer/Xcode/DerivedData/RootsApp-avfkhljcwvdejheriduznimnpdhd/Build/Products/Debug-iphonesimulator -no-color-diagnostics -Xcc -fno-color-diagnostics -enable-testing -g -debug-info-format\=dwarf -dwarf-version\=5 -module-cache-path /Users/clevelandlewis/Library/Developer/Xcode/DerivedData/RootsApp-avfkhljcwvdejheriduznimnpdhd/Build/Intermediates.noindex/SwiftExplicitPrecompiledModules -profile-generate -profile-coverage-mapping -swift-version 5 -enforce-exclusivity\=checked -Onone -D DEBUG -D DISABLE_PREVIEWS -D DISABLE_SWIFTDATA -serialize-debugging-options -const-gather-protocols-file /Users/clevelandlewis/Library/Developer/Xcode/DerivedData/RootsApp-avfkhljcwvdejheriduznimnpdhd/Build/Intermediates.noindex/RootsApp.build/Debug-iphonesimulator/Roots.build/Objects-normal/arm64/Roots_const_extract_protocols.json -enable-upcoming-feature DisableOutwardActorInference -enable-upcoming-feature InferSendableFromCaptures -enable-upcoming-feature GlobalActorIsolatedTypesUsability -enable-upcoming-feature MemberImportVisibility -enable-upcoming-feature InferIsolatedConformances -enable-upcoming-feature NonisolatedNonsendingByDefault -enable-experimental-feature DebugDescriptionMacro -enable-bare-slash-regex -default-isolation\=MainActor -empty-abi-descriptor -validate-clang-modules-once -clang-build-session-file /Users/clevelandlewis/Library/Developer/Xcode/DerivedData/ModuleCache.noindex/Session.modulevalidation -Xcc -working-directory -Xcc /Users/clevelandlewis/Desktop/Roots -enable-anonymous-context-mangled-names -file-compilation-dir /Users/clevelandlewis/Desktop/Roots -Xcc -D_LIBCPP_HARDENING_MODE\=_LIBCPP_HARDENING_MODE_DEBUG -Xcc -ivfsstatcache -Xcc /Users/clevelandlewis/Library/Developer/Xcode/DerivedData/SDKStatCaches.noindex/iphonesimulator26.1-23B77-3885c01c3e6b6a337905948deab2002e90cf18a4295e390e64c810bc6bd7acbc.sdkstatcache -Xcc -I/Users/clevelandlewis/Library/Developer/Xcode/DerivedData/RootsApp-avfkhljcwvdejheriduznimnpdhd/Build/Intermediates.noindex/RootsApp.build/Debug-iphonesimulator/Roots.build/swift-overrides.hmap -Xcc -iquote -Xcc /Users/clevelandlewis/Library/Developer/Xcode/DerivedData/RootsApp-avfkhljcwvdejheriduznimnpdhd/Build/Intermediates.noindex/RootsApp.build/Debug-iphonesimulator/Roots.build/Roots-generated-files.hmap -Xcc -I/Users/clevelandlewis/Library/Developer/Xcode/DerivedData/RootsApp-avfkhljcwvdejheriduznimnpdhd/Build/Intermediates.noindex/RootsApp.build/Debug-iphonesimulator/Roots.build/Roots-own-target-headers.hmap -Xcc -I/Users/clevelandlewis/Library/Developer/Xcode/DerivedData/RootsApp-avfkhljcwvdejheriduznimnpdhd/Build/Intermediates.noindex/RootsApp.build/Debug-iphonesimulator/Roots.build/Roots-all-target-headers.hmap -Xcc -iquote -Xcc /Users/clevelandlewis/Library/Developer/Xcode/DerivedData/RootsApp-avfkhljcwvdejheriduznimnpdhd/Build/Intermediates.noindex/RootsApp.build/Debug-iphonesimulator/Roots.build/Roots-project-headers.hmap -Xcc -I/Users/clevelandlewis/Library/Developer/Xcode/DerivedData/RootsApp-avfkhljcwvdejheriduznimnpdhd/Build/Products/Debug-iphonesimulator/include -Xcc -I/Users/clevelandlewis/Library/Developer/Xcode/DerivedData/RootsApp-avfkhljcwvdejheriduznimnpdhd/Build/Intermediates.noindex/RootsApp.build/Debug-iphonesimulator/Roots.build/DerivedSources-normal/arm64 -Xcc -I/Users/clevelandlewis/Library/Developer/Xcode/DerivedData/RootsApp-avfkhljcwvdejheriduznimnpdhd/Build/Intermediates.noindex/RootsApp.build/Debug-iphonesimulator/Roots.build/DerivedSources/arm64 -Xcc -I/Users/clevelandlewis/Library/Developer/Xcode/DerivedData/RootsApp-avfkhljcwvdejheriduznimnpdhd/Build/Intermediates.noindex/RootsApp.build/Debug-iphonesimulator/Roots.build/DerivedSources -Xcc -DDEBUG\=1 -no-auto-bridging-header-chaining -module-name Roots -frontend-parseable-output -disable-clang-spi -target-sdk-version 26.1 -target-sdk-name iphonesimulator26.1 -clang-target arm64-apple-ios26.1-simulator -in-process-plugin-server-path /Applications/Xcode.app/Contents/Developer/Toolchains/XcodeDefault.xctoolchain/usr/lib/swift/host/libSwiftInProcPluginServer.dylib -o /Users/clevelandlewis/Library/Developer/Xcode/DerivedData/RootsApp-avfkhljcwvdejheriduznimnpdhd/Build/Intermediates.noindex/RootsApp.build/Debug-iphonesimulator/Roots.build/Objects-normal/arm64/GeneralSettingsView.o -o /Users/clevelandlewis/Library/Developer/Xcode/DerivedData/RootsApp-avfkhljcwvdejheriduznimnpdhd/Build/Intermediates.noindex/RootsApp.build/Debug-iphonesimulator/Roots.build/Objects-normal/arm64/InterfaceSettingsView.o -o /Users/clevelandlewis/Library/Developer/Xcode/DerivedData/RootsApp-avfkhljcwvdejheriduznimnpdhd/Build/Intermediates.noindex/RootsApp.build/Debug-iphonesimulator/Roots.build/Objects-normal/arm64/LoadableViewModel.o -o /Users/clevelandlewis/Library/Developer/Xcode/DerivedData/RootsApp-avfkhljcwvdejheriduznimnpdhd/Build/Intermediates.noindex/RootsApp.build/Debug-iphonesimulator/Roots.build/Objects-normal/arm64/PermissionHelpPopup.o -o /Users/clevelandlewis/Library/Developer/Xcode/DerivedData/RootsApp-avfkhljcwvdejheriduznimnpdhd/Build/Intermediates.noindex/RootsApp.build/Debug-iphonesimulator/Roots.build/Objects-normal/arm64/ProfilesSettingsView.o -o /Users/clevelandlewis/Library/Developer/Xcode/DerivedData/RootsApp-avfkhljcwvdejheriduznimnpdhd/Build/Intermediates.noindex/RootsApp.build/Debug-iphonesimulator/Roots.build/Objects-normal/arm64/RecentlyDeletedSemestersView.o -o /Users/clevelandlewis/Library/Developer/Xcode/DerivedData/RootsApp-avfkhljcwvdejheriduznimnpdhd/Build/Intermediates.noindex/RootsApp.build/Debug-iphonesimulator/Roots.build/Objects-normal/arm64/RemindersSettingsView.o -o /Users/clevelandlewis/Library/Developer/Xcode/DerivedData/RootsApp-avfkhljcwvdejheriduznimnpdhd/Build/Intermediates.noindex/RootsApp.build/Debug-iphonesimulator/Roots.build/Objects-normal/arm64/RootDesignPreviewPage.o -o /Users/clevelandlewis/Library/Developer/Xcode/DerivedData/RootsApp-avfkhljcwvdejheriduznimnpdhd/Build/Intermediates.noindex/RootsApp.build/Debug-iphonesimulator/Roots.build/Objects-normal/arm64/SemesterEditView.o -o /Users/clevelandlewis/Library/Developer/Xcode/DerivedData/RootsApp-avfkhljcwvdejheriduznimnpdhd/Build/Intermediates.noindex/RootsApp.build/Debug-iphonesimulator/Roots.build/Objects-normal/arm64/SemestersSettingsView.o -o /Users/clevelandlewis/Library/Developer/Xcode/DerivedData/RootsApp-avfkhljcwvdejheriduznimnpdhd/Build/Intermediates.noindex/RootsApp.build/Debug-iphonesimulator/Roots.build/Objects-normal/arm64/SettingsPane_Interface+Tabs.o -o /Users/clevelandlewis/Library/Developer/Xcode/DerivedData/RootsApp-avfkhljcwvdejheriduznimnpdhd/Build/Intermediates.noindex/RootsApp.build/Debug-iphonesimulator/Roots.build/Objects-normal/arm64/TimerControlsView.o -o /Users/clevelandlewis/Library/Developer/Xcode/DerivedData/RootsApp-avfkhljcwvdejheriduznimnpdhd/Build/Intermediates.noindex/RootsApp.build/Debug-iphonesimulator/Roots.build/Objects-normal/arm64/TimerGraphsView.o -o /Users/clevelandlewis/Library/Developer/Xcode/DerivedData/RootsApp-avfkhljcwvdejheriduznimnpdhd/Build/Intermediates.noindex/RootsApp.build/Debug-iphonesimulator/Roots.build/Objects-normal/arm64/TimerHeaderView.o -o /Users/clevelandlewis/Library/Developer/Xcode/DerivedData/RootsApp-avfkhljcwvdejheriduznimnpdhd/Build/Intermediates.noindex/RootsApp.build/Debug-iphonesimulator/Roots.build/Objects-normal/arm64/TimerView.o -o /Users/clevelandlewis/Library/Developer/Xcode/DerivedData/RootsApp-avfkhljcwvdejheriduznimnpdhd/Build/Intermediates.noindex/RootsApp.build/Debug-iphonesimulator/Roots.build/Objects-normal/arm64/TimerModels.o -o /Users/clevelandlewis/Library/Developer/Xcode/DerivedData/RootsApp-avfkhljcwvdejheriduznimnpdhd/Build/Intermediates.noindex/RootsApp.build/Debug-iphonesimulator/Roots.build/Objects-normal/arm64/AnalyticsService.o -index-unit-output-path /RootsApp.build/Debug-iphonesimulator/Roots.build/Objects-normal/arm64/GeneralSettingsView.o -index-unit-output-path /RootsApp.build/Debug-iphonesimulator/Roots.build/Objects-normal/arm64/InterfaceSettingsView.o -index-unit-output-path /RootsApp.build/Debug-iphonesimulator/Roots.build/Objects-normal/arm64/LoadableViewModel.o -index-unit-output-path /RootsApp.build/Debug-iphonesimulator/Roots.build/Objects-normal/arm64/PermissionHelpPopup.o -index-unit-output-path /RootsApp.build/Debug-iphonesimulator/Roots.build/Objects-normal/arm64/ProfilesSettingsView.o -index-unit-output-path /RootsApp.build/Debug-iphonesimulator/Roots.build/Objects-normal/arm64/RecentlyDeletedSemestersView.o -index-unit-output-path /RootsApp.build/Debug-iphonesimulator/Roots.build/Objects-normal/arm64/RemindersSettingsView.o -index-unit-output-path /RootsApp.build/Debug-iphonesimulator/Roots.build/Objects-normal/arm64/RootDesignPreviewPage.o -index-unit-output-path /RootsApp.build/Debug-iphonesimulator/Roots.build/Objects-normal/arm64/SemesterEditView.o -index-unit-output-path /RootsApp.build/Debug-iphonesimulator/Roots.build/Objects-normal/arm64/SemestersSettingsView.o -index-unit-output-path /RootsApp.build/Debug-iphonesimulator/Roots.build/Objects-normal/arm64/SettingsPane_Interface+Tabs.o -index-unit-output-path /RootsApp.build/Debug-iphonesimulator/Roots.build/Objects-normal/arm64/TimerControlsView.o -index-unit-output-path /RootsApp.build/Debug-iphonesimulator/Roots.build/Objects-normal/arm64/TimerGraphsView.o -index-unit-output-path /RootsApp.build/Debug-iphonesimulator/Roots.build/Objects-normal/arm64/TimerHeaderView.o -index-unit-output-path /RootsApp.build/Debug-iphonesimulator/Roots.build/Objects-normal/arm64/TimerView.o -index-unit-output-path /RootsApp.build/Debug-iphonesimulator/Roots.build/Objects-normal/arm64/TimerModels.o -index-unit-output-path /RootsApp.build/Debug-iphonesimulator/Roots.build/Objects-normal/arm64/AnalyticsService.o -index-store-path /Users/clevelandlewis/Library/Developer/Xcode/DerivedData/RootsApp-avfkhljcwvdejheriduznimnpdhd/Index.noindex/DataStore -index-system-modules

SwiftCompile normal arm64 /Users/clevelandlewis/Desktop/Roots/macOSApp/Views/GeneralSettingsView.swift (in target 'Roots' from project 'RootsApp')
    cd /Users/clevelandlewis/Desktop/Roots
    

SwiftCompile normal arm64 /Users/clevelandlewis/Desktop/Roots/macOSApp/Views/InterfaceSettingsView.swift (in target 'Roots' from project 'RootsApp')
    cd /Users/clevelandlewis/Desktop/Roots
    

SwiftCompile normal arm64 /Users/clevelandlewis/Desktop/Roots/macOSApp/Views/LoadableViewModel.swift (in target 'Roots' from project 'RootsApp')
    cd /Users/clevelandlewis/Desktop/Roots
    

SwiftCompile normal arm64 /Users/clevelandlewis/Desktop/Roots/macOSApp/Views/PermissionHelpPopup.swift (in target 'Roots' from project 'RootsApp')
    cd /Users/clevelandlewis/Desktop/Roots
    

SwiftCompile normal arm64 /Users/clevelandlewis/Desktop/Roots/macOSApp/Views/ProfilesSettingsView.swift (in target 'Roots' from project 'RootsApp')
    cd /Users/clevelandlewis/Desktop/Roots
    

SwiftCompile normal arm64 /Users/clevelandlewis/Desktop/Roots/macOSApp/Views/RecentlyDeletedSemestersView.swift (in target 'Roots' from project 'RootsApp')
    cd /Users/clevelandlewis/Desktop/Roots
    

SwiftCompile normal arm64 /Users/clevelandlewis/Desktop/Roots/macOSApp/Views/RemindersSettingsView.swift (in target 'Roots' from project 'RootsApp')
    cd /Users/clevelandlewis/Desktop/Roots
    
/Users/clevelandlewis/Desktop/Roots/macOSApp/Views/RemindersSettingsView.swift:35:43: error: 'link' is unavailable in iOS
                            .buttonStyle(.link)
                                          ^~~~
SwiftUI.PrimitiveButtonStyle.link:2:46: note: 'link' has been explicitly marked unavailable here
@MainActor @preconcurrency public static var link: LinkButtonStyle { get }}
                                             ^
/Users/clevelandlewis/Desktop/Roots/macOSApp/Views/RemindersSettingsView.swift:49:64: error: initializer for conditional binding must have Optional type, not 'NSColor' (aka 'UIColor')
                                if let cgColor = list.cgColor, let nsColor = NSColor(cgColor: cgColor) {
                                                               ^             ~~~~~~~~~~~~~~~~~~~~~~~~~

SwiftCompile normal arm64 /Users/clevelandlewis/Desktop/Roots/macOSApp/Views/RootDesignPreviewPage.swift (in target 'Roots' from project 'RootsApp')
    cd /Users/clevelandlewis/Desktop/Roots
    

SwiftCompile normal arm64 /Users/clevelandlewis/Desktop/Roots/macOSApp/Views/SemesterEditView.swift (in target 'Roots' from project 'RootsApp')
    cd /Users/clevelandlewis/Desktop/Roots
    

SwiftCompile normal arm64 /Users/clevelandlewis/Desktop/Roots/macOSApp/Views/SemestersSettingsView.swift (in target 'Roots' from project 'RootsApp')
    cd /Users/clevelandlewis/Desktop/Roots
    

SwiftCompile normal arm64 /Users/clevelandlewis/Desktop/Roots/macOSApp/Views/SettingsPane_Interface+Tabs.swift (in target 'Roots' from project 'RootsApp')
    cd /Users/clevelandlewis/Desktop/Roots
    

SwiftCompile normal arm64 /Users/clevelandlewis/Desktop/Roots/macOSApp/Views/TimerControlsView.swift (in target 'Roots' from project 'RootsApp')
    cd /Users/clevelandlewis/Desktop/Roots
    

SwiftCompile normal arm64 /Users/clevelandlewis/Desktop/Roots/macOSApp/Views/TimerGraphsView.swift (in target 'Roots' from project 'RootsApp')
    cd /Users/clevelandlewis/Desktop/Roots
    

SwiftCompile normal arm64 /Users/clevelandlewis/Desktop/Roots/macOSApp/Views/TimerHeaderView.swift (in target 'Roots' from project 'RootsApp')
    cd /Users/clevelandlewis/Desktop/Roots
    

SwiftCompile normal arm64 /Users/clevelandlewis/Desktop/Roots/macOSApp/Views/TimerView.swift (in target 'Roots' from project 'RootsApp')
    cd /Users/clevelandlewis/Desktop/Roots
    

SwiftCompile normal arm64 /Users/clevelandlewis/Desktop/Roots/SharedCore/Models/TimerModels.swift (in target 'Roots' from project 'RootsApp')
    cd /Users/clevelandlewis/Desktop/Roots
    

SwiftCompile normal arm64 /Users/clevelandlewis/Desktop/Roots/SharedCore/Services/Analytics/AnalyticsService.swift (in target 'Roots' from project 'RootsApp')
    cd /Users/clevelandlewis/Desktop/Roots
    

SwiftCompile normal arm64 Compiling\ PlannerEngine.swift,\ PlannerService+Generation.swift,\ SemesterPicker.swift,\ SensoryFeedback.swift,\ SettingsPane_Accounts.swift,\ SettingsPane_Appearance.swift,\ SettingsPane_Flashcards.swift,\ SettingsPane_General.swift,\ SettingsPane_Interface.swift,\ SettingsPane_Interface+QuickActions.swift,\ SyllabusParser.swift,\ TimerManager.swift,\ UIStubs.swift,\ AppModel.swift,\ AppPreferences.swift,\ AppSettingsModel.swift,\ PlatformStubs.swift /Users/clevelandlewis/Desktop/Roots/SharedCore/Services/FeatureServices/PlannerEngine.swift /Users/clevelandlewis/Desktop/Roots/SharedCore/Services/FeatureServices/PlannerService+Generation.swift /Users/clevelandlewis/Desktop/Roots/SharedCore/Services/FeatureServices/SemesterPicker.swift /Users/clevelandlewis/Desktop/Roots/SharedCore/Services/FeatureServices/SensoryFeedback.swift /Users/clevelandlewis/Desktop/Roots/SharedCore/Services/FeatureServices/SettingsPane_Accounts.swift /Users/clevelandlewis/Desktop/Roots/SharedCore/Services/FeatureServices/SettingsPane_Appearance.swift /Users/clevelandlewis/Desktop/Roots/SharedCore/Services/FeatureServices/SettingsPane_Flashcards.swift /Users/clevelandlewis/Desktop/Roots/SharedCore/Services/FeatureServices/SettingsPane_General.swift /Users/clevelandlewis/Desktop/Roots/SharedCore/Services/FeatureServices/SettingsPane_Interface.swift /Users/clevelandlewis/Desktop/Roots/SharedCore/Services/FeatureServices/SettingsPane_Interface+QuickActions.swift /Users/clevelandlewis/Desktop/Roots/SharedCore/Services/FeatureServices/SyllabusParser.swift /Users/clevelandlewis/Desktop/Roots/SharedCore/Services/FeatureServices/TimerManager.swift /Users/clevelandlewis/Desktop/Roots/SharedCore/Services/FeatureServices/UIStubs.swift /Users/clevelandlewis/Desktop/Roots/SharedCore/State/AppModel.swift /Users/clevelandlewis/Desktop/Roots/SharedCore/State/AppPreferences.swift /Users/clevelandlewis/Desktop/Roots/SharedCore/State/AppSettingsModel.swift /Users/clevelandlewis/Desktop/Roots/SharedCore/PlatformStubs.swift (in target 'Roots' from project 'RootsApp')

SwiftCompile normal arm64 /Users/clevelandlewis/Desktop/Roots/SharedCore/Services/FeatureServices/PlannerEngine.swift (in target 'Roots' from project 'RootsApp')
    cd /Users/clevelandlewis/Desktop/Roots
    

SwiftCompile normal arm64 /Users/clevelandlewis/Desktop/Roots/SharedCore/Services/FeatureServices/PlannerService+Generation.swift (in target 'Roots' from project 'RootsApp')
    cd /Users/clevelandlewis/Desktop/Roots
    

SwiftCompile normal arm64 /Users/clevelandlewis/Desktop/Roots/SharedCore/Services/FeatureServices/SemesterPicker.swift (in target 'Roots' from project 'RootsApp')
    cd /Users/clevelandlewis/Desktop/Roots
    

SwiftCompile normal arm64 /Users/clevelandlewis/Desktop/Roots/SharedCore/Services/FeatureServices/SensoryFeedback.swift (in target 'Roots' from project 'RootsApp')
    cd /Users/clevelandlewis/Desktop/Roots
    

SwiftCompile normal arm64 /Users/clevelandlewis/Desktop/Roots/SharedCore/Services/FeatureServices/SettingsPane_Accounts.swift (in target 'Roots' from project 'RootsApp')
    cd /Users/clevelandlewis/Desktop/Roots
    

SwiftCompile normal arm64 /Users/clevelandlewis/Desktop/Roots/SharedCore/Services/FeatureServices/SettingsPane_Appearance.swift (in target 'Roots' from project 'RootsApp')
    cd /Users/clevelandlewis/Desktop/Roots
    

SwiftCompile normal arm64 /Users/clevelandlewis/Desktop/Roots/SharedCore/Services/FeatureServices/SettingsPane_Flashcards.swift (in target 'Roots' from project 'RootsApp')
    cd /Users/clevelandlewis/Desktop/Roots
    

SwiftCompile normal arm64 /Users/clevelandlewis/Desktop/Roots/SharedCore/Services/FeatureServices/SettingsPane_General.swift (in target 'Roots' from project 'RootsApp')
    cd /Users/clevelandlewis/Desktop/Roots
    

SwiftCompile normal arm64 /Users/clevelandlewis/Desktop/Roots/SharedCore/Services/FeatureServices/SettingsPane_Interface.swift (in target 'Roots' from project 'RootsApp')
    cd /Users/clevelandlewis/Desktop/Roots
    

SwiftCompile normal arm64 /Users/clevelandlewis/Desktop/Roots/SharedCore/Services/FeatureServices/SettingsPane_Interface+QuickActions.swift (in target 'Roots' from project 'RootsApp')
    cd /Users/clevelandlewis/Desktop/Roots
    

SwiftCompile normal arm64 /Users/clevelandlewis/Desktop/Roots/SharedCore/Services/FeatureServices/SyllabusParser.swift (in target 'Roots' from project 'RootsApp')
    cd /Users/clevelandlewis/Desktop/Roots
    

SwiftCompile normal arm64 /Users/clevelandlewis/Desktop/Roots/SharedCore/Services/FeatureServices/TimerManager.swift (in target 'Roots' from project 'RootsApp')
    cd /Users/clevelandlewis/Desktop/Roots
    

SwiftCompile normal arm64 /Users/clevelandlewis/Desktop/Roots/SharedCore/Services/FeatureServices/UIStubs.swift (in target 'Roots' from project 'RootsApp')
    cd /Users/clevelandlewis/Desktop/Roots
    

SwiftCompile normal arm64 /Users/clevelandlewis/Desktop/Roots/SharedCore/State/AppModel.swift (in target 'Roots' from project 'RootsApp')
    cd /Users/clevelandlewis/Desktop/Roots
    

SwiftCompile normal arm64 /Users/clevelandlewis/Desktop/Roots/SharedCore/State/AppPreferences.swift (in target 'Roots' from project 'RootsApp')
    cd /Users/clevelandlewis/Desktop/Roots
    

SwiftCompile normal arm64 /Users/clevelandlewis/Desktop/Roots/SharedCore/State/AppSettingsModel.swift (in target 'Roots' from project 'RootsApp')
    cd /Users/clevelandlewis/Desktop/Roots
    

SwiftCompile normal arm64 /Users/clevelandlewis/Desktop/Roots/SharedCore/PlatformStubs.swift (in target 'Roots' from project 'RootsApp')
    cd /Users/clevelandlewis/Desktop/Roots
    

SwiftCompile normal arm64 Compiling\ AppDebugger.swift,\ AttachmentManager.swift,\ AutoScheduler.swift,\ BounceOnTap.swift,\ CalendarManager.swift,\ Color+Hex.swift,\ CoursesDashboardDetail.swift,\ CoursesDashboardFloatingNav.swift,\ CoursesDashboardSidebar.swift,\ DateDaySelector.swift,\ DeveloperIntegrationExamples.swift,\ DeveloperSettings.swift,\ FlashcardManager.swift,\ GradeCalculator.swift,\ HapticsManager.swift,\ NotificationManager.swift,\ PerformanceMonitor.swift /Users/clevelandlewis/Desktop/Roots/SharedCore/Services/FeatureServices/AppDebugger.swift /Users/clevelandlewis/Desktop/Roots/SharedCore/Services/FeatureServices/AttachmentManager.swift /Users/clevelandlewis/Desktop/Roots/SharedCore/Services/FeatureServices/AutoScheduler.swift /Users/clevelandlewis/Desktop/Roots/SharedCore/Services/FeatureServices/BounceOnTap.swift /Users/clevelandlewis/Desktop/Roots/SharedCore/Services/FeatureServices/CalendarManager.swift /Users/clevelandlewis/Desktop/Roots/SharedCore/Services/FeatureServices/Color+Hex.swift /Users/clevelandlewis/Desktop/Roots/SharedCore/Services/FeatureServices/CoursesDashboardDetail.swift /Users/clevelandlewis/Desktop/Roots/SharedCore/Services/FeatureServices/CoursesDashboardFloatingNav.swift /Users/clevelandlewis/Desktop/Roots/SharedCore/Services/FeatureServices/CoursesDashboardSidebar.swift /Users/clevelandlewis/Desktop/Roots/SharedCore/Services/FeatureServices/DateDaySelector.swift /Users/clevelandlewis/Desktop/Roots/SharedCore/Services/FeatureServices/DeveloperIntegrationExamples.swift /Users/clevelandlewis/Desktop/Roots/SharedCore/Services/FeatureServices/DeveloperSettings.swift /Users/clevelandlewis/Desktop/Roots/SharedCore/Services/FeatureServices/FlashcardManager.swift /Users/clevelandlewis/Desktop/Roots/SharedCore/Services/FeatureServices/GradeCalculator.swift /Users/clevelandlewis/Desktop/Roots/SharedCore/Services/FeatureServices/HapticsManager.swift /Users/clevelandlewis/Desktop/Roots/SharedCore/Services/FeatureServices/NotificationManager.swift /Users/clevelandlewis/Desktop/Roots/SharedCore/Services/FeatureServices/PerformanceMonitor.swift (in target 'Roots' from project 'RootsApp')

** BUILD FAILED **


The following build commands failed:
	SwiftCompile normal arm64 Compiling\ GeneralSettingsView.swift,\ InterfaceSettingsView.swift,\ LoadableViewModel.swift,\ PermissionHelpPopup.swift,\ ProfilesSettingsView.swift,\ RecentlyDeletedSemestersView.swift,\ RemindersSettingsView.swift,\ RootDesignPreviewPage.swift,\ SemesterEditView.swift,\ SemestersSettingsView.swift,\ SettingsPane_Interface+Tabs.swift,\ TimerControlsView.swift,\ TimerGraphsView.swift,\ TimerHeaderView.swift,\ TimerView.swift,\ TimerModels.swift,\ AnalyticsService.swift /Users/clevelandlewis/Desktop/Roots/macOSApp/Views/GeneralSettingsView.swift /Users/clevelandlewis/Desktop/Roots/macOSApp/Views/InterfaceSettingsView.swift /Users/clevelandlewis/Desktop/Roots/macOSApp/Views/LoadableViewModel.swift /Users/clevelandlewis/Desktop/Roots/macOSApp/Views/PermissionHelpPopup.swift /Users/clevelandlewis/Desktop/Roots/macOSApp/Views/ProfilesSettingsView.swift /Users/clevelandlewis/Desktop/Roots/macOSApp/Views/RecentlyDeletedSemestersView.swift /Users/clevelandlewis/Desktop/Roots/macOSApp/Views/RemindersSettingsView.swift /Users/clevelandlewis/Desktop/Roots/macOSApp/Views/RootDesignPreviewPage.swift /Users/clevelandlewis/Desktop/Roots/macOSApp/Views/SemesterEditView.swift /Users/clevelandlewis/Desktop/Roots/macOSApp/Views/SemestersSettingsView.swift /Users/clevelandlewis/Desktop/Roots/macOSApp/Views/SettingsPane_Interface+Tabs.swift /Users/clevelandlewis/Desktop/Roots/macOSApp/Views/TimerControlsView.swift /Users/clevelandlewis/Desktop/Roots/macOSApp/Views/TimerGraphsView.swift /Users/clevelandlewis/Desktop/Roots/macOSApp/Views/TimerHeaderView.swift /Users/clevelandlewis/Desktop/Roots/macOSApp/Views/TimerView.swift /Users/clevelandlewis/Desktop/Roots/SharedCore/Models/TimerModels.swift /Users/clevelandlewis/Desktop/Roots/SharedCore/Services/Analytics/AnalyticsService.swift (in target 'Roots' from project 'RootsApp')
	SwiftCompile normal arm64 /Users/clevelandlewis/Desktop/Roots/macOSApp/Views/RemindersSettingsView.swift (in target 'Roots' from project 'RootsApp')
	Building project RootsApp with scheme Roots and configuration Debug
(3 failures)
