Command line invocation:
    /Applications/Xcode.app/Contents/Developer/usr/bin/xcodebuild -scheme Roots -project Roots.xcodeproj -configuration Debug build

ComputePackagePrebuildTargetDependencyGraph

Prepare packages

CreateBuildRequest

SendProjectDescription

CreateBuildOperation

ComputeTargetDependencyGraph
note: Building targets in dependency order
note: Target dependency graph (1 target)
    Target 'Roots' in project 'Roots' (no dependencies)

GatherProvisioningInputs

CreateBuildDescription

ExecuteExternalTool /Applications/Xcode.app/Contents/Developer/Toolchains/XcodeDefault.xctoolchain/usr/bin/clang -v -E -dM -isysroot /Applications/Xcode.app/Contents/Developer/Platforms/MacOSX.platform/Developer/SDKs/MacOSX26.1.sdk -x c -c /dev/null

ExecuteExternalTool /Applications/Xcode.app/Contents/Developer/usr/bin/actool --version --output-format xml1

ExecuteExternalTool /Applications/Xcode.app/Contents/Developer/Toolchains/XcodeDefault.xctoolchain/usr/bin/swiftc --version

ExecuteExternalTool /Applications/Xcode.app/Contents/Developer/Toolchains/XcodeDefault.xctoolchain/usr/bin/ld -version_details

Build description signature: bfc1af0668b56ec769afcc69484ca1e2
Build description path: /Users/clevelandlewis/Library/Developer/Xcode/DerivedData/Roots-gevhpbduqwkhrjccazmpeopgipgn/Build/Intermediates.noindex/XCBuildData/bfc1af0668b56ec769afcc69484ca1e2.xcbuilddata
ClangStatCache /Applications/Xcode.app/Contents/Developer/Toolchains/XcodeDefault.xctoolchain/usr/bin/clang-stat-cache /Applications/Xcode.app/Contents/Developer/Platforms/MacOSX.platform/Developer/SDKs/MacOSX26.1.sdk /Users/clevelandlewis/Library/Developer/Xcode/DerivedData/SDKStatCaches.noindex/macosx26.1-25B74-3885c01c3e6b6a337905948deab2002e3ae1261907bdadc328169391a47051a6.sdkstatcache
    cd /Users/clevelandlewis/Desktop/Roots/Roots/Roots.xcodeproj
    /Applications/Xcode.app/Contents/Developer/Toolchains/XcodeDefault.xctoolchain/usr/bin/clang-stat-cache /Applications/Xcode.app/Contents/Developer/Platforms/MacOSX.platform/Developer/SDKs/MacOSX26.1.sdk -o /Users/clevelandlewis/Library/Developer/Xcode/DerivedData/SDKStatCaches.noindex/macosx26.1-25B74-3885c01c3e6b6a337905948deab2002e3ae1261907bdadc328169391a47051a6.sdkstatcache

SwiftDriver Roots normal arm64 com.apple.xcode.tools.swift.compiler (in target 'Roots' from project 'Roots')
    cd /Users/clevelandlewis/Desktop/Roots/Roots
    builtin-SwiftDriver -- /Applications/Xcode.app/Contents/Developer/Toolchains/XcodeDefault.xctoolchain/usr/bin/swiftc -module-name Roots -Onone -enforce-exclusivity\=checked @/Users/clevelandlewis/Library/Developer/Xcode/DerivedData/Roots-gevhpbduqwkhrjccazmpeopgipgn/Build/Intermediates.noindex/Roots.build/Debug/Roots.build/Objects-normal/arm64/Roots.SwiftFileList -DDEBUG -default-isolation\=MainActor -enable-bare-slash-regex -enable-upcoming-feature DisableOutwardActorInference -enable-upcoming-feature InferSendableFromCaptures -enable-upcoming-feature GlobalActorIsolatedTypesUsability -enable-upcoming-feature MemberImportVisibility -enable-upcoming-feature InferIsolatedConformances -enable-upcoming-feature NonisolatedNonsendingByDefault -enable-experimental-feature DebugDescriptionMacro -sdk /Applications/Xcode.app/Contents/Developer/Platforms/MacOSX.platform/Developer/SDKs/MacOSX26.1.sdk -target arm64-apple-macos26.1 -g -module-cache-path /Users/clevelandlewis/Library/Developer/Xcode/DerivedData/ModuleCache.noindex -Xfrontend -serialize-debugging-options -profile-coverage-mapping -profile-generate -enable-testing -index-store-path /Users/clevelandlewis/Library/Developer/Xcode/DerivedData/Roots-gevhpbduqwkhrjccazmpeopgipgn/Index.noindex/DataStore -Xcc -D_LIBCPP_HARDENING_MODE\=_LIBCPP_HARDENING_MODE_DEBUG -swift-version 5 -I /Users/clevelandlewis/Library/Developer/Xcode/DerivedData/Roots-gevhpbduqwkhrjccazmpeopgipgn/Build/Products/Debug -F /Users/clevelandlewis/Library/Developer/Xcode/DerivedData/Roots-gevhpbduqwkhrjccazmpeopgipgn/Build/Products/Debug -emit-localized-strings -emit-localized-strings-path /Users/clevelandlewis/Library/Developer/Xcode/DerivedData/Roots-gevhpbduqwkhrjccazmpeopgipgn/Build/Intermediates.noindex/Roots.build/Debug/Roots.build/Objects-normal/arm64 -c -j8 -enable-batch-mode -incremental -Xcc -ivfsstatcache -Xcc /Users/clevelandlewis/Library/Developer/Xcode/DerivedData/SDKStatCaches.noindex/macosx26.1-25B74-3885c01c3e6b6a337905948deab2002e3ae1261907bdadc328169391a47051a6.sdkstatcache -output-file-map /Users/clevelandlewis/Library/Developer/Xcode/DerivedData/Roots-gevhpbduqwkhrjccazmpeopgipgn/Build/Intermediates.noindex/Roots.build/Debug/Roots.build/Objects-normal/arm64/Roots-OutputFileMap.json -use-frontend-parseable-output -save-temps -no-color-diagnostics -explicit-module-build -module-cache-path /Users/clevelandlewis/Library/Developer/Xcode/DerivedData/Roots-gevhpbduqwkhrjccazmpeopgipgn/Build/Intermediates.noindex/SwiftExplicitPrecompiledModules -clang-scanner-module-cache-path /Users/clevelandlewis/Library/Developer/Xcode/DerivedData/ModuleCache.noindex -sdk-module-cache-path /Users/clevelandlewis/Library/Developer/Xcode/DerivedData/ModuleCache.noindex -serialize-diagnostics -emit-dependencies -emit-module -emit-module-path /Users/clevelandlewis/Library/Developer/Xcode/DerivedData/Roots-gevhpbduqwkhrjccazmpeopgipgn/Build/Intermediates.noindex/Roots.build/Debug/Roots.build/Objects-normal/arm64/Roots.swiftmodule -validate-clang-modules-once -clang-build-session-file /Users/clevelandlewis/Library/Developer/Xcode/DerivedData/ModuleCache.noindex/Session.modulevalidation -Xcc -I/Users/clevelandlewis/Library/Developer/Xcode/DerivedData/Roots-gevhpbduqwkhrjccazmpeopgipgn/Build/Intermediates.noindex/Roots.build/Debug/Roots.build/swift-overrides.hmap -emit-const-values -Xfrontend -const-gather-protocols-file -Xfrontend /Users/clevelandlewis/Library/Developer/Xcode/DerivedData/Roots-gevhpbduqwkhrjccazmpeopgipgn/Build/Intermediates.noindex/Roots.build/Debug/Roots.build/Objects-normal/arm64/Roots_const_extract_protocols.json -Xcc -iquote -Xcc /Users/clevelandlewis/Library/Developer/Xcode/DerivedData/Roots-gevhpbduqwkhrjccazmpeopgipgn/Build/Intermediates.noindex/Roots.build/Debug/Roots.build/Roots-generated-files.hmap -Xcc -I/Users/clevelandlewis/Library/Developer/Xcode/DerivedData/Roots-gevhpbduqwkhrjccazmpeopgipgn/Build/Intermediates.noindex/Roots.build/Debug/Roots.build/Roots-own-target-headers.hmap -Xcc -I/Users/clevelandlewis/Library/Developer/Xcode/DerivedData/Roots-gevhpbduqwkhrjccazmpeopgipgn/Build/Intermediates.noindex/Roots.build/Debug/Roots.build/Roots-all-target-headers.hmap -Xcc -iquote -Xcc /Users/clevelandlewis/Library/Developer/Xcode/DerivedData/Roots-gevhpbduqwkhrjccazmpeopgipgn/Build/Intermediates.noindex/Roots.build/Debug/Roots.build/Roots-project-headers.hmap -Xcc -I/Users/clevelandlewis/Library/Developer/Xcode/DerivedData/Roots-gevhpbduqwkhrjccazmpeopgipgn/Build/Products/Debug/include -Xcc -I/Users/clevelandlewis/Library/Developer/Xcode/DerivedData/Roots-gevhpbduqwkhrjccazmpeopgipgn/Build/Intermediates.noindex/Roots.build/Debug/Roots.build/DerivedSources-normal/arm64 -Xcc -I/Users/clevelandlewis/Library/Developer/Xcode/DerivedData/Roots-gevhpbduqwkhrjccazmpeopgipgn/Build/Intermediates.noindex/Roots.build/Debug/Roots.build/DerivedSources/arm64 -Xcc -I/Users/clevelandlewis/Library/Developer/Xcode/DerivedData/Roots-gevhpbduqwkhrjccazmpeopgipgn/Build/Intermediates.noindex/Roots.build/Debug/Roots.build/DerivedSources -Xcc -DDEBUG\=1 -emit-objc-header -emit-objc-header-path /Users/clevelandlewis/Library/Developer/Xcode/DerivedData/Roots-gevhpbduqwkhrjccazmpeopgipgn/Build/Intermediates.noindex/Roots.build/Debug/Roots.build/Objects-normal/arm64/Roots-Swift.h -working-directory /Users/clevelandlewis/Desktop/Roots/Roots -experimental-emit-module-separately -disable-cmo

ProcessInfoPlistFile /Users/clevelandlewis/Library/Developer/Xcode/DerivedData/Roots-gevhpbduqwkhrjccazmpeopgipgn/Build/Products/Debug/Roots.app/Contents/Info.plist /Users/clevelandlewis/Library/Developer/Xcode/DerivedData/Roots-gevhpbduqwkhrjccazmpeopgipgn/Build/Intermediates.noindex/Roots.build/Debug/Roots.build/empty-Roots.plist (in target 'Roots' from project 'Roots')
    cd /Users/clevelandlewis/Desktop/Roots/Roots
    builtin-infoPlistUtility /Users/clevelandlewis/Library/Developer/Xcode/DerivedData/Roots-gevhpbduqwkhrjccazmpeopgipgn/Build/Intermediates.noindex/Roots.build/Debug/Roots.build/empty-Roots.plist -producttype com.apple.product-type.application -genpkginfo /Users/clevelandlewis/Library/Developer/Xcode/DerivedData/Roots-gevhpbduqwkhrjccazmpeopgipgn/Build/Products/Debug/Roots.app/Contents/PkgInfo -expandbuildsettings -platform macosx -additionalcontentfile /Users/clevelandlewis/Library/Developer/Xcode/DerivedData/Roots-gevhpbduqwkhrjccazmpeopgipgn/Build/Intermediates.noindex/Roots.build/Debug/Roots.build/assetcatalog_generated_info.plist -o /Users/clevelandlewis/Library/Developer/Xcode/DerivedData/Roots-gevhpbduqwkhrjccazmpeopgipgn/Build/Products/Debug/Roots.app/Contents/Info.plist

SwiftEmitModule normal arm64 Emitting\ module\ for\ Roots (in target 'Roots' from project 'Roots')

EmitSwiftModule normal arm64 (in target 'Roots' from project 'Roots')
    cd /Users/clevelandlewis/Desktop/Roots/Roots
    

SwiftCompile normal arm64 Compiling\ ChartViewVerticalStacked.swift /Users/clevelandlewis/Desktop/Roots/Roots/Roots/ChartViewVerticalStacked.swift (in target 'Roots' from project 'Roots')
SwiftCompile normal arm64 /Users/clevelandlewis/Desktop/Roots/Roots/Roots/ChartViewVerticalStacked.swift (in target 'Roots' from project 'Roots')
    cd /Users/clevelandlewis/Desktop/Roots/Roots
    
/Users/clevelandlewis/Desktop/Roots/Roots/Roots/ChartViewVerticalStacked.swift:124:100: error: cannot convert value of type 'String.Type' to expected argument type '(X, Y).Type'
                if let xValue: String = proxy.value(at: CGPoint(x: location.x, y: location.y), as: String.self) {
                                                                                                   ^
/Users/clevelandlewis/Desktop/Roots/Roots/Roots/ChartViewVerticalStacked.swift:124:47: error: cannot assign value of type '(X, Y)?' to type 'String?'
                if let xValue: String = proxy.value(at: CGPoint(x: location.x, y: location.y), as: String.self) {
                                              ^
/Users/clevelandlewis/Desktop/Roots/Roots/Roots/ChartViewVerticalStacked.swift:124:47: note: arguments to generic parameter 'Wrapped' ('(X, Y)' and 'String') are expected to be equal
                if let xValue: String = proxy.value(at: CGPoint(x: location.x, y: location.y), as: String.self) {
                                              ^
/Users/clevelandlewis/Desktop/Roots/Roots/Roots/ChartViewVerticalStacked.swift:124:47: error: generic parameter 'X' could not be inferred
                if let xValue: String = proxy.value(at: CGPoint(x: location.x, y: location.y), as: String.self) {
                                              ^
/Users/clevelandlewis/Desktop/Roots/Roots/Roots/ChartViewVerticalStacked.swift:124:47: error: generic parameter 'Y' could not be inferred
                if let xValue: String = proxy.value(at: CGPoint(x: location.x, y: location.y), as: String.self) {
                                              ^
Charts.ChartProxy.value:2:13: note: in call to function 'value(at:as:)'
public func value<X, Y>(at position: CGPoint, as: (X, Y).Type = (X, Y).self) -> (X, Y)? where X : Plottable, Y : Plottable}
            ^

Failed frontend command:
/Applications/Xcode.app/Contents/Developer/Toolchains/XcodeDefault.xctoolchain/usr/bin/swift-frontend -frontend -c /Users/clevelandlewis/Desktop/Roots/Roots/Roots/ActivityEditorView.swift /Users/clevelandlewis/Desktop/Roots/Roots/Roots/ActivityListView.swift /Users/clevelandlewis/Desktop/Roots/Roots/Roots/AdaptiveSchedulerTests.swift /Users/clevelandlewis/Desktop/Roots/Roots/Roots/AddAssignmentView.swift /Users/clevelandlewis/Desktop/Roots/Roots/Roots/AddCourseSheet.swift /Users/clevelandlewis/Desktop/Roots/Roots/Roots/AddEditCourseView.swift /Users/clevelandlewis/Desktop/Roots/Roots/Roots/AddSemesterSheet.swift /Users/clevelandlewis/Desktop/Roots/Roots/Roots/AIScheduler.swift /Users/clevelandlewis/Desktop/Roots/Roots/Roots/AISchedulerTests.swift /Users/clevelandlewis/Desktop/Roots/Roots/Roots/AnyButtonStyle.swift /Users/clevelandlewis/Desktop/Roots/Roots/Roots/AppCard.swift /Users/clevelandlewis/Desktop/Roots/Roots/Roots/AppCommands.swift /Users/clevelandlewis/Desktop/Roots/Roots/Roots/AppModel.swift /Users/clevelandlewis/Desktop/Roots/Roots/Roots/AppPage.swift /Users/clevelandlewis/Desktop/Roots/Roots/Roots/AppSettingsModel.swift /Users/clevelandlewis/Desktop/Roots/Roots/Roots/AssignmentRow.swift /Users/clevelandlewis/Desktop/Roots/Roots/Roots/AssignmentsPageView.swift /Users/clevelandlewis/Desktop/Roots/Roots/Roots/AssignmentsStore.swift /Users/clevelandlewis/Desktop/Roots/Roots/Roots/AssignmentsView.swift /Users/clevelandlewis/Desktop/Roots/Roots/Roots/AssignmentsView2.swift /Users/clevelandlewis/Desktop/Roots/Roots/Roots/BounceOnTap.swift /Users/clevelandlewis/Desktop/Roots/Roots/Roots/CalendarDayCell.swift /Users/clevelandlewis/Desktop/Roots/Roots/Roots/CalendarManager.swift /Users/clevelandlewis/Desktop/Roots/Roots/Roots/CalendarPageView.swift /Users/clevelandlewis/Desktop/Roots/Roots/Roots/CardGrid.swift -primary-file /Users/clevelandlewis/Desktop/Roots/Roots/Roots/ChartViewVerticalStacked.swift /Users/clevelandlewis/Desktop/Roots/Roots/Roots/ContentView.swift /Users/clevelandlewis/Desktop/Roots/Roots/Roots/CourseDetailView.swift /Users/clevelandlewis/Desktop/Roots/Roots/Roots/CourseModels.swift /Users/clevelandlewis/Desktop/Roots/Roots/Roots/CoursesPageView.swift /Users/clevelandlewis/Desktop/Roots/Roots/Roots/CoursesStore.swift /Users/clevelandlewis/Desktop/Roots/Roots/Roots/CoursesView.swift /Users/clevelandlewis/Desktop/Roots/Roots/Roots/CurrentActivityView.swift /Users/clevelandlewis/Desktop/Roots/Roots/Roots/DashboardView.swift /Users/clevelandlewis/Desktop/Roots/Roots/Roots/DesignCard.swift /Users/clevelandlewis/Desktop/Roots/Roots/Roots/DesignPage.swift /Users/clevelandlewis/Desktop/Roots/Roots/Roots/DesignShell.swift /Users/clevelandlewis/Desktop/Roots/Roots/Roots/DesignSystem.swift /Users/clevelandlewis/Desktop/Roots/Roots/Roots/DesignTokensCompat.swift /Users/clevelandlewis/Desktop/Roots/Roots/Roots/DeveloperIntegrationExamples.swift /Users/clevelandlewis/Desktop/Roots/Roots/Roots/DeveloperSettings.swift /Users/clevelandlewis/Desktop/Roots/Roots/Roots/DeveloperSettingsView.swift /Users/clevelandlewis/Desktop/Roots/Roots/Roots/Diagnostics.swift /Users/clevelandlewis/Desktop/Roots/Roots/Roots/EventsCountStore.swift /Users/clevelandlewis/Desktop/Roots/Roots/Roots/FloatingTabBar.swift /Users/clevelandlewis/Desktop/Roots/Roots/Roots/Glass.swift /Users/clevelandlewis/Desktop/Roots/Roots/Roots/GlassBlueProminentButtonStyle.swift /Users/clevelandlewis/Desktop/Roots/Roots/Roots/GlassButtons.swift /Users/clevelandlewis/Desktop/Roots/Roots/Roots/GlassButtonStyle.swift /Users/clevelandlewis/Desktop/Roots/Roots/Roots/GlassCircleButton.swift /Users/clevelandlewis/Desktop/Roots/Roots/Roots/GlassIconButton.swift /Users/clevelandlewis/Desktop/Roots/Roots/Roots/GlassPopupContainer.swift /Users/clevelandlewis/Desktop/Roots/Roots/Roots/GlassProminentButtonStyle.swift /Users/clevelandlewis/Desktop/Roots/Roots/Roots/GradesPageView.swift /Users/clevelandlewis/Desktop/Roots/Roots/Roots/GradesView.swift /Users/clevelandlewis/Desktop/Roots/Roots/Roots/HapticsManager.swift /Users/clevelandlewis/Desktop/Roots/Roots/Roots/HistoryStoreImpl.swift /Users/clevelandlewis/Desktop/Roots/Roots/Roots/Insight.swift /Users/clevelandlewis/Desktop/Roots/Roots/Roots/InsightEngine.swift /Users/clevelandlewis/Desktop/Roots/Roots/Roots/InsightsViewModel.swift /Users/clevelandlewis/Desktop/Roots/Roots/Roots/Item.swift /Users/clevelandlewis/Desktop/Roots/Roots/Roots/LoadableViewModel.swift /Users/clevelandlewis/Desktop/Roots/Roots/Roots/PerformanceMonitor.swift /Users/clevelandlewis/Desktop/Roots/Roots/Roots/PermissionsManager.swift /Users/clevelandlewis/Desktop/Roots/Roots/Roots/PlannerPageView.swift /Users/clevelandlewis/Desktop/Roots/Roots/Roots/PlannerView.swift /Users/clevelandlewis/Desktop/Roots/Roots/Roots/PopupTextAlignment.swift /Users/clevelandlewis/Desktop/Roots/Roots/Roots/QuickAction.swift /Users/clevelandlewis/Desktop/Roots/Roots/Roots/RootDesignPreviewPage.swift /Users/clevelandlewis/Desktop/Roots/Roots/Roots/RootsApp.swift /Users/clevelandlewis/Desktop/Roots/Roots/Roots/RootsInsightsEngine.swift /Users/clevelandlewis/Desktop/Roots/Roots/Roots/RootsSettingsWindow.swift /Users/clevelandlewis/Desktop/Roots/Roots/Roots/RootsWindowSizing.swift /Users/clevelandlewis/Desktop/Roots/Roots/Roots/RootTab.swift /Users/clevelandlewis/Desktop/Roots/Roots/Roots/SchedulerAdaptationManager.swift /Users/clevelandlewis/Desktop/Roots/Roots/Roots/SchedulerFeedback.swift /Users/clevelandlewis/Desktop/Roots/Roots/Roots/SchedulerLearner.swift /Users/clevelandlewis/Desktop/Roots/Roots/Roots/SchedulerPreferences.swift /Users/clevelandlewis/Desktop/Roots/Roots/Roots/SchedulerPreferencesStore.swift /Users/clevelandlewis/Desktop/Roots/Roots/Roots/SemesterPicker.swift /Users/clevelandlewis/Desktop/Roots/Roots/Roots/SensoryFeedback.swift /Users/clevelandlewis/Desktop/Roots/Roots/Roots/SettingsCoordinator.swift /Users/clevelandlewis/Desktop/Roots/Roots/Roots/SettingsPane_Accounts.swift /Users/clevelandlewis/Desktop/Roots/Roots/Roots/SettingsPane_Appearance.swift /Users/clevelandlewis/Desktop/Roots/Roots/Roots/SettingsPane_Courses.swift /Users/clevelandlewis/Desktop/Roots/Roots/Roots/SettingsPane_General.swift /Users/clevelandlewis/Desktop/Roots/Roots/Roots/SettingsPane_Interface.swift /Users/clevelandlewis/Desktop/Roots/Roots/Roots/SettingsPane_Interface+QuickActions.swift /Users/clevelandlewis/Desktop/Roots/Roots/Roots/SettingsPane_Interface+Tabs.swift /Users/clevelandlewis/Desktop/Roots/Roots/Roots/SettingsRootView.swift /Users/clevelandlewis/Desktop/Roots/Roots/Roots/SettingsToolbarIdentifiers.swift /Users/clevelandlewis/Desktop/Roots/Roots/Roots/SettingsView.swift /Users/clevelandlewis/Desktop/Roots/Roots/Roots/SettingsWindowController.swift /Users/clevelandlewis/Desktop/Roots/Roots/Roots/SidebarStyling.swift /Users/clevelandlewis/Desktop/Roots/Roots/Roots/SidebarView.swift /Users/clevelandlewis/Desktop/Roots/Roots/Roots/StudyAnalyticsAggregator.swift /Users/clevelandlewis/Desktop/Roots/Roots/Roots/SwiftConcurrency.swift /Users/clevelandlewis/Desktop/Roots/Roots/Roots/TimerControlsView.swift /Users/clevelandlewis/Desktop/Roots/Roots/Roots/TimerGraphsView.swift /Users/clevelandlewis/Desktop/Roots/Roots/Roots/TimerHeaderView.swift /Users/clevelandlewis/Desktop/Roots/Roots/Roots/TimerModels.swift /Users/clevelandlewis/Desktop/Roots/Roots/Roots/TimerPageView.swift /Users/clevelandlewis/Desktop/Roots/Roots/Roots/TimerPageViewModel.swift /Users/clevelandlewis/Desktop/Roots/Roots/Roots/TimerView.swift /Users/clevelandlewis/Desktop/Roots/Roots/Roots/UILogger.swift /Users/clevelandlewis/Desktop/Roots/Roots/Roots/UIStubs.swift /Users/clevelandlewis/Desktop/Roots/Roots/Roots/UsageStats.swift /Users/clevelandlewis/Desktop/Roots/Roots/Roots/UsageStatsBuilder.swift /Users/clevelandlewis/Library/Developer/Xcode/DerivedData/Roots-gevhpbduqwkhrjccazmpeopgipgn/Build/Intermediates.noindex/Roots.build/Debug/Roots.build/DerivedSources/GeneratedAssetSymbols.swift -emit-dependencies-path /Users/clevelandlewis/Library/Developer/Xcode/DerivedData/Roots-gevhpbduqwkhrjccazmpeopgipgn/Build/Intermediates.noindex/Roots.build/Debug/Roots.build/Objects-normal/arm64/ChartViewVerticalStacked.d -emit-const-values-path /Users/clevelandlewis/Library/Developer/Xcode/DerivedData/Roots-gevhpbduqwkhrjccazmpeopgipgn/Build/Intermediates.noindex/Roots.build/Debug/Roots.build/Objects-normal/arm64/ChartViewVerticalStacked.swiftconstvalues -emit-reference-dependencies-path /Users/clevelandlewis/Library/Developer/Xcode/DerivedData/Roots-gevhpbduqwkhrjccazmpeopgipgn/Build/Intermediates.noindex/Roots.build/Debug/Roots.build/Objects-normal/arm64/ChartViewVerticalStacked.swiftdeps -serialize-diagnostics-path /Users/clevelandlewis/Library/Developer/Xcode/DerivedData/Roots-gevhpbduqwkhrjccazmpeopgipgn/Build/Intermediates.noindex/Roots.build/Debug/Roots.build/Objects-normal/arm64/ChartViewVerticalStacked.dia -emit-localized-strings -emit-localized-strings-path /Users/clevelandlewis/Library/Developer/Xcode/DerivedData/Roots-gevhpbduqwkhrjccazmpeopgipgn/Build/Intermediates.noindex/Roots.build/Debug/Roots.build/Objects-normal/arm64 -target arm64-apple-macos26.1 -module-can-import-version AppKit 2685.20.119 2685.20.119 -module-can-import-version Charts 4.1.4 0 -module-can-import-version DeveloperToolsSupport 23.0.4 23.0.4 -module-can-import-version SwiftUI 7.1.13.1 7.1.13 -disable-cross-import-overlay-search -swift-module-cross-import SwiftData /Applications/Xcode.app/Contents/Developer/Platforms/MacOSX.platform/Developer/SDKs/MacOSX26.1.sdk/System/Library/Frameworks/SwiftData.framework/Modules/SwiftData.swiftcrossimport/CoreData.swiftoverlay -swift-module-cross-import SwiftData /Applications/Xcode.app/Contents/Developer/Platforms/MacOSX.platform/Developer/SDKs/MacOSX26.1.sdk/System/Library/Frameworks/SwiftData.framework/Modules/SwiftData.swiftcrossimport/SwiftUI.swiftoverlay -load-resolved-plugin /Applications/Xcode.app/Contents/Developer/Platforms/MacOSX.platform/Developer/usr/lib/swift/host/plugins/libFoundationMacros.dylib\#/Applications/Xcode.app/Contents/Developer/Platforms/MacOSX.platform/Developer/usr/bin/swift-plugin-server\#FoundationMacros -load-resolved-plugin /Applications/Xcode.app/Contents/Developer/Platforms/MacOSX.platform/Developer/usr/lib/swift/host/plugins/libObservationMacros.dylib\#/Applications/Xcode.app/Contents/Developer/Platforms/MacOSX.platform/Developer/usr/bin/swift-plugin-server\#ObservationMacros -load-resolved-plugin /Applications/Xcode.app/Contents/Developer/Platforms/MacOSX.platform/Developer/usr/lib/swift/host/plugins/libPreviewsMacros.dylib\#/Applications/Xcode.app/Contents/Developer/Platforms/MacOSX.platform/Developer/usr/bin/swift-plugin-server\#PreviewsMacros -load-resolved-plugin /Applications/Xcode.app/Contents/Developer/Platforms/MacOSX.platform/Developer/usr/lib/swift/host/plugins/libSwiftDataMacros.dylib\#/Applications/Xcode.app/Contents/Developer/Platforms/MacOSX.platform/Developer/usr/bin/swift-plugin-server\#SwiftDataMacros -load-resolved-plugin /Applications/Xcode.app/Contents/Developer/Platforms/MacOSX.platform/Developer/usr/lib/swift/host/plugins/libSwiftMacros.dylib\#/Applications/Xcode.app/Contents/Developer/Platforms/MacOSX.platform/Developer/usr/bin/swift-plugin-server\#SwiftMacros -load-resolved-plugin /Applications/Xcode.app/Contents/Developer/Platforms/MacOSX.platform/Developer/usr/lib/swift/host/plugins/libSwiftUIMacros.dylib\#/Applications/Xcode.app/Contents/Developer/Platforms/MacOSX.platform/Developer/usr/bin/swift-plugin-server\#SwiftUIMacros -disable-implicit-swift-modules -Xcc -fno-implicit-modules -Xcc -fno-implicit-module-maps -explicit-swift-module-map-file /Users/clevelandlewis/Library/Developer/Xcode/DerivedData/Roots-gevhpbduqwkhrjccazmpeopgipgn/Build/Intermediates.noindex/Roots.build/Debug/Roots.build/Objects-normal/arm64/Roots-dependencies-1.json -Xllvm -aarch64-use-tbi -enable-objc-interop -stack-check -sdk /Applications/Xcode.app/Contents/Developer/Platforms/MacOSX.platform/Developer/SDKs/MacOSX26.1.sdk -I /Users/clevelandlewis/Library/Developer/Xcode/DerivedData/Roots-gevhpbduqwkhrjccazmpeopgipgn/Build/Products/Debug -F /Users/clevelandlewis/Library/Developer/Xcode/DerivedData/Roots-gevhpbduqwkhrjccazmpeopgipgn/Build/Products/Debug -no-color-diagnostics -Xcc -fno-color-diagnostics -enable-testing -g -debug-info-format\=dwarf -dwarf-version\=5 -module-cache-path /Users/clevelandlewis/Library/Developer/Xcode/DerivedData/Roots-gevhpbduqwkhrjccazmpeopgipgn/Build/Intermediates.noindex/SwiftExplicitPrecompiledModules -profile-generate -profile-coverage-mapping -swift-version 5 -enforce-exclusivity\=checked -Onone -D DEBUG -serialize-debugging-options -const-gather-protocols-file /Users/clevelandlewis/Library/Developer/Xcode/DerivedData/Roots-gevhpbduqwkhrjccazmpeopgipgn/Build/Intermediates.noindex/Roots.build/Debug/Roots.build/Objects-normal/arm64/Roots_const_extract_protocols.json -enable-upcoming-feature DisableOutwardActorInference -enable-upcoming-feature InferSendableFromCaptures -enable-upcoming-feature GlobalActorIsolatedTypesUsability -enable-upcoming-feature MemberImportVisibility -enable-upcoming-feature InferIsolatedConformances -enable-upcoming-feature NonisolatedNonsendingByDefault -enable-experimental-feature DebugDescriptionMacro -enable-bare-slash-regex -default-isolation\=MainActor -empty-abi-descriptor -validate-clang-modules-once -clang-build-session-file /Users/clevelandlewis/Library/Developer/Xcode/DerivedData/ModuleCache.noindex/Session.modulevalidation -Xcc -working-directory -Xcc /Users/clevelandlewis/Desktop/Roots/Roots -enable-anonymous-context-mangled-names -file-compilation-dir /Users/clevelandlewis/Desktop/Roots/Roots -Xcc -D_LIBCPP_HARDENING_MODE\=_LIBCPP_HARDENING_MODE_DEBUG -Xcc -ivfsstatcache -Xcc /Users/clevelandlewis/Library/Developer/Xcode/DerivedData/SDKStatCaches.noindex/macosx26.1-25B74-3885c01c3e6b6a337905948deab2002e3ae1261907bdadc328169391a47051a6.sdkstatcache -Xcc -I/Users/clevelandlewis/Library/Developer/Xcode/DerivedData/Roots-gevhpbduqwkhrjccazmpeopgipgn/Build/Intermediates.noindex/Roots.build/Debug/Roots.build/swift-overrides.hmap -Xcc -iquote -Xcc /Users/clevelandlewis/Library/Developer/Xcode/DerivedData/Roots-gevhpbduqwkhrjccazmpeopgipgn/Build/Intermediates.noindex/Roots.build/Debug/Roots.build/Roots-generated-files.hmap -Xcc -I/Users/clevelandlewis/Library/Developer/Xcode/DerivedData/Roots-gevhpbduqwkhrjccazmpeopgipgn/Build/Intermediates.noindex/Roots.build/Debug/Roots.build/Roots-own-target-headers.hmap -Xcc -I/Users/clevelandlewis/Library/Developer/Xcode/DerivedData/Roots-gevhpbduqwkhrjccazmpeopgipgn/Build/Intermediates.noindex/Roots.build/Debug/Roots.build/Roots-all-target-headers.hmap -Xcc -iquote -Xcc /Users/clevelandlewis/Library/Developer/Xcode/DerivedData/Roots-gevhpbduqwkhrjccazmpeopgipgn/Build/Intermediates.noindex/Roots.build/Debug/Roots.build/Roots-project-headers.hmap -Xcc -I/Users/clevelandlewis/Library/Developer/Xcode/DerivedData/Roots-gevhpbduqwkhrjccazmpeopgipgn/Build/Products/Debug/include -Xcc -I/Users/clevelandlewis/Library/Developer/Xcode/DerivedData/Roots-gevhpbduqwkhrjccazmpeopgipgn/Build/Intermediates.noindex/Roots.build/Debug/Roots.build/DerivedSources-normal/arm64 -Xcc -I/Users/clevelandlewis/Library/Developer/Xcode/DerivedData/Roots-gevhpbduqwkhrjccazmpeopgipgn/Build/Intermediates.noindex/Roots.build/Debug/Roots.build/DerivedSources/arm64 -Xcc -I/Users/clevelandlewis/Library/Developer/Xcode/DerivedData/Roots-gevhpbduqwkhrjccazmpeopgipgn/Build/Intermediates.noindex/Roots.build/Debug/Roots.build/DerivedSources -Xcc -DDEBUG\=1 -no-auto-bridging-header-chaining -module-name Roots -frontend-parseable-output -disable-clang-spi -target-sdk-version 26.1 -target-sdk-name macosx26.1 -clang-target arm64-apple-macos26.1 -in-process-plugin-server-path /Applications/Xcode.app/Contents/Developer/Toolchains/XcodeDefault.xctoolchain/usr/lib/swift/host/libSwiftInProcPluginServer.dylib -o /Users/clevelandlewis/Library/Developer/Xcode/DerivedData/Roots-gevhpbduqwkhrjccazmpeopgipgn/Build/Intermediates.noindex/Roots.build/Debug/Roots.build/Objects-normal/arm64/ChartViewVerticalStacked.o -index-unit-output-path /Roots.build/Debug/Roots.build/Objects-normal/arm64/ChartViewVerticalStacked.o -index-store-path /Users/clevelandlewis/Library/Developer/Xcode/DerivedData/Roots-gevhpbduqwkhrjccazmpeopgipgn/Index.noindex/DataStore -index-system-modules
SwiftCompile normal arm64 Compiling\ GlassBlueProminentButtonStyle.swift /Users/clevelandlewis/Desktop/Roots/Roots/Roots/GlassBlueProminentButtonStyle.swift (in target 'Roots' from project 'Roots')

SwiftCompile normal arm64 /Users/clevelandlewis/Desktop/Roots/Roots/Roots/GlassBlueProminentButtonStyle.swift (in target 'Roots' from project 'Roots')
    cd /Users/clevelandlewis/Desktop/Roots/Roots
    

SwiftCompile normal arm64 Compiling\ DesignTokensCompat.swift /Users/clevelandlewis/Desktop/Roots/Roots/Roots/DesignTokensCompat.swift (in target 'Roots' from project 'Roots')

SwiftCompile normal arm64 /Users/clevelandlewis/Desktop/Roots/Roots/Roots/DesignTokensCompat.swift (in target 'Roots' from project 'Roots')
    cd /Users/clevelandlewis/Desktop/Roots/Roots
    

SwiftCompile normal arm64 Compiling\ RootsInsightsEngine.swift /Users/clevelandlewis/Desktop/Roots/Roots/Roots/RootsInsightsEngine.swift (in target 'Roots' from project 'Roots')

SwiftCompile normal arm64 /Users/clevelandlewis/Desktop/Roots/Roots/Roots/RootsInsightsEngine.swift (in target 'Roots' from project 'Roots')
    cd /Users/clevelandlewis/Desktop/Roots/Roots
    

SwiftDriverJobDiscovery normal arm64 Compiling GlassBlueProminentButtonStyle.swift (in target 'Roots' from project 'Roots')

SwiftDriverJobDiscovery normal arm64 Compiling RootsInsightsEngine.swift (in target 'Roots' from project 'Roots')

SwiftCompile normal arm64 Compiling\ AssignmentsPageView.swift,\ AssignmentsStore.swift,\ AssignmentsView.swift,\ AssignmentsView2.swift,\ CalendarDayCell.swift,\ CalendarManager.swift,\ CalendarPageView.swift,\ CardGrid.swift,\ ContentView.swift,\ CourseDetailView.swift,\ CourseModels.swift,\ CoursesPageView.swift /Users/clevelandlewis/Desktop/Roots/Roots/Roots/AssignmentsPageView.swift /Users/clevelandlewis/Desktop/Roots/Roots/Roots/AssignmentsStore.swift /Users/clevelandlewis/Desktop/Roots/Roots/Roots/AssignmentsView.swift /Users/clevelandlewis/Desktop/Roots/Roots/Roots/AssignmentsView2.swift /Users/clevelandlewis/Desktop/Roots/Roots/Roots/CalendarDayCell.swift /Users/clevelandlewis/Desktop/Roots/Roots/Roots/CalendarManager.swift /Users/clevelandlewis/Desktop/Roots/Roots/Roots/CalendarPageView.swift /Users/clevelandlewis/Desktop/Roots/Roots/Roots/CardGrid.swift /Users/clevelandlewis/Desktop/Roots/Roots/Roots/ContentView.swift /Users/clevelandlewis/Desktop/Roots/Roots/Roots/CourseDetailView.swift /Users/clevelandlewis/Desktop/Roots/Roots/Roots/CourseModels.swift /Users/clevelandlewis/Desktop/Roots/Roots/Roots/CoursesPageView.swift (in target 'Roots' from project 'Roots')
SwiftCompile normal arm64 /Users/clevelandlewis/Desktop/Roots/Roots/Roots/AssignmentsPageView.swift (in target 'Roots' from project 'Roots')
    cd /Users/clevelandlewis/Desktop/Roots/Roots
    

SwiftCompile normal arm64 /Users/clevelandlewis/Desktop/Roots/Roots/Roots/AssignmentsStore.swift (in target 'Roots' from project 'Roots')
    cd /Users/clevelandlewis/Desktop/Roots/Roots
    

SwiftCompile normal arm64 /Users/clevelandlewis/Desktop/Roots/Roots/Roots/AssignmentsView.swift (in target 'Roots' from project 'Roots')
    cd /Users/clevelandlewis/Desktop/Roots/Roots
    

SwiftCompile normal arm64 /Users/clevelandlewis/Desktop/Roots/Roots/Roots/AssignmentsView2.swift (in target 'Roots' from project 'Roots')
    cd /Users/clevelandlewis/Desktop/Roots/Roots
    

SwiftCompile normal arm64 /Users/clevelandlewis/Desktop/Roots/Roots/Roots/CalendarDayCell.swift (in target 'Roots' from project 'Roots')
    cd /Users/clevelandlewis/Desktop/Roots/Roots
    

SwiftCompile normal arm64 /Users/clevelandlewis/Desktop/Roots/Roots/Roots/CalendarManager.swift (in target 'Roots' from project 'Roots')
    cd /Users/clevelandlewis/Desktop/Roots/Roots
    

SwiftCompile normal arm64 /Users/clevelandlewis/Desktop/Roots/Roots/Roots/CalendarPageView.swift (in target 'Roots' from project 'Roots')
    cd /Users/clevelandlewis/Desktop/Roots/Roots
    

SwiftCompile normal arm64 /Users/clevelandlewis/Desktop/Roots/Roots/Roots/CardGrid.swift (in target 'Roots' from project 'Roots')
    cd /Users/clevelandlewis/Desktop/Roots/Roots
    

SwiftCompile normal arm64 /Users/clevelandlewis/Desktop/Roots/Roots/Roots/ContentView.swift (in target 'Roots' from project 'Roots')
    cd /Users/clevelandlewis/Desktop/Roots/Roots
    

SwiftCompile normal arm64 /Users/clevelandlewis/Desktop/Roots/Roots/Roots/CourseDetailView.swift (in target 'Roots' from project 'Roots')
    cd /Users/clevelandlewis/Desktop/Roots/Roots
    

SwiftCompile normal arm64 /Users/clevelandlewis/Desktop/Roots/Roots/Roots/CourseModels.swift (in target 'Roots' from project 'Roots')
    cd /Users/clevelandlewis/Desktop/Roots/Roots
    

SwiftCompile normal arm64 /Users/clevelandlewis/Desktop/Roots/Roots/Roots/CoursesPageView.swift (in target 'Roots' from project 'Roots')
    cd /Users/clevelandlewis/Desktop/Roots/Roots
    

SwiftCompile normal arm64 Compiling\ ActivityEditorView.swift,\ ActivityListView.swift,\ AddAssignmentView.swift,\ AddCourseSheet.swift,\ AddEditCourseView.swift,\ AddSemesterSheet.swift,\ AIScheduler.swift,\ AppCard.swift,\ AppCommands.swift,\ AppPage.swift,\ AppSettingsModel.swift,\ AssignmentRow.swift /Users/clevelandlewis/Desktop/Roots/Roots/Roots/ActivityEditorView.swift /Users/clevelandlewis/Desktop/Roots/Roots/Roots/ActivityListView.swift /Users/clevelandlewis/Desktop/Roots/Roots/Roots/AddAssignmentView.swift /Users/clevelandlewis/Desktop/Roots/Roots/Roots/AddCourseSheet.swift /Users/clevelandlewis/Desktop/Roots/Roots/Roots/AddEditCourseView.swift /Users/clevelandlewis/Desktop/Roots/Roots/Roots/AddSemesterSheet.swift /Users/clevelandlewis/Desktop/Roots/Roots/Roots/AIScheduler.swift /Users/clevelandlewis/Desktop/Roots/Roots/Roots/AppCard.swift /Users/clevelandlewis/Desktop/Roots/Roots/Roots/AppCommands.swift /Users/clevelandlewis/Desktop/Roots/Roots/Roots/AppPage.swift /Users/clevelandlewis/Desktop/Roots/Roots/Roots/AppSettingsModel.swift /Users/clevelandlewis/Desktop/Roots/Roots/Roots/AssignmentRow.swift (in target 'Roots' from project 'Roots')

SwiftCompile normal arm64 /Users/clevelandlewis/Desktop/Roots/Roots/Roots/ActivityEditorView.swift (in target 'Roots' from project 'Roots')
    cd /Users/clevelandlewis/Desktop/Roots/Roots
    

SwiftCompile normal arm64 /Users/clevelandlewis/Desktop/Roots/Roots/Roots/ActivityListView.swift (in target 'Roots' from project 'Roots')
    cd /Users/clevelandlewis/Desktop/Roots/Roots
    

SwiftCompile normal arm64 /Users/clevelandlewis/Desktop/Roots/Roots/Roots/AddAssignmentView.swift (in target 'Roots' from project 'Roots')
    cd /Users/clevelandlewis/Desktop/Roots/Roots
    

SwiftCompile normal arm64 /Users/clevelandlewis/Desktop/Roots/Roots/Roots/AddCourseSheet.swift (in target 'Roots' from project 'Roots')
    cd /Users/clevelandlewis/Desktop/Roots/Roots
    

SwiftCompile normal arm64 /Users/clevelandlewis/Desktop/Roots/Roots/Roots/AddEditCourseView.swift (in target 'Roots' from project 'Roots')
    cd /Users/clevelandlewis/Desktop/Roots/Roots
    

SwiftCompile normal arm64 /Users/clevelandlewis/Desktop/Roots/Roots/Roots/AddSemesterSheet.swift (in target 'Roots' from project 'Roots')
    cd /Users/clevelandlewis/Desktop/Roots/Roots
    

SwiftCompile normal arm64 /Users/clevelandlewis/Desktop/Roots/Roots/Roots/AIScheduler.swift (in target 'Roots' from project 'Roots')
    cd /Users/clevelandlewis/Desktop/Roots/Roots
    
/Users/clevelandlewis/Desktop/Roots/Roots/Roots/AIScheduler.swift:191:21: warning: variable 'chosen' was never mutated; consider changing to 'let' constant
                var chosen = candidates[chosenIdx]
                ~~~ ^
                let

SwiftCompile normal arm64 /Users/clevelandlewis/Desktop/Roots/Roots/Roots/AppCard.swift (in target 'Roots' from project 'Roots')
    cd /Users/clevelandlewis/Desktop/Roots/Roots
    

SwiftCompile normal arm64 /Users/clevelandlewis/Desktop/Roots/Roots/Roots/AppCommands.swift (in target 'Roots' from project 'Roots')
    cd /Users/clevelandlewis/Desktop/Roots/Roots
    

SwiftCompile normal arm64 /Users/clevelandlewis/Desktop/Roots/Roots/Roots/AppPage.swift (in target 'Roots' from project 'Roots')
    cd /Users/clevelandlewis/Desktop/Roots/Roots
    

SwiftCompile normal arm64 /Users/clevelandlewis/Desktop/Roots/Roots/Roots/AppSettingsModel.swift (in target 'Roots' from project 'Roots')
    cd /Users/clevelandlewis/Desktop/Roots/Roots
    

SwiftCompile normal arm64 /Users/clevelandlewis/Desktop/Roots/Roots/Roots/AssignmentRow.swift (in target 'Roots' from project 'Roots')
    cd /Users/clevelandlewis/Desktop/Roots/Roots
    

SwiftCompile normal arm64 Compiling\ RootsWindowSizing.swift,\ RootTab.swift,\ SchedulerAdaptationManager.swift,\ SchedulerFeedback.swift,\ SchedulerLearner.swift,\ SchedulerPreferences.swift,\ SchedulerPreferencesStore.swift,\ SemesterPicker.swift,\ SettingsPane_Accounts.swift,\ SettingsPane_Appearance.swift,\ SettingsPane_Courses.swift /Users/clevelandlewis/Desktop/Roots/Roots/Roots/RootsWindowSizing.swift /Users/clevelandlewis/Desktop/Roots/Roots/Roots/RootTab.swift /Users/clevelandlewis/Desktop/Roots/Roots/Roots/SchedulerAdaptationManager.swift /Users/clevelandlewis/Desktop/Roots/Roots/Roots/SchedulerFeedback.swift /Users/clevelandlewis/Desktop/Roots/Roots/Roots/SchedulerLearner.swift /Users/clevelandlewis/Desktop/Roots/Roots/Roots/SchedulerPreferences.swift /Users/clevelandlewis/Desktop/Roots/Roots/Roots/SchedulerPreferencesStore.swift /Users/clevelandlewis/Desktop/Roots/Roots/Roots/SemesterPicker.swift /Users/clevelandlewis/Desktop/Roots/Roots/Roots/SettingsPane_Accounts.swift /Users/clevelandlewis/Desktop/Roots/Roots/Roots/SettingsPane_Appearance.swift /Users/clevelandlewis/Desktop/Roots/Roots/Roots/SettingsPane_Courses.swift (in target 'Roots' from project 'Roots')

SwiftCompile normal arm64 /Users/clevelandlewis/Desktop/Roots/Roots/Roots/RootsWindowSizing.swift (in target 'Roots' from project 'Roots')
    cd /Users/clevelandlewis/Desktop/Roots/Roots
    

SwiftCompile normal arm64 /Users/clevelandlewis/Desktop/Roots/Roots/Roots/RootTab.swift (in target 'Roots' from project 'Roots')
    cd /Users/clevelandlewis/Desktop/Roots/Roots
    

SwiftCompile normal arm64 /Users/clevelandlewis/Desktop/Roots/Roots/Roots/SchedulerAdaptationManager.swift (in target 'Roots' from project 'Roots')
    cd /Users/clevelandlewis/Desktop/Roots/Roots
    

SwiftCompile normal arm64 /Users/clevelandlewis/Desktop/Roots/Roots/Roots/SchedulerFeedback.swift (in target 'Roots' from project 'Roots')
    cd /Users/clevelandlewis/Desktop/Roots/Roots
    

SwiftCompile normal arm64 /Users/clevelandlewis/Desktop/Roots/Roots/Roots/SchedulerLearner.swift (in target 'Roots' from project 'Roots')
    cd /Users/clevelandlewis/Desktop/Roots/Roots
    

SwiftCompile normal arm64 /Users/clevelandlewis/Desktop/Roots/Roots/Roots/SchedulerPreferences.swift (in target 'Roots' from project 'Roots')
    cd /Users/clevelandlewis/Desktop/Roots/Roots
    

SwiftCompile normal arm64 /Users/clevelandlewis/Desktop/Roots/Roots/Roots/SchedulerPreferencesStore.swift (in target 'Roots' from project 'Roots')
    cd /Users/clevelandlewis/Desktop/Roots/Roots
    

SwiftCompile normal arm64 /Users/clevelandlewis/Desktop/Roots/Roots/Roots/SemesterPicker.swift (in target 'Roots' from project 'Roots')
    cd /Users/clevelandlewis/Desktop/Roots/Roots
    

SwiftCompile normal arm64 /Users/clevelandlewis/Desktop/Roots/Roots/Roots/SettingsPane_Accounts.swift (in target 'Roots' from project 'Roots')
    cd /Users/clevelandlewis/Desktop/Roots/Roots
    

SwiftCompile normal arm64 /Users/clevelandlewis/Desktop/Roots/Roots/Roots/SettingsPane_Appearance.swift (in target 'Roots' from project 'Roots')
    cd /Users/clevelandlewis/Desktop/Roots/Roots
    

SwiftCompile normal arm64 /Users/clevelandlewis/Desktop/Roots/Roots/Roots/SettingsPane_Courses.swift (in target 'Roots' from project 'Roots')
    cd /Users/clevelandlewis/Desktop/Roots/Roots
    

SwiftCompile normal arm64 Compiling\ InsightsViewModel.swift,\ Item.swift,\ PerformanceMonitor.swift,\ PermissionsManager.swift,\ PlannerPageView.swift,\ PlannerView.swift,\ PopupTextAlignment.swift,\ QuickAction.swift,\ RootDesignPreviewPage.swift,\ RootsApp.swift,\ RootsSettingsWindow.swift /Users/clevelandlewis/Desktop/Roots/Roots/Roots/InsightsViewModel.swift /Users/clevelandlewis/Desktop/Roots/Roots/Roots/Item.swift /Users/clevelandlewis/Desktop/Roots/Roots/Roots/PerformanceMonitor.swift /Users/clevelandlewis/Desktop/Roots/Roots/Roots/PermissionsManager.swift /Users/clevelandlewis/Desktop/Roots/Roots/Roots/PlannerPageView.swift /Users/clevelandlewis/Desktop/Roots/Roots/Roots/PlannerView.swift /Users/clevelandlewis/Desktop/Roots/Roots/Roots/PopupTextAlignment.swift /Users/clevelandlewis/Desktop/Roots/Roots/Roots/QuickAction.swift /Users/clevelandlewis/Desktop/Roots/Roots/Roots/RootDesignPreviewPage.swift /Users/clevelandlewis/Desktop/Roots/Roots/Roots/RootsApp.swift /Users/clevelandlewis/Desktop/Roots/Roots/Roots/RootsSettingsWindow.swift (in target 'Roots' from project 'Roots')

SwiftCompile normal arm64 /Users/clevelandlewis/Desktop/Roots/Roots/Roots/InsightsViewModel.swift (in target 'Roots' from project 'Roots')
    cd /Users/clevelandlewis/Desktop/Roots/Roots
    
/Users/clevelandlewis/Desktop/Roots/Roots/Roots/InsightsViewModel.swift:22:17: warning: no calls to throwing functions occur within 'try' expression
            _ = try await self?.withLoading(message: "Analyzing usage…") {

SwiftCompile normal arm64 /Users/clevelandlewis/Desktop/Roots/Roots/Roots/Item.swift (in target 'Roots' from project 'Roots')
    cd /Users/clevelandlewis/Desktop/Roots/Roots
    

SwiftCompile normal arm64 /Users/clevelandlewis/Desktop/Roots/Roots/Roots/PerformanceMonitor.swift (in target 'Roots' from project 'Roots')
    cd /Users/clevelandlewis/Desktop/Roots/Roots
    

SwiftCompile normal arm64 /Users/clevelandlewis/Desktop/Roots/Roots/Roots/PermissionsManager.swift (in target 'Roots' from project 'Roots')
    cd /Users/clevelandlewis/Desktop/Roots/Roots
    
/Users/clevelandlewis/Desktop/Roots/Roots/Roots/PermissionsManager.swift:29:20: warning: 'requestAccess(to:completion:)' was deprecated in macOS 14.0: Use -requestFullAccessToEventsWithCompletion:, -requestWriteOnlyAccessToEventsWithCompletion:, or -requestFullAccessToRemindersWithCompletion:
        eventStore.requestAccess(to: .event) { _, _ in
                   ^
/Users/clevelandlewis/Desktop/Roots/Roots/Roots/PermissionsManager.swift:43:20: warning: 'requestAccess(to:completion:)' was deprecated in macOS 14.0: Use -requestFullAccessToEventsWithCompletion:, -requestWriteOnlyAccessToEventsWithCompletion:, or -requestFullAccessToRemindersWithCompletion:
        eventStore.requestAccess(to: .reminder) { _, _ in
                   ^

SwiftCompile normal arm64 /Users/clevelandlewis/Desktop/Roots/Roots/Roots/PlannerPageView.swift (in target 'Roots' from project 'Roots')
    cd /Users/clevelandlewis/Desktop/Roots/Roots
    

SwiftCompile normal arm64 /Users/clevelandlewis/Desktop/Roots/Roots/Roots/PlannerView.swift (in target 'Roots' from project 'Roots')
    cd /Users/clevelandlewis/Desktop/Roots/Roots
    

SwiftCompile normal arm64 /Users/clevelandlewis/Desktop/Roots/Roots/Roots/PopupTextAlignment.swift (in target 'Roots' from project 'Roots')
    cd /Users/clevelandlewis/Desktop/Roots/Roots
    

SwiftCompile normal arm64 /Users/clevelandlewis/Desktop/Roots/Roots/Roots/QuickAction.swift (in target 'Roots' from project 'Roots')
    cd /Users/clevelandlewis/Desktop/Roots/Roots
    

SwiftCompile normal arm64 /Users/clevelandlewis/Desktop/Roots/Roots/Roots/RootDesignPreviewPage.swift (in target 'Roots' from project 'Roots')
    cd /Users/clevelandlewis/Desktop/Roots/Roots
    

SwiftCompile normal arm64 /Users/clevelandlewis/Desktop/Roots/Roots/Roots/RootsApp.swift (in target 'Roots' from project 'Roots')
    cd /Users/clevelandlewis/Desktop/Roots/Roots
    
/Users/clevelandlewis/Desktop/Roots/Roots/Roots/RootsApp.swift:65:10: warning: 'onChange(of:perform:)' was deprecated in macOS 14.0: Use `onChange` with a two or zero parameter action closure instead.
        .onChange(of: scenePhase) { phase in
         ^

SwiftCompile normal arm64 /Users/clevelandlewis/Desktop/Roots/Roots/Roots/RootsSettingsWindow.swift (in target 'Roots' from project 'Roots')
    cd /Users/clevelandlewis/Desktop/Roots/Roots
    

SwiftCompile normal arm64 Compiling\ SettingsPane_General.swift,\ SettingsPane_Interface.swift,\ SettingsPane_Interface+QuickActions.swift,\ SettingsPane_Interface+Tabs.swift,\ SettingsRootView.swift,\ SettingsToolbarIdentifiers.swift,\ SettingsView.swift,\ SettingsWindowController.swift,\ SidebarStyling.swift,\ SidebarView.swift,\ StudyAnalyticsAggregator.swift /Users/clevelandlewis/Desktop/Roots/Roots/Roots/SettingsPane_General.swift /Users/clevelandlewis/Desktop/Roots/Roots/Roots/SettingsPane_Interface.swift /Users/clevelandlewis/Desktop/Roots/Roots/Roots/SettingsPane_Interface+QuickActions.swift /Users/clevelandlewis/Desktop/Roots/Roots/Roots/SettingsPane_Interface+Tabs.swift /Users/clevelandlewis/Desktop/Roots/Roots/Roots/SettingsRootView.swift /Users/clevelandlewis/Desktop/Roots/Roots/Roots/SettingsToolbarIdentifiers.swift /Users/clevelandlewis/Desktop/Roots/Roots/Roots/SettingsView.swift /Users/clevelandlewis/Desktop/Roots/Roots/Roots/SettingsWindowController.swift /Users/clevelandlewis/Desktop/Roots/Roots/Roots/SidebarStyling.swift /Users/clevelandlewis/Desktop/Roots/Roots/Roots/SidebarView.swift /Users/clevelandlewis/Desktop/Roots/Roots/Roots/StudyAnalyticsAggregator.swift (in target 'Roots' from project 'Roots')

SwiftCompile normal arm64 /Users/clevelandlewis/Desktop/Roots/Roots/Roots/SettingsPane_General.swift (in target 'Roots' from project 'Roots')
    cd /Users/clevelandlewis/Desktop/Roots/Roots
    

SwiftCompile normal arm64 /Users/clevelandlewis/Desktop/Roots/Roots/Roots/SettingsPane_Interface.swift (in target 'Roots' from project 'Roots')
    cd /Users/clevelandlewis/Desktop/Roots/Roots
    

SwiftCompile normal arm64 /Users/clevelandlewis/Desktop/Roots/Roots/Roots/SettingsPane_Interface+QuickActions.swift (in target 'Roots' from project 'Roots')
    cd /Users/clevelandlewis/Desktop/Roots/Roots
    

SwiftCompile normal arm64 /Users/clevelandlewis/Desktop/Roots/Roots/Roots/SettingsPane_Interface+Tabs.swift (in target 'Roots' from project 'Roots')
    cd /Users/clevelandlewis/Desktop/Roots/Roots
    

SwiftCompile normal arm64 /Users/clevelandlewis/Desktop/Roots/Roots/Roots/SettingsRootView.swift (in target 'Roots' from project 'Roots')
    cd /Users/clevelandlewis/Desktop/Roots/Roots
    

SwiftCompile normal arm64 /Users/clevelandlewis/Desktop/Roots/Roots/Roots/SettingsToolbarIdentifiers.swift (in target 'Roots' from project 'Roots')
    cd /Users/clevelandlewis/Desktop/Roots/Roots
    

SwiftCompile normal arm64 /Users/clevelandlewis/Desktop/Roots/Roots/Roots/SettingsView.swift (in target 'Roots' from project 'Roots')
    cd /Users/clevelandlewis/Desktop/Roots/Roots
    
/Users/clevelandlewis/Desktop/Roots/Roots/Roots/SettingsView.swift:54:14: warning: 'onChange(of:perform:)' was deprecated in macOS 14.0: Use `onChange` with a two or zero parameter action closure instead.
            .onChange(of: settings.use24HourTime) { _ in settings.save() }
             ^
/Users/clevelandlewis/Desktop/Roots/Roots/Roots/SettingsView.swift:55:14: warning: 'onChange(of:perform:)' was deprecated in macOS 14.0: Use `onChange` with a two or zero parameter action closure instead.
            .onChange(of: settings.showEnergyPanel) { _ in settings.save() }
             ^
/Users/clevelandlewis/Desktop/Roots/Roots/Roots/SettingsView.swift:56:14: warning: 'onChange(of:perform:)' was deprecated in macOS 14.0: Use `onChange` with a two or zero parameter action closure instead.
            .onChange(of: settings.highContrastMode) { _ in settings.save() }
             ^
/Users/clevelandlewis/Desktop/Roots/Roots/Roots/SettingsView.swift:57:14: warning: 'onChange(of:perform:)' was deprecated in macOS 14.0: Use `onChange` with a two or zero parameter action closure instead.
            .onChange(of: settings.defaultWorkdayStart) { _ in settings.save() }
             ^
/Users/clevelandlewis/Desktop/Roots/Roots/Roots/SettingsView.swift:58:14: warning: 'onChange(of:perform:)' was deprecated in macOS 14.0: Use `onChange` with a two or zero parameter action closure instead.
            .onChange(of: settings.defaultWorkdayEnd) { _ in settings.save() }
             ^

SwiftCompile normal arm64 /Users/clevelandlewis/Desktop/Roots/Roots/Roots/SettingsWindowController.swift (in target 'Roots' from project 'Roots')
    cd /Users/clevelandlewis/Desktop/Roots/Roots
    

SwiftCompile normal arm64 /Users/clevelandlewis/Desktop/Roots/Roots/Roots/SidebarStyling.swift (in target 'Roots' from project 'Roots')
    cd /Users/clevelandlewis/Desktop/Roots/Roots
    

SwiftCompile normal arm64 /Users/clevelandlewis/Desktop/Roots/Roots/Roots/SidebarView.swift (in target 'Roots' from project 'Roots')
    cd /Users/clevelandlewis/Desktop/Roots/Roots
    

SwiftCompile normal arm64 /Users/clevelandlewis/Desktop/Roots/Roots/Roots/StudyAnalyticsAggregator.swift (in target 'Roots' from project 'Roots')
    cd /Users/clevelandlewis/Desktop/Roots/Roots
    
/Users/clevelandlewis/Desktop/Roots/Roots/Roots/StudyAnalyticsAggregator.swift:51:13: warning: variable 'startDiff' was never mutated; consider changing to 'let' constant
        var startDiff = (weekday + 5) % 7 // days to subtract to get Monday
        ~~~ ^
        let
/Users/clevelandlewis/Desktop/Roots/Roots/Roots/StudyAnalyticsAggregator.swift:75:21: warning: variable 'bucket' was never mutated; consider changing to 'let' constant
                var bucket = result[i]
                ~~~ ^
                let
/Users/clevelandlewis/Desktop/Roots/Roots/Roots/StudyAnalyticsAggregator.swift:90:13: warning: initialization of immutable value 'hour' was never used; consider replacing with assignment to '_' or removing it
        let hour = calendar.component(.hour, from: date)
        ~~~~^~~~
        _

SwiftCompile normal arm64 Compiling\ CoursesStore.swift,\ CoursesView.swift,\ CurrentActivityView.swift,\ DashboardView.swift,\ DesignCard.swift,\ DesignPage.swift,\ DesignShell.swift,\ DesignSystem.swift,\ DeveloperIntegrationExamples.swift,\ Diagnostics.swift,\ EventsCountStore.swift,\ FloatingTabBar.swift /Users/clevelandlewis/Desktop/Roots/Roots/Roots/CoursesStore.swift /Users/clevelandlewis/Desktop/Roots/Roots/Roots/CoursesView.swift /Users/clevelandlewis/Desktop/Roots/Roots/Roots/CurrentActivityView.swift /Users/clevelandlewis/Desktop/Roots/Roots/Roots/DashboardView.swift /Users/clevelandlewis/Desktop/Roots/Roots/Roots/DesignCard.swift /Users/clevelandlewis/Desktop/Roots/Roots/Roots/DesignPage.swift /Users/clevelandlewis/Desktop/Roots/Roots/Roots/DesignShell.swift /Users/clevelandlewis/Desktop/Roots/Roots/Roots/DesignSystem.swift /Users/clevelandlewis/Desktop/Roots/Roots/Roots/DeveloperIntegrationExamples.swift /Users/clevelandlewis/Desktop/Roots/Roots/Roots/Diagnostics.swift /Users/clevelandlewis/Desktop/Roots/Roots/Roots/EventsCountStore.swift /Users/clevelandlewis/Desktop/Roots/Roots/Roots/FloatingTabBar.swift (in target 'Roots' from project 'Roots')

SwiftCompile normal arm64 /Users/clevelandlewis/Desktop/Roots/Roots/Roots/CoursesStore.swift (in target 'Roots' from project 'Roots')
    cd /Users/clevelandlewis/Desktop/Roots/Roots
    

SwiftCompile normal arm64 /Users/clevelandlewis/Desktop/Roots/Roots/Roots/CoursesView.swift (in target 'Roots' from project 'Roots')
    cd /Users/clevelandlewis/Desktop/Roots/Roots
    

SwiftCompile normal arm64 /Users/clevelandlewis/Desktop/Roots/Roots/Roots/CurrentActivityView.swift (in target 'Roots' from project 'Roots')
    cd /Users/clevelandlewis/Desktop/Roots/Roots
    

SwiftCompile normal arm64 /Users/clevelandlewis/Desktop/Roots/Roots/Roots/DashboardView.swift (in target 'Roots' from project 'Roots')
    cd /Users/clevelandlewis/Desktop/Roots/Roots
    

SwiftCompile normal arm64 /Users/clevelandlewis/Desktop/Roots/Roots/Roots/DesignCard.swift (in target 'Roots' from project 'Roots')
    cd /Users/clevelandlewis/Desktop/Roots/Roots
    

SwiftCompile normal arm64 /Users/clevelandlewis/Desktop/Roots/Roots/Roots/DesignPage.swift (in target 'Roots' from project 'Roots')
    cd /Users/clevelandlewis/Desktop/Roots/Roots
    

SwiftCompile normal arm64 /Users/clevelandlewis/Desktop/Roots/Roots/Roots/DesignShell.swift (in target 'Roots' from project 'Roots')
    cd /Users/clevelandlewis/Desktop/Roots/Roots
    

SwiftCompile normal arm64 /Users/clevelandlewis/Desktop/Roots/Roots/Roots/DesignSystem.swift (in target 'Roots' from project 'Roots')
    cd /Users/clevelandlewis/Desktop/Roots/Roots
    

SwiftCompile normal arm64 /Users/clevelandlewis/Desktop/Roots/Roots/Roots/DeveloperIntegrationExamples.swift (in target 'Roots' from project 'Roots')
    cd /Users/clevelandlewis/Desktop/Roots/Roots
    

SwiftCompile normal arm64 /Users/clevelandlewis/Desktop/Roots/Roots/Roots/Diagnostics.swift (in target 'Roots' from project 'Roots')
    cd /Users/clevelandlewis/Desktop/Roots/Roots
    

SwiftCompile normal arm64 /Users/clevelandlewis/Desktop/Roots/Roots/Roots/EventsCountStore.swift (in target 'Roots' from project 'Roots')
    cd /Users/clevelandlewis/Desktop/Roots/Roots
    

SwiftCompile normal arm64 /Users/clevelandlewis/Desktop/Roots/Roots/Roots/FloatingTabBar.swift (in target 'Roots' from project 'Roots')
    cd /Users/clevelandlewis/Desktop/Roots/Roots
    

SwiftDriverJobDiscovery normal arm64 Compiling DesignTokensCompat.swift (in target 'Roots' from project 'Roots')

SwiftCompile normal arm64 Compiling\ Glass.swift,\ GlassButtons.swift,\ GlassButtonStyle.swift,\ GlassCircleButton.swift,\ GlassIconButton.swift,\ GlassPopupContainer.swift,\ GlassProminentButtonStyle.swift,\ GradesPageView.swift,\ GradesView.swift,\ HapticsManager.swift,\ HistoryStoreImpl.swift,\ InsightEngine.swift /Users/clevelandlewis/Desktop/Roots/Roots/Roots/Glass.swift /Users/clevelandlewis/Desktop/Roots/Roots/Roots/GlassButtons.swift /Users/clevelandlewis/Desktop/Roots/Roots/Roots/GlassButtonStyle.swift /Users/clevelandlewis/Desktop/Roots/Roots/Roots/GlassCircleButton.swift /Users/clevelandlewis/Desktop/Roots/Roots/Roots/GlassIconButton.swift /Users/clevelandlewis/Desktop/Roots/Roots/Roots/GlassPopupContainer.swift /Users/clevelandlewis/Desktop/Roots/Roots/Roots/GlassProminentButtonStyle.swift /Users/clevelandlewis/Desktop/Roots/Roots/Roots/GradesPageView.swift /Users/clevelandlewis/Desktop/Roots/Roots/Roots/GradesView.swift /Users/clevelandlewis/Desktop/Roots/Roots/Roots/HapticsManager.swift /Users/clevelandlewis/Desktop/Roots/Roots/Roots/HistoryStoreImpl.swift /Users/clevelandlewis/Desktop/Roots/Roots/Roots/InsightEngine.swift (in target 'Roots' from project 'Roots')

SwiftCompile normal arm64 /Users/clevelandlewis/Desktop/Roots/Roots/Roots/Glass.swift (in target 'Roots' from project 'Roots')
    cd /Users/clevelandlewis/Desktop/Roots/Roots
    

SwiftCompile normal arm64 /Users/clevelandlewis/Desktop/Roots/Roots/Roots/GlassButtons.swift (in target 'Roots' from project 'Roots')
    cd /Users/clevelandlewis/Desktop/Roots/Roots
    

SwiftCompile normal arm64 /Users/clevelandlewis/Desktop/Roots/Roots/Roots/GlassButtonStyle.swift (in target 'Roots' from project 'Roots')
    cd /Users/clevelandlewis/Desktop/Roots/Roots
    

SwiftCompile normal arm64 /Users/clevelandlewis/Desktop/Roots/Roots/Roots/GlassCircleButton.swift (in target 'Roots' from project 'Roots')
    cd /Users/clevelandlewis/Desktop/Roots/Roots
    

SwiftCompile normal arm64 /Users/clevelandlewis/Desktop/Roots/Roots/Roots/GlassIconButton.swift (in target 'Roots' from project 'Roots')
    cd /Users/clevelandlewis/Desktop/Roots/Roots
    

SwiftCompile normal arm64 /Users/clevelandlewis/Desktop/Roots/Roots/Roots/GlassPopupContainer.swift (in target 'Roots' from project 'Roots')
    cd /Users/clevelandlewis/Desktop/Roots/Roots
    

SwiftCompile normal arm64 /Users/clevelandlewis/Desktop/Roots/Roots/Roots/GlassProminentButtonStyle.swift (in target 'Roots' from project 'Roots')
    cd /Users/clevelandlewis/Desktop/Roots/Roots
    

SwiftCompile normal arm64 /Users/clevelandlewis/Desktop/Roots/Roots/Roots/GradesPageView.swift (in target 'Roots' from project 'Roots')
    cd /Users/clevelandlewis/Desktop/Roots/Roots
    

SwiftCompile normal arm64 /Users/clevelandlewis/Desktop/Roots/Roots/Roots/GradesView.swift (in target 'Roots' from project 'Roots')
    cd /Users/clevelandlewis/Desktop/Roots/Roots
    

SwiftCompile normal arm64 /Users/clevelandlewis/Desktop/Roots/Roots/Roots/HapticsManager.swift (in target 'Roots' from project 'Roots')
    cd /Users/clevelandlewis/Desktop/Roots/Roots
    

SwiftCompile normal arm64 /Users/clevelandlewis/Desktop/Roots/Roots/Roots/HistoryStoreImpl.swift (in target 'Roots' from project 'Roots')
    cd /Users/clevelandlewis/Desktop/Roots/Roots
    

SwiftCompile normal arm64 /Users/clevelandlewis/Desktop/Roots/Roots/Roots/InsightEngine.swift (in target 'Roots' from project 'Roots')
    cd /Users/clevelandlewis/Desktop/Roots/Roots
    

SwiftDriverJobDiscovery normal arm64 Emitting module for Roots (in target 'Roots' from project 'Roots')

SwiftDriver\ Compilation\ Requirements Roots normal arm64 com.apple.xcode.tools.swift.compiler (in target 'Roots' from project 'Roots')
    cd /Users/clevelandlewis/Desktop/Roots/Roots
    builtin-Swift-Compilation-Requirements -- /Applications/Xcode.app/Contents/Developer/Toolchains/XcodeDefault.xctoolchain/usr/bin/swiftc -module-name Roots -Onone -enforce-exclusivity\=checked @/Users/clevelandlewis/Library/Developer/Xcode/DerivedData/Roots-gevhpbduqwkhrjccazmpeopgipgn/Build/Intermediates.noindex/Roots.build/Debug/Roots.build/Objects-normal/arm64/Roots.SwiftFileList -DDEBUG -default-isolation\=MainActor -enable-bare-slash-regex -enable-upcoming-feature DisableOutwardActorInference -enable-upcoming-feature InferSendableFromCaptures -enable-upcoming-feature GlobalActorIsolatedTypesUsability -enable-upcoming-feature MemberImportVisibility -enable-upcoming-feature InferIsolatedConformances -enable-upcoming-feature NonisolatedNonsendingByDefault -enable-experimental-feature DebugDescriptionMacro -sdk /Applications/Xcode.app/Contents/Developer/Platforms/MacOSX.platform/Developer/SDKs/MacOSX26.1.sdk -target arm64-apple-macos26.1 -g -module-cache-path /Users/clevelandlewis/Library/Developer/Xcode/DerivedData/ModuleCache.noindex -Xfrontend -serialize-debugging-options -profile-coverage-mapping -profile-generate -enable-testing -index-store-path /Users/clevelandlewis/Library/Developer/Xcode/DerivedData/Roots-gevhpbduqwkhrjccazmpeopgipgn/Index.noindex/DataStore -Xcc -D_LIBCPP_HARDENING_MODE\=_LIBCPP_HARDENING_MODE_DEBUG -swift-version 5 -I /Users/clevelandlewis/Library/Developer/Xcode/DerivedData/Roots-gevhpbduqwkhrjccazmpeopgipgn/Build/Products/Debug -F /Users/clevelandlewis/Library/Developer/Xcode/DerivedData/Roots-gevhpbduqwkhrjccazmpeopgipgn/Build/Products/Debug -emit-localized-strings -emit-localized-strings-path /Users/clevelandlewis/Library/Developer/Xcode/DerivedData/Roots-gevhpbduqwkhrjccazmpeopgipgn/Build/Intermediates.noindex/Roots.build/Debug/Roots.build/Objects-normal/arm64 -c -j8 -enable-batch-mode -incremental -Xcc -ivfsstatcache -Xcc /Users/clevelandlewis/Library/Developer/Xcode/DerivedData/SDKStatCaches.noindex/macosx26.1-25B74-3885c01c3e6b6a337905948deab2002e3ae1261907bdadc328169391a47051a6.sdkstatcache -output-file-map /Users/clevelandlewis/Library/Developer/Xcode/DerivedData/Roots-gevhpbduqwkhrjccazmpeopgipgn/Build/Intermediates.noindex/Roots.build/Debug/Roots.build/Objects-normal/arm64/Roots-OutputFileMap.json -use-frontend-parseable-output -save-temps -no-color-diagnostics -explicit-module-build -module-cache-path /Users/clevelandlewis/Library/Developer/Xcode/DerivedData/Roots-gevhpbduqwkhrjccazmpeopgipgn/Build/Intermediates.noindex/SwiftExplicitPrecompiledModules -clang-scanner-module-cache-path /Users/clevelandlewis/Library/Developer/Xcode/DerivedData/ModuleCache.noindex -sdk-module-cache-path /Users/clevelandlewis/Library/Developer/Xcode/DerivedData/ModuleCache.noindex -serialize-diagnostics -emit-dependencies -emit-module -emit-module-path /Users/clevelandlewis/Library/Developer/Xcode/DerivedData/Roots-gevhpbduqwkhrjccazmpeopgipgn/Build/Intermediates.noindex/Roots.build/Debug/Roots.build/Objects-normal/arm64/Roots.swiftmodule -validate-clang-modules-once -clang-build-session-file /Users/clevelandlewis/Library/Developer/Xcode/DerivedData/ModuleCache.noindex/Session.modulevalidation -Xcc -I/Users/clevelandlewis/Library/Developer/Xcode/DerivedData/Roots-gevhpbduqwkhrjccazmpeopgipgn/Build/Intermediates.noindex/Roots.build/Debug/Roots.build/swift-overrides.hmap -emit-const-values -Xfrontend -const-gather-protocols-file -Xfrontend /Users/clevelandlewis/Library/Developer/Xcode/DerivedData/Roots-gevhpbduqwkhrjccazmpeopgipgn/Build/Intermediates.noindex/Roots.build/Debug/Roots.build/Objects-normal/arm64/Roots_const_extract_protocols.json -Xcc -iquote -Xcc /Users/clevelandlewis/Library/Developer/Xcode/DerivedData/Roots-gevhpbduqwkhrjccazmpeopgipgn/Build/Intermediates.noindex/Roots.build/Debug/Roots.build/Roots-generated-files.hmap -Xcc -I/Users/clevelandlewis/Library/Developer/Xcode/DerivedData/Roots-gevhpbduqwkhrjccazmpeopgipgn/Build/Intermediates.noindex/Roots.build/Debug/Roots.build/Roots-own-target-headers.hmap -Xcc -I/Users/clevelandlewis/Library/Developer/Xcode/DerivedData/Roots-gevhpbduqwkhrjccazmpeopgipgn/Build/Intermediates.noindex/Roots.build/Debug/Roots.build/Roots-all-target-headers.hmap -Xcc -iquote -Xcc /Users/clevelandlewis/Library/Developer/Xcode/DerivedData/Roots-gevhpbduqwkhrjccazmpeopgipgn/Build/Intermediates.noindex/Roots.build/Debug/Roots.build/Roots-project-headers.hmap -Xcc -I/Users/clevelandlewis/Library/Developer/Xcode/DerivedData/Roots-gevhpbduqwkhrjccazmpeopgipgn/Build/Products/Debug/include -Xcc -I/Users/clevelandlewis/Library/Developer/Xcode/DerivedData/Roots-gevhpbduqwkhrjccazmpeopgipgn/Build/Intermediates.noindex/Roots.build/Debug/Roots.build/DerivedSources-normal/arm64 -Xcc -I/Users/clevelandlewis/Library/Developer/Xcode/DerivedData/Roots-gevhpbduqwkhrjccazmpeopgipgn/Build/Intermediates.noindex/Roots.build/Debug/Roots.build/DerivedSources/arm64 -Xcc -I/Users/clevelandlewis/Library/Developer/Xcode/DerivedData/Roots-gevhpbduqwkhrjccazmpeopgipgn/Build/Intermediates.noindex/Roots.build/Debug/Roots.build/DerivedSources -Xcc -DDEBUG\=1 -emit-objc-header -emit-objc-header-path /Users/clevelandlewis/Library/Developer/Xcode/DerivedData/Roots-gevhpbduqwkhrjccazmpeopgipgn/Build/Intermediates.noindex/Roots.build/Debug/Roots.build/Objects-normal/arm64/Roots-Swift.h -working-directory /Users/clevelandlewis/Desktop/Roots/Roots -experimental-emit-module-separately -disable-cmo

SwiftDriverJobDiscovery normal arm64 Compiling RootsWindowSizing.swift, RootTab.swift, SchedulerAdaptationManager.swift, SchedulerFeedback.swift, SchedulerLearner.swift, SchedulerPreferences.swift, SchedulerPreferencesStore.swift, SemesterPicker.swift, SettingsPane_Accounts.swift, SettingsPane_Appearance.swift, SettingsPane_Courses.swift (in target 'Roots' from project 'Roots')

SwiftCompile normal arm64 Compiling\ TimerControlsView.swift,\ TimerGraphsView.swift,\ TimerHeaderView.swift,\ TimerModels.swift,\ TimerPageView.swift,\ TimerPageViewModel.swift,\ TimerView.swift,\ UILogger.swift,\ UIStubs.swift,\ UsageStats.swift,\ UsageStatsBuilder.swift /Users/clevelandlewis/Desktop/Roots/Roots/Roots/TimerControlsView.swift /Users/clevelandlewis/Desktop/Roots/Roots/Roots/TimerGraphsView.swift /Users/clevelandlewis/Desktop/Roots/Roots/Roots/TimerHeaderView.swift /Users/clevelandlewis/Desktop/Roots/Roots/Roots/TimerModels.swift /Users/clevelandlewis/Desktop/Roots/Roots/Roots/TimerPageView.swift /Users/clevelandlewis/Desktop/Roots/Roots/Roots/TimerPageViewModel.swift /Users/clevelandlewis/Desktop/Roots/Roots/Roots/TimerView.swift /Users/clevelandlewis/Desktop/Roots/Roots/Roots/UILogger.swift /Users/clevelandlewis/Desktop/Roots/Roots/Roots/UIStubs.swift /Users/clevelandlewis/Desktop/Roots/Roots/Roots/UsageStats.swift /Users/clevelandlewis/Desktop/Roots/Roots/Roots/UsageStatsBuilder.swift (in target 'Roots' from project 'Roots')

SwiftCompile normal arm64 /Users/clevelandlewis/Desktop/Roots/Roots/Roots/TimerControlsView.swift (in target 'Roots' from project 'Roots')
    cd /Users/clevelandlewis/Desktop/Roots/Roots
    

SwiftCompile normal arm64 /Users/clevelandlewis/Desktop/Roots/Roots/Roots/TimerGraphsView.swift (in target 'Roots' from project 'Roots')
    cd /Users/clevelandlewis/Desktop/Roots/Roots
    

SwiftCompile normal arm64 /Users/clevelandlewis/Desktop/Roots/Roots/Roots/TimerHeaderView.swift (in target 'Roots' from project 'Roots')
    cd /Users/clevelandlewis/Desktop/Roots/Roots
    

SwiftCompile normal arm64 /Users/clevelandlewis/Desktop/Roots/Roots/Roots/TimerModels.swift (in target 'Roots' from project 'Roots')
    cd /Users/clevelandlewis/Desktop/Roots/Roots
    

SwiftCompile normal arm64 /Users/clevelandlewis/Desktop/Roots/Roots/Roots/TimerPageView.swift (in target 'Roots' from project 'Roots')
    cd /Users/clevelandlewis/Desktop/Roots/Roots
    

SwiftCompile normal arm64 /Users/clevelandlewis/Desktop/Roots/Roots/Roots/TimerPageViewModel.swift (in target 'Roots' from project 'Roots')
    cd /Users/clevelandlewis/Desktop/Roots/Roots
    

SwiftCompile normal arm64 /Users/clevelandlewis/Desktop/Roots/Roots/Roots/TimerView.swift (in target 'Roots' from project 'Roots')
    cd /Users/clevelandlewis/Desktop/Roots/Roots
    

SwiftCompile normal arm64 /Users/clevelandlewis/Desktop/Roots/Roots/Roots/UILogger.swift (in target 'Roots' from project 'Roots')
    cd /Users/clevelandlewis/Desktop/Roots/Roots
    

SwiftCompile normal arm64 /Users/clevelandlewis/Desktop/Roots/Roots/Roots/UIStubs.swift (in target 'Roots' from project 'Roots')
    cd /Users/clevelandlewis/Desktop/Roots/Roots
    

SwiftCompile normal arm64 /Users/clevelandlewis/Desktop/Roots/Roots/Roots/UsageStats.swift (in target 'Roots' from project 'Roots')
    cd /Users/clevelandlewis/Desktop/Roots/Roots
    

SwiftCompile normal arm64 /Users/clevelandlewis/Desktop/Roots/Roots/Roots/UsageStatsBuilder.swift (in target 'Roots' from project 'Roots')
    cd /Users/clevelandlewis/Desktop/Roots/Roots
    

Copy /Users/clevelandlewis/Library/Developer/Xcode/DerivedData/Roots-gevhpbduqwkhrjccazmpeopgipgn/Build/Products/Debug/Roots.swiftmodule/arm64-apple-macos.swiftmodule /Users/clevelandlewis/Library/Developer/Xcode/DerivedData/Roots-gevhpbduqwkhrjccazmpeopgipgn/Build/Intermediates.noindex/Roots.build/Debug/Roots.build/Objects-normal/arm64/Roots.swiftmodule (in target 'Roots' from project 'Roots')
    cd /Users/clevelandlewis/Desktop/Roots/Roots
    builtin-copy -exclude .DS_Store -exclude CVS -exclude .svn -exclude .git -exclude .hg -resolve-src-symlinks -rename /Users/clevelandlewis/Library/Developer/Xcode/DerivedData/Roots-gevhpbduqwkhrjccazmpeopgipgn/Build/Intermediates.noindex/Roots.build/Debug/Roots.build/Objects-normal/arm64/Roots.swiftmodule /Users/clevelandlewis/Library/Developer/Xcode/DerivedData/Roots-gevhpbduqwkhrjccazmpeopgipgn/Build/Products/Debug/Roots.swiftmodule/arm64-apple-macos.swiftmodule

SwiftDriverJobDiscovery normal arm64 Compiling SettingsPane_General.swift, SettingsPane_Interface.swift, SettingsPane_Interface+QuickActions.swift, SettingsPane_Interface+Tabs.swift, SettingsRootView.swift, SettingsToolbarIdentifiers.swift, SettingsView.swift, SettingsWindowController.swift, SidebarStyling.swift, SidebarView.swift, StudyAnalyticsAggregator.swift (in target 'Roots' from project 'Roots')

Copy /Users/clevelandlewis/Library/Developer/Xcode/DerivedData/Roots-gevhpbduqwkhrjccazmpeopgipgn/Build/Products/Debug/Roots.swiftmodule/arm64-apple-macos.swiftdoc /Users/clevelandlewis/Library/Developer/Xcode/DerivedData/Roots-gevhpbduqwkhrjccazmpeopgipgn/Build/Intermediates.noindex/Roots.build/Debug/Roots.build/Objects-normal/arm64/Roots.swiftdoc (in target 'Roots' from project 'Roots')
    cd /Users/clevelandlewis/Desktop/Roots/Roots
    builtin-copy -exclude .DS_Store -exclude CVS -exclude .svn -exclude .git -exclude .hg -resolve-src-symlinks -rename /Users/clevelandlewis/Library/Developer/Xcode/DerivedData/Roots-gevhpbduqwkhrjccazmpeopgipgn/Build/Intermediates.noindex/Roots.build/Debug/Roots.build/Objects-normal/arm64/Roots.swiftdoc /Users/clevelandlewis/Library/Developer/Xcode/DerivedData/Roots-gevhpbduqwkhrjccazmpeopgipgn/Build/Products/Debug/Roots.swiftmodule/arm64-apple-macos.swiftdoc

Copy /Users/clevelandlewis/Library/Developer/Xcode/DerivedData/Roots-gevhpbduqwkhrjccazmpeopgipgn/Build/Products/Debug/Roots.swiftmodule/arm64-apple-macos.abi.json /Users/clevelandlewis/Library/Developer/Xcode/DerivedData/Roots-gevhpbduqwkhrjccazmpeopgipgn/Build/Intermediates.noindex/Roots.build/Debug/Roots.build/Objects-normal/arm64/Roots.abi.json (in target 'Roots' from project 'Roots')
    cd /Users/clevelandlewis/Desktop/Roots/Roots
    builtin-copy -exclude .DS_Store -exclude CVS -exclude .svn -exclude .git -exclude .hg -resolve-src-symlinks -rename /Users/clevelandlewis/Library/Developer/Xcode/DerivedData/Roots-gevhpbduqwkhrjccazmpeopgipgn/Build/Intermediates.noindex/Roots.build/Debug/Roots.build/Objects-normal/arm64/Roots.abi.json /Users/clevelandlewis/Library/Developer/Xcode/DerivedData/Roots-gevhpbduqwkhrjccazmpeopgipgn/Build/Products/Debug/Roots.swiftmodule/arm64-apple-macos.abi.json

Copy /Users/clevelandlewis/Library/Developer/Xcode/DerivedData/Roots-gevhpbduqwkhrjccazmpeopgipgn/Build/Products/Debug/Roots.swiftmodule/Project/arm64-apple-macos.swiftsourceinfo /Users/clevelandlewis/Library/Developer/Xcode/DerivedData/Roots-gevhpbduqwkhrjccazmpeopgipgn/Build/Intermediates.noindex/Roots.build/Debug/Roots.build/Objects-normal/arm64/Roots.swiftsourceinfo (in target 'Roots' from project 'Roots')
    cd /Users/clevelandlewis/Desktop/Roots/Roots
    builtin-copy -exclude .DS_Store -exclude CVS -exclude .svn -exclude .git -exclude .hg -resolve-src-symlinks -rename /Users/clevelandlewis/Library/Developer/Xcode/DerivedData/Roots-gevhpbduqwkhrjccazmpeopgipgn/Build/Intermediates.noindex/Roots.build/Debug/Roots.build/Objects-normal/arm64/Roots.swiftsourceinfo /Users/clevelandlewis/Library/Developer/Xcode/DerivedData/Roots-gevhpbduqwkhrjccazmpeopgipgn/Build/Products/Debug/Roots.swiftmodule/Project/arm64-apple-macos.swiftsourceinfo

SwiftDriverJobDiscovery normal arm64 Compiling ActivityEditorView.swift, ActivityListView.swift, AddAssignmentView.swift, AddCourseSheet.swift, AddEditCourseView.swift, AddSemesterSheet.swift, AIScheduler.swift, AppCard.swift, AppCommands.swift, AppPage.swift, AppSettingsModel.swift, AssignmentRow.swift (in target 'Roots' from project 'Roots')

SwiftDriverJobDiscovery normal arm64 Compiling CoursesStore.swift, CoursesView.swift, CurrentActivityView.swift, DashboardView.swift, DesignCard.swift, DesignPage.swift, DesignShell.swift, DesignSystem.swift, DeveloperIntegrationExamples.swift, Diagnostics.swift, EventsCountStore.swift, FloatingTabBar.swift (in target 'Roots' from project 'Roots')

SwiftDriverJobDiscovery normal arm64 Compiling Glass.swift, GlassButtons.swift, GlassButtonStyle.swift, GlassCircleButton.swift, GlassIconButton.swift, GlassPopupContainer.swift, GlassProminentButtonStyle.swift, GradesPageView.swift, GradesView.swift, HapticsManager.swift, HistoryStoreImpl.swift, InsightEngine.swift (in target 'Roots' from project 'Roots')

SwiftDriverJobDiscovery normal arm64 Compiling InsightsViewModel.swift, Item.swift, PerformanceMonitor.swift, PermissionsManager.swift, PlannerPageView.swift, PlannerView.swift, PopupTextAlignment.swift, QuickAction.swift, RootDesignPreviewPage.swift, RootsApp.swift, RootsSettingsWindow.swift (in target 'Roots' from project 'Roots')

