Command line invocation:
    /Applications/Xcode.app/Contents/Developer/usr/bin/xcodebuild -scheme Roots -configuration Debug build

--- xcodebuild: WARNING: Using the first of multiple matching destinations:
{ platform:macOS, arch:arm64, id:00008122-000C6182217A001C, name:My Mac }
{ platform:macOS, arch:x86_64, id:00008122-000C6182217A001C, name:My Mac }
{ platform:iOS, id:dvtdevice-DVTiPhonePlaceholder-iphoneos:placeholder, name:Any iOS Device }
{ platform:iOS Simulator, id:dvtdevice-DVTiOSDeviceSimulatorPlaceholder-iphonesimulator:placeholder, name:Any iOS Simulator Device }
{ platform:macOS, name:Any Mac }
{ platform:iOS Simulator, arch:arm64, id:DFD261B6-84E3-4ECD-9599-DD5E1FEEC625, OS:26.1, name:iPad (A16) }
{ platform:iOS Simulator, arch:arm64, id:C21AF7C5-2B48-4DC9-A643-3CD857B766AA, OS:26.1, name:iPad Air 11-inch (M3) }
{ platform:iOS Simulator, arch:arm64, id:58B4AF7B-6C91-420B-AE9A-547D8399C757, OS:26.1, name:iPad Air 13-inch (M3) }
{ platform:iOS Simulator, arch:arm64, id:D61FD8BD-EC78-4D49-8AC6-8C5FA71934F0, OS:26.1, name:iPad Pro 11-inch (M5) }
{ platform:iOS Simulator, arch:arm64, id:E6002596-4944-46A7-9830-A741957D04E4, OS:26.1, name:iPad Pro 13-inch (M5) }
{ platform:iOS Simulator, arch:arm64, id:1B3E24D7-6BE0-4271-8408-F1D96B7FD854, OS:26.1, name:iPad mini (A17 Pro) }
{ platform:iOS Simulator, arch:arm64, id:F5A71A6A-D2E8-47D0-8484-5273670B92D4, OS:26.1, name:iPhone 16e }
{ platform:iOS Simulator, arch:arm64, id:E426DBD0-EA84-46CC-AE60-8B542360E584, OS:26.1, name:iPhone 17 }
{ platform:iOS Simulator, arch:arm64, id:916700C4-187B-4EE5-B6B2-CF4A770A86E2, OS:26.1, name:iPhone 17 Pro }
{ platform:iOS Simulator, arch:arm64, id:2A60A400-B84A-4130-AA89-5BD6627ECD49, OS:26.1, name:iPhone 17 Pro Max }
{ platform:iOS Simulator, arch:arm64, id:63847A66-4832-4BFB-A2FF-7583AB3B6748, OS:26.1, name:iPhone Air }
{ platform:iOS, arch:arm64, id:00008130-0002506434D1001C, name:iPhone  }
ComputePackagePrebuildTargetDependencyGraph

Prepare packages

CreateBuildRequest

SendProjectDescription

CreateBuildOperation

ComputeTargetDependencyGraph
note: Building targets in dependency order
note: Target dependency graph (1 target)
    Target 'Roots' in project 'Roots' (no dependencies)

GatherProvisioningInputs

CreateBuildDescription

ExecuteExternalTool /Applications/Xcode.app/Contents/Developer/Toolchains/XcodeDefault.xctoolchain/usr/bin/clang -v -E -dM -isysroot /Applications/Xcode.app/Contents/Developer/Platforms/MacOSX.platform/Developer/SDKs/MacOSX26.1.sdk -x c -c /dev/null

ExecuteExternalTool /Applications/Xcode.app/Contents/Developer/usr/bin/actool --version --output-format xml1

ExecuteExternalTool /Applications/Xcode.app/Contents/Developer/Toolchains/XcodeDefault.xctoolchain/usr/bin/swiftc --version

ExecuteExternalTool /Applications/Xcode.app/Contents/Developer/Toolchains/XcodeDefault.xctoolchain/usr/bin/ld -version_details

Build description signature: 9bdef13cf989a4c0e8d132a8dfc8b7ef
Build description path: /Users/clevelandlewis/Library/Developer/Xcode/DerivedData/Roots-gevhpbduqwkhrjccazmpeopgipgn/Build/Intermediates.noindex/XCBuildData/9bdef13cf989a4c0e8d132a8dfc8b7ef.xcbuilddata
ClangStatCache /Applications/Xcode.app/Contents/Developer/Toolchains/XcodeDefault.xctoolchain/usr/bin/clang-stat-cache /Applications/Xcode.app/Contents/Developer/Platforms/MacOSX.platform/Developer/SDKs/MacOSX26.1.sdk /Users/clevelandlewis/Library/Developer/Xcode/DerivedData/SDKStatCaches.noindex/macosx26.1-25B74-3885c01c3e6b6a337905948deab2002e3ae1261907bdadc328169391a47051a6.sdkstatcache
    cd /Users/clevelandlewis/Desktop/Roots/Roots/Roots.xcodeproj
    /Applications/Xcode.app/Contents/Developer/Toolchains/XcodeDefault.xctoolchain/usr/bin/clang-stat-cache /Applications/Xcode.app/Contents/Developer/Platforms/MacOSX.platform/Developer/SDKs/MacOSX26.1.sdk -o /Users/clevelandlewis/Library/Developer/Xcode/DerivedData/SDKStatCaches.noindex/macosx26.1-25B74-3885c01c3e6b6a337905948deab2002e3ae1261907bdadc328169391a47051a6.sdkstatcache

ProcessInfoPlistFile /Users/clevelandlewis/Library/Developer/Xcode/DerivedData/Roots-gevhpbduqwkhrjccazmpeopgipgn/Build/Products/Debug/Roots.app/Contents/Info.plist /Users/clevelandlewis/Library/Developer/Xcode/DerivedData/Roots-gevhpbduqwkhrjccazmpeopgipgn/Build/Intermediates.noindex/Roots.build/Debug/Roots.build/empty-Roots.plist (in target 'Roots' from project 'Roots')
    cd /Users/clevelandlewis/Desktop/Roots/Roots
    builtin-infoPlistUtility /Users/clevelandlewis/Library/Developer/Xcode/DerivedData/Roots-gevhpbduqwkhrjccazmpeopgipgn/Build/Intermediates.noindex/Roots.build/Debug/Roots.build/empty-Roots.plist -producttype com.apple.product-type.application -genpkginfo /Users/clevelandlewis/Library/Developer/Xcode/DerivedData/Roots-gevhpbduqwkhrjccazmpeopgipgn/Build/Products/Debug/Roots.app/Contents/PkgInfo -expandbuildsettings -platform macosx -additionalcontentfile /Users/clevelandlewis/Library/Developer/Xcode/DerivedData/Roots-gevhpbduqwkhrjccazmpeopgipgn/Build/Intermediates.noindex/Roots.build/Debug/Roots.build/assetcatalog_generated_info.plist -o /Users/clevelandlewis/Library/Developer/Xcode/DerivedData/Roots-gevhpbduqwkhrjccazmpeopgipgn/Build/Products/Debug/Roots.app/Contents/Info.plist

SwiftDriver Roots normal arm64 com.apple.xcode.tools.swift.compiler (in target 'Roots' from project 'Roots')
    cd /Users/clevelandlewis/Desktop/Roots/Roots
    builtin-SwiftDriver -- /Applications/Xcode.app/Contents/Developer/Toolchains/XcodeDefault.xctoolchain/usr/bin/swiftc -module-name Roots -Onone -enforce-exclusivity\=checked @/Users/clevelandlewis/Library/Developer/Xcode/DerivedData/Roots-gevhpbduqwkhrjccazmpeopgipgn/Build/Intermediates.noindex/Roots.build/Debug/Roots.build/Objects-normal/arm64/Roots.SwiftFileList -DDEBUG -default-isolation\=MainActor -enable-bare-slash-regex -enable-upcoming-feature DisableOutwardActorInference -enable-upcoming-feature InferSendableFromCaptures -enable-upcoming-feature GlobalActorIsolatedTypesUsability -enable-upcoming-feature MemberImportVisibility -enable-upcoming-feature InferIsolatedConformances -enable-upcoming-feature NonisolatedNonsendingByDefault -enable-experimental-feature DebugDescriptionMacro -sdk /Applications/Xcode.app/Contents/Developer/Platforms/MacOSX.platform/Developer/SDKs/MacOSX26.1.sdk -target arm64-apple-macos26.1 -g -module-cache-path /Users/clevelandlewis/Library/Developer/Xcode/DerivedData/ModuleCache.noindex -Xfrontend -serialize-debugging-options -profile-coverage-mapping -profile-generate -enable-testing -index-store-path /Users/clevelandlewis/Library/Developer/Xcode/DerivedData/Roots-gevhpbduqwkhrjccazmpeopgipgn/Index.noindex/DataStore -Xcc -D_LIBCPP_HARDENING_MODE\=_LIBCPP_HARDENING_MODE_DEBUG -swift-version 5 -I /Users/clevelandlewis/Library/Developer/Xcode/DerivedData/Roots-gevhpbduqwkhrjccazmpeopgipgn/Build/Products/Debug -F /Users/clevelandlewis/Library/Developer/Xcode/DerivedData/Roots-gevhpbduqwkhrjccazmpeopgipgn/Build/Products/Debug -emit-localized-strings -emit-localized-strings-path /Users/clevelandlewis/Library/Developer/Xcode/DerivedData/Roots-gevhpbduqwkhrjccazmpeopgipgn/Build/Intermediates.noindex/Roots.build/Debug/Roots.build/Objects-normal/arm64 -c -j8 -enable-batch-mode -incremental -Xcc -ivfsstatcache -Xcc /Users/clevelandlewis/Library/Developer/Xcode/DerivedData/SDKStatCaches.noindex/macosx26.1-25B74-3885c01c3e6b6a337905948deab2002e3ae1261907bdadc328169391a47051a6.sdkstatcache -output-file-map /Users/clevelandlewis/Library/Developer/Xcode/DerivedData/Roots-gevhpbduqwkhrjccazmpeopgipgn/Build/Intermediates.noindex/Roots.build/Debug/Roots.build/Objects-normal/arm64/Roots-OutputFileMap.json -use-frontend-parseable-output -save-temps -no-color-diagnostics -explicit-module-build -module-cache-path /Users/clevelandlewis/Library/Developer/Xcode/DerivedData/Roots-gevhpbduqwkhrjccazmpeopgipgn/Build/Intermediates.noindex/SwiftExplicitPrecompiledModules -clang-scanner-module-cache-path /Users/clevelandlewis/Library/Developer/Xcode/DerivedData/ModuleCache.noindex -sdk-module-cache-path /Users/clevelandlewis/Library/Developer/Xcode/DerivedData/ModuleCache.noindex -serialize-diagnostics -emit-dependencies -emit-module -emit-module-path /Users/clevelandlewis/Library/Developer/Xcode/DerivedData/Roots-gevhpbduqwkhrjccazmpeopgipgn/Build/Intermediates.noindex/Roots.build/Debug/Roots.build/Objects-normal/arm64/Roots.swiftmodule -validate-clang-modules-once -clang-build-session-file /Users/clevelandlewis/Library/Developer/Xcode/DerivedData/ModuleCache.noindex/Session.modulevalidation -Xcc -I/Users/clevelandlewis/Library/Developer/Xcode/DerivedData/Roots-gevhpbduqwkhrjccazmpeopgipgn/Build/Intermediates.noindex/Roots.build/Debug/Roots.build/swift-overrides.hmap -emit-const-values -Xfrontend -const-gather-protocols-file -Xfrontend /Users/clevelandlewis/Library/Developer/Xcode/DerivedData/Roots-gevhpbduqwkhrjccazmpeopgipgn/Build/Intermediates.noindex/Roots.build/Debug/Roots.build/Objects-normal/arm64/Roots_const_extract_protocols.json -Xcc -iquote -Xcc /Users/clevelandlewis/Library/Developer/Xcode/DerivedData/Roots-gevhpbduqwkhrjccazmpeopgipgn/Build/Intermediates.noindex/Roots.build/Debug/Roots.build/Roots-generated-files.hmap -Xcc -I/Users/clevelandlewis/Library/Developer/Xcode/DerivedData/Roots-gevhpbduqwkhrjccazmpeopgipgn/Build/Intermediates.noindex/Roots.build/Debug/Roots.build/Roots-own-target-headers.hmap -Xcc -I/Users/clevelandlewis/Library/Developer/Xcode/DerivedData/Roots-gevhpbduqwkhrjccazmpeopgipgn/Build/Intermediates.noindex/Roots.build/Debug/Roots.build/Roots-all-target-headers.hmap -Xcc -iquote -Xcc /Users/clevelandlewis/Library/Developer/Xcode/DerivedData/Roots-gevhpbduqwkhrjccazmpeopgipgn/Build/Intermediates.noindex/Roots.build/Debug/Roots.build/Roots-project-headers.hmap -Xcc -I/Users/clevelandlewis/Library/Developer/Xcode/DerivedData/Roots-gevhpbduqwkhrjccazmpeopgipgn/Build/Products/Debug/include -Xcc -I/Users/clevelandlewis/Library/Developer/Xcode/DerivedData/Roots-gevhpbduqwkhrjccazmpeopgipgn/Build/Intermediates.noindex/Roots.build/Debug/Roots.build/DerivedSources-normal/arm64 -Xcc -I/Users/clevelandlewis/Library/Developer/Xcode/DerivedData/Roots-gevhpbduqwkhrjccazmpeopgipgn/Build/Intermediates.noindex/Roots.build/Debug/Roots.build/DerivedSources/arm64 -Xcc -I/Users/clevelandlewis/Library/Developer/Xcode/DerivedData/Roots-gevhpbduqwkhrjccazmpeopgipgn/Build/Intermediates.noindex/Roots.build/Debug/Roots.build/DerivedSources -Xcc -DDEBUG\=1 -emit-objc-header -emit-objc-header-path /Users/clevelandlewis/Library/Developer/Xcode/DerivedData/Roots-gevhpbduqwkhrjccazmpeopgipgn/Build/Intermediates.noindex/Roots.build/Debug/Roots.build/Objects-normal/arm64/Roots-Swift.h -working-directory /Users/clevelandlewis/Desktop/Roots/Roots -experimental-emit-module-separately -disable-cmo

SwiftCompile normal arm64 Compiling\ HistoryStoreImpl.swift,\ Insight.swift,\ InsightEngine.swift,\ InsightsViewModel.swift,\ Item.swift,\ LoadableViewModel.swift,\ PerformanceMonitor.swift,\ PermissionsManager.swift,\ PlannerPageView.swift,\ PlannerView.swift,\ PopupTextAlignment.swift,\ QuickAction.swift,\ RootDesignPreviewPage.swift,\ RootsApp.swift /Users/clevelandlewis/Desktop/Roots/Roots/Roots/HistoryStoreImpl.swift /Users/clevelandlewis/Desktop/Roots/Roots/Roots/Insight.swift /Users/clevelandlewis/Desktop/Roots/Roots/Roots/InsightEngine.swift /Users/clevelandlewis/Desktop/Roots/Roots/Roots/InsightsViewModel.swift /Users/clevelandlewis/Desktop/Roots/Roots/Roots/Item.swift /Users/clevelandlewis/Desktop/Roots/Roots/Roots/LoadableViewModel.swift /Users/clevelandlewis/Desktop/Roots/Roots/Roots/PerformanceMonitor.swift /Users/clevelandlewis/Desktop/Roots/Roots/Roots/PermissionsManager.swift /Users/clevelandlewis/Desktop/Roots/Roots/Roots/PlannerPageView.swift /Users/clevelandlewis/Desktop/Roots/Roots/Roots/PlannerView.swift /Users/clevelandlewis/Desktop/Roots/Roots/Roots/PopupTextAlignment.swift /Users/clevelandlewis/Desktop/Roots/Roots/Roots/QuickAction.swift /Users/clevelandlewis/Desktop/Roots/Roots/Roots/RootDesignPreviewPage.swift /Users/clevelandlewis/Desktop/Roots/Roots/Roots/RootsApp.swift (in target 'Roots' from project 'Roots')

SwiftCompile normal arm64 /Users/clevelandlewis/Desktop/Roots/Roots/Roots/HistoryStoreImpl.swift (in target 'Roots' from project 'Roots')
    cd /Users/clevelandlewis/Desktop/Roots/Roots
    

SwiftCompile normal arm64 /Users/clevelandlewis/Desktop/Roots/Roots/Roots/Insight.swift (in target 'Roots' from project 'Roots')
    cd /Users/clevelandlewis/Desktop/Roots/Roots
    

SwiftCompile normal arm64 /Users/clevelandlewis/Desktop/Roots/Roots/Roots/InsightEngine.swift (in target 'Roots' from project 'Roots')
    cd /Users/clevelandlewis/Desktop/Roots/Roots
    

SwiftCompile normal arm64 /Users/clevelandlewis/Desktop/Roots/Roots/Roots/InsightsViewModel.swift (in target 'Roots' from project 'Roots')
    cd /Users/clevelandlewis/Desktop/Roots/Roots
    
/Users/clevelandlewis/Desktop/Roots/Roots/Roots/InsightsViewModel.swift:22:17: warning: no calls to throwing functions occur within 'try' expression
            _ = try await self?.withLoading(message: "Analyzing usage…") {

SwiftCompile normal arm64 /Users/clevelandlewis/Desktop/Roots/Roots/Roots/Item.swift (in target 'Roots' from project 'Roots')
    cd /Users/clevelandlewis/Desktop/Roots/Roots
    

SwiftCompile normal arm64 /Users/clevelandlewis/Desktop/Roots/Roots/Roots/LoadableViewModel.swift (in target 'Roots' from project 'Roots')
    cd /Users/clevelandlewis/Desktop/Roots/Roots
    

SwiftCompile normal arm64 /Users/clevelandlewis/Desktop/Roots/Roots/Roots/PerformanceMonitor.swift (in target 'Roots' from project 'Roots')
    cd /Users/clevelandlewis/Desktop/Roots/Roots
    

SwiftCompile normal arm64 /Users/clevelandlewis/Desktop/Roots/Roots/Roots/PermissionsManager.swift (in target 'Roots' from project 'Roots')
    cd /Users/clevelandlewis/Desktop/Roots/Roots
    
/Users/clevelandlewis/Desktop/Roots/Roots/Roots/PermissionsManager.swift:29:20: warning: 'requestAccess(to:completion:)' was deprecated in macOS 14.0: Use -requestFullAccessToEventsWithCompletion:, -requestWriteOnlyAccessToEventsWithCompletion:, or -requestFullAccessToRemindersWithCompletion:
        eventStore.requestAccess(to: .event) { _, _ in
                   ^
/Users/clevelandlewis/Desktop/Roots/Roots/Roots/PermissionsManager.swift:43:20: warning: 'requestAccess(to:completion:)' was deprecated in macOS 14.0: Use -requestFullAccessToEventsWithCompletion:, -requestWriteOnlyAccessToEventsWithCompletion:, or -requestFullAccessToRemindersWithCompletion:
        eventStore.requestAccess(to: .reminder) { _, _ in
                   ^

SwiftCompile normal arm64 /Users/clevelandlewis/Desktop/Roots/Roots/Roots/PlannerPageView.swift (in target 'Roots' from project 'Roots')
    cd /Users/clevelandlewis/Desktop/Roots/Roots
    

SwiftCompile normal arm64 /Users/clevelandlewis/Desktop/Roots/Roots/Roots/PlannerView.swift (in target 'Roots' from project 'Roots')
    cd /Users/clevelandlewis/Desktop/Roots/Roots
    

SwiftCompile normal arm64 /Users/clevelandlewis/Desktop/Roots/Roots/Roots/PopupTextAlignment.swift (in target 'Roots' from project 'Roots')
    cd /Users/clevelandlewis/Desktop/Roots/Roots
    

SwiftCompile normal arm64 /Users/clevelandlewis/Desktop/Roots/Roots/Roots/QuickAction.swift (in target 'Roots' from project 'Roots')
    cd /Users/clevelandlewis/Desktop/Roots/Roots
    

SwiftCompile normal arm64 /Users/clevelandlewis/Desktop/Roots/Roots/Roots/RootDesignPreviewPage.swift (in target 'Roots' from project 'Roots')
    cd /Users/clevelandlewis/Desktop/Roots/Roots
    

SwiftCompile normal arm64 /Users/clevelandlewis/Desktop/Roots/Roots/Roots/RootsApp.swift (in target 'Roots' from project 'Roots')
    cd /Users/clevelandlewis/Desktop/Roots/Roots
    
/Users/clevelandlewis/Desktop/Roots/Roots/Roots/RootsApp.swift:65:10: warning: 'onChange(of:perform:)' was deprecated in macOS 14.0: Use `onChange` with a two or zero parameter action closure instead.
        .onChange(of: scenePhase) { phase in
         ^

SwiftCompile normal arm64 Compiling\ Diagnostics.swift,\ EventsCountStore.swift,\ FloatingTabBar.swift,\ Glass.swift,\ GlassBlueProminentButtonStyle.swift,\ GlassButtons.swift,\ GlassButtonStyle.swift,\ GlassCircleButton.swift,\ GlassIconButton.swift,\ GlassPopupContainer.swift,\ GlassProminentButtonStyle.swift,\ GradesPageView.swift,\ GradesView.swift,\ HapticsManager.swift /Users/clevelandlewis/Desktop/Roots/Roots/Roots/Diagnostics.swift /Users/clevelandlewis/Desktop/Roots/Roots/Roots/EventsCountStore.swift /Users/clevelandlewis/Desktop/Roots/Roots/Roots/FloatingTabBar.swift /Users/clevelandlewis/Desktop/Roots/Roots/Roots/Glass.swift /Users/clevelandlewis/Desktop/Roots/Roots/Roots/GlassBlueProminentButtonStyle.swift /Users/clevelandlewis/Desktop/Roots/Roots/Roots/GlassButtons.swift /Users/clevelandlewis/Desktop/Roots/Roots/Roots/GlassButtonStyle.swift /Users/clevelandlewis/Desktop/Roots/Roots/Roots/GlassCircleButton.swift /Users/clevelandlewis/Desktop/Roots/Roots/Roots/GlassIconButton.swift /Users/clevelandlewis/Desktop/Roots/Roots/Roots/GlassPopupContainer.swift /Users/clevelandlewis/Desktop/Roots/Roots/Roots/GlassProminentButtonStyle.swift /Users/clevelandlewis/Desktop/Roots/Roots/Roots/GradesPageView.swift /Users/clevelandlewis/Desktop/Roots/Roots/Roots/GradesView.swift /Users/clevelandlewis/Desktop/Roots/Roots/Roots/HapticsManager.swift (in target 'Roots' from project 'Roots')

SwiftCompile normal arm64 /Users/clevelandlewis/Desktop/Roots/Roots/Roots/Diagnostics.swift (in target 'Roots' from project 'Roots')
    cd /Users/clevelandlewis/Desktop/Roots/Roots
    

SwiftCompile normal arm64 /Users/clevelandlewis/Desktop/Roots/Roots/Roots/EventsCountStore.swift (in target 'Roots' from project 'Roots')
    cd /Users/clevelandlewis/Desktop/Roots/Roots
    

SwiftCompile normal arm64 /Users/clevelandlewis/Desktop/Roots/Roots/Roots/FloatingTabBar.swift (in target 'Roots' from project 'Roots')
    cd /Users/clevelandlewis/Desktop/Roots/Roots
    

SwiftCompile normal arm64 /Users/clevelandlewis/Desktop/Roots/Roots/Roots/Glass.swift (in target 'Roots' from project 'Roots')
    cd /Users/clevelandlewis/Desktop/Roots/Roots
    

SwiftCompile normal arm64 /Users/clevelandlewis/Desktop/Roots/Roots/Roots/GlassBlueProminentButtonStyle.swift (in target 'Roots' from project 'Roots')
    cd /Users/clevelandlewis/Desktop/Roots/Roots
    

SwiftCompile normal arm64 /Users/clevelandlewis/Desktop/Roots/Roots/Roots/GlassButtons.swift (in target 'Roots' from project 'Roots')
    cd /Users/clevelandlewis/Desktop/Roots/Roots
    

SwiftCompile normal arm64 /Users/clevelandlewis/Desktop/Roots/Roots/Roots/GlassButtonStyle.swift (in target 'Roots' from project 'Roots')
    cd /Users/clevelandlewis/Desktop/Roots/Roots
    

SwiftCompile normal arm64 /Users/clevelandlewis/Desktop/Roots/Roots/Roots/GlassCircleButton.swift (in target 'Roots' from project 'Roots')
    cd /Users/clevelandlewis/Desktop/Roots/Roots
    

SwiftCompile normal arm64 /Users/clevelandlewis/Desktop/Roots/Roots/Roots/GlassIconButton.swift (in target 'Roots' from project 'Roots')
    cd /Users/clevelandlewis/Desktop/Roots/Roots
    

SwiftCompile normal arm64 /Users/clevelandlewis/Desktop/Roots/Roots/Roots/GlassPopupContainer.swift (in target 'Roots' from project 'Roots')
    cd /Users/clevelandlewis/Desktop/Roots/Roots
    

SwiftCompile normal arm64 /Users/clevelandlewis/Desktop/Roots/Roots/Roots/GlassProminentButtonStyle.swift (in target 'Roots' from project 'Roots')
    cd /Users/clevelandlewis/Desktop/Roots/Roots
    

SwiftCompile normal arm64 /Users/clevelandlewis/Desktop/Roots/Roots/Roots/GradesPageView.swift (in target 'Roots' from project 'Roots')
    cd /Users/clevelandlewis/Desktop/Roots/Roots
    

SwiftCompile normal arm64 /Users/clevelandlewis/Desktop/Roots/Roots/Roots/GradesView.swift (in target 'Roots' from project 'Roots')
    cd /Users/clevelandlewis/Desktop/Roots/Roots
    

SwiftCompile normal arm64 /Users/clevelandlewis/Desktop/Roots/Roots/Roots/HapticsManager.swift (in target 'Roots' from project 'Roots')
    cd /Users/clevelandlewis/Desktop/Roots/Roots
    

SwiftCompile normal arm64 Compiling\ RootsInsightsEngine.swift,\ RootsSettingsWindow.swift,\ RootsWindowSizing.swift,\ RootTab.swift,\ SchedulerAdaptationManager.swift,\ SchedulerFeedback.swift,\ SchedulerLearner.swift,\ SchedulerPreferences.swift,\ SchedulerPreferencesStore.swift,\ SemesterPicker.swift,\ SensoryFeedback.swift,\ SettingsCoordinator.swift,\ SettingsPane_Accounts.swift /Users/clevelandlewis/Desktop/Roots/Roots/Roots/RootsInsightsEngine.swift /Users/clevelandlewis/Desktop/Roots/Roots/Roots/RootsSettingsWindow.swift /Users/clevelandlewis/Desktop/Roots/Roots/Roots/RootsWindowSizing.swift /Users/clevelandlewis/Desktop/Roots/Roots/Roots/RootTab.swift /Users/clevelandlewis/Desktop/Roots/Roots/Roots/SchedulerAdaptationManager.swift /Users/clevelandlewis/Desktop/Roots/Roots/Roots/SchedulerFeedback.swift /Users/clevelandlewis/Desktop/Roots/Roots/Roots/SchedulerLearner.swift /Users/clevelandlewis/Desktop/Roots/Roots/Roots/SchedulerPreferences.swift /Users/clevelandlewis/Desktop/Roots/Roots/Roots/SchedulerPreferencesStore.swift /Users/clevelandlewis/Desktop/Roots/Roots/Roots/SemesterPicker.swift /Users/clevelandlewis/Desktop/Roots/Roots/Roots/SensoryFeedback.swift /Users/clevelandlewis/Desktop/Roots/Roots/Roots/SettingsCoordinator.swift /Users/clevelandlewis/Desktop/Roots/Roots/Roots/SettingsPane_Accounts.swift (in target 'Roots' from project 'Roots')

SwiftCompile normal arm64 /Users/clevelandlewis/Desktop/Roots/Roots/Roots/RootsInsightsEngine.swift (in target 'Roots' from project 'Roots')
    cd /Users/clevelandlewis/Desktop/Roots/Roots
    

SwiftCompile normal arm64 /Users/clevelandlewis/Desktop/Roots/Roots/Roots/RootsSettingsWindow.swift (in target 'Roots' from project 'Roots')
    cd /Users/clevelandlewis/Desktop/Roots/Roots
    

SwiftCompile normal arm64 /Users/clevelandlewis/Desktop/Roots/Roots/Roots/RootsWindowSizing.swift (in target 'Roots' from project 'Roots')
    cd /Users/clevelandlewis/Desktop/Roots/Roots
    

SwiftCompile normal arm64 /Users/clevelandlewis/Desktop/Roots/Roots/Roots/RootTab.swift (in target 'Roots' from project 'Roots')
    cd /Users/clevelandlewis/Desktop/Roots/Roots
    

SwiftCompile normal arm64 /Users/clevelandlewis/Desktop/Roots/Roots/Roots/SchedulerAdaptationManager.swift (in target 'Roots' from project 'Roots')
    cd /Users/clevelandlewis/Desktop/Roots/Roots
    

SwiftCompile normal arm64 /Users/clevelandlewis/Desktop/Roots/Roots/Roots/SchedulerFeedback.swift (in target 'Roots' from project 'Roots')
    cd /Users/clevelandlewis/Desktop/Roots/Roots
    

SwiftCompile normal arm64 /Users/clevelandlewis/Desktop/Roots/Roots/Roots/SchedulerLearner.swift (in target 'Roots' from project 'Roots')
    cd /Users/clevelandlewis/Desktop/Roots/Roots
    

SwiftCompile normal arm64 /Users/clevelandlewis/Desktop/Roots/Roots/Roots/SchedulerPreferences.swift (in target 'Roots' from project 'Roots')
    cd /Users/clevelandlewis/Desktop/Roots/Roots
    

SwiftCompile normal arm64 /Users/clevelandlewis/Desktop/Roots/Roots/Roots/SchedulerPreferencesStore.swift (in target 'Roots' from project 'Roots')
    cd /Users/clevelandlewis/Desktop/Roots/Roots
    

SwiftCompile normal arm64 /Users/clevelandlewis/Desktop/Roots/Roots/Roots/SemesterPicker.swift (in target 'Roots' from project 'Roots')
    cd /Users/clevelandlewis/Desktop/Roots/Roots
    

SwiftCompile normal arm64 /Users/clevelandlewis/Desktop/Roots/Roots/Roots/SensoryFeedback.swift (in target 'Roots' from project 'Roots')
    cd /Users/clevelandlewis/Desktop/Roots/Roots
    
/Users/clevelandlewis/Desktop/Roots/Roots/Roots/SensoryFeedback.swift:21:14: warning: 'onChange(of:perform:)' was deprecated in macOS 14.0: Use `onChange` with a two or zero parameter action closure instead.
            .onChange(of: trigger) { newValue in
             ^

SwiftCompile normal arm64 /Users/clevelandlewis/Desktop/Roots/Roots/Roots/SettingsCoordinator.swift (in target 'Roots' from project 'Roots')
    cd /Users/clevelandlewis/Desktop/Roots/Roots
    

SwiftCompile normal arm64 /Users/clevelandlewis/Desktop/Roots/Roots/Roots/SettingsPane_Accounts.swift (in target 'Roots' from project 'Roots')
    cd /Users/clevelandlewis/Desktop/Roots/Roots
    

SwiftCompile normal arm64 Compiling\ ActivityEditorView.swift,\ ActivityListView.swift,\ AdaptiveSchedulerTests.swift,\ AddAssignmentView.swift,\ AddCourseSheet.swift,\ AddEditCourseView.swift,\ AddSemesterSheet.swift,\ AIScheduler.swift,\ AISchedulerTests.swift,\ AnyButtonStyle.swift,\ AppCard.swift,\ AppCommands.swift,\ AppModel.swift,\ AppPage.swift /Users/clevelandlewis/Desktop/Roots/Roots/Roots/ActivityEditorView.swift /Users/clevelandlewis/Desktop/Roots/Roots/Roots/ActivityListView.swift /Users/clevelandlewis/Desktop/Roots/Roots/Roots/AdaptiveSchedulerTests.swift /Users/clevelandlewis/Desktop/Roots/Roots/Roots/AddAssignmentView.swift /Users/clevelandlewis/Desktop/Roots/Roots/Roots/AddCourseSheet.swift /Users/clevelandlewis/Desktop/Roots/Roots/Roots/AddEditCourseView.swift /Users/clevelandlewis/Desktop/Roots/Roots/Roots/AddSemesterSheet.swift /Users/clevelandlewis/Desktop/Roots/Roots/Roots/AIScheduler.swift /Users/clevelandlewis/Desktop/Roots/Roots/Roots/AISchedulerTests.swift /Users/clevelandlewis/Desktop/Roots/Roots/Roots/AnyButtonStyle.swift /Users/clevelandlewis/Desktop/Roots/Roots/Roots/AppCard.swift /Users/clevelandlewis/Desktop/Roots/Roots/Roots/AppCommands.swift /Users/clevelandlewis/Desktop/Roots/Roots/Roots/AppModel.swift /Users/clevelandlewis/Desktop/Roots/Roots/Roots/AppPage.swift (in target 'Roots' from project 'Roots')

SwiftCompile normal arm64 /Users/clevelandlewis/Desktop/Roots/Roots/Roots/ActivityEditorView.swift (in target 'Roots' from project 'Roots')
    cd /Users/clevelandlewis/Desktop/Roots/Roots
    

SwiftCompile normal arm64 /Users/clevelandlewis/Desktop/Roots/Roots/Roots/ActivityListView.swift (in target 'Roots' from project 'Roots')
    cd /Users/clevelandlewis/Desktop/Roots/Roots
    

SwiftCompile normal arm64 /Users/clevelandlewis/Desktop/Roots/Roots/Roots/AdaptiveSchedulerTests.swift (in target 'Roots' from project 'Roots')
    cd /Users/clevelandlewis/Desktop/Roots/Roots
    

SwiftCompile normal arm64 /Users/clevelandlewis/Desktop/Roots/Roots/Roots/AddAssignmentView.swift (in target 'Roots' from project 'Roots')
    cd /Users/clevelandlewis/Desktop/Roots/Roots
    

SwiftCompile normal arm64 /Users/clevelandlewis/Desktop/Roots/Roots/Roots/AddCourseSheet.swift (in target 'Roots' from project 'Roots')
    cd /Users/clevelandlewis/Desktop/Roots/Roots
    

SwiftCompile normal arm64 /Users/clevelandlewis/Desktop/Roots/Roots/Roots/AddEditCourseView.swift (in target 'Roots' from project 'Roots')
    cd /Users/clevelandlewis/Desktop/Roots/Roots
    

SwiftCompile normal arm64 /Users/clevelandlewis/Desktop/Roots/Roots/Roots/AddSemesterSheet.swift (in target 'Roots' from project 'Roots')
    cd /Users/clevelandlewis/Desktop/Roots/Roots
    

SwiftCompile normal arm64 /Users/clevelandlewis/Desktop/Roots/Roots/Roots/AIScheduler.swift (in target 'Roots' from project 'Roots')
    cd /Users/clevelandlewis/Desktop/Roots/Roots
    
/Users/clevelandlewis/Desktop/Roots/Roots/Roots/AIScheduler.swift:191:21: warning: variable 'chosen' was never mutated; consider changing to 'let' constant
                var chosen = candidates[chosenIdx]
                ~~~ ^
                let

SwiftCompile normal arm64 /Users/clevelandlewis/Desktop/Roots/Roots/Roots/AISchedulerTests.swift (in target 'Roots' from project 'Roots')
    cd /Users/clevelandlewis/Desktop/Roots/Roots
    

SwiftCompile normal arm64 /Users/clevelandlewis/Desktop/Roots/Roots/Roots/AnyButtonStyle.swift (in target 'Roots' from project 'Roots')
    cd /Users/clevelandlewis/Desktop/Roots/Roots
    

SwiftCompile normal arm64 /Users/clevelandlewis/Desktop/Roots/Roots/Roots/AppCard.swift (in target 'Roots' from project 'Roots')
    cd /Users/clevelandlewis/Desktop/Roots/Roots
    

SwiftCompile normal arm64 /Users/clevelandlewis/Desktop/Roots/Roots/Roots/AppCommands.swift (in target 'Roots' from project 'Roots')
    cd /Users/clevelandlewis/Desktop/Roots/Roots
    

SwiftCompile normal arm64 /Users/clevelandlewis/Desktop/Roots/Roots/Roots/AppModel.swift (in target 'Roots' from project 'Roots')
    cd /Users/clevelandlewis/Desktop/Roots/Roots
    

SwiftCompile normal arm64 /Users/clevelandlewis/Desktop/Roots/Roots/Roots/AppPage.swift (in target 'Roots' from project 'Roots')
    cd /Users/clevelandlewis/Desktop/Roots/Roots
    

SwiftCompile normal arm64 Compiling\ CourseModels.swift,\ CoursesPageView.swift,\ CoursesStore.swift,\ CoursesView.swift,\ CurrentActivityView.swift,\ DashboardView.swift,\ DesignCard.swift,\ DesignPage.swift,\ DesignShell.swift,\ DesignSystem.swift,\ DesignTokensCompat.swift,\ DeveloperIntegrationExamples.swift,\ DeveloperSettings.swift,\ DeveloperSettingsView.swift /Users/clevelandlewis/Desktop/Roots/Roots/Roots/CourseModels.swift /Users/clevelandlewis/Desktop/Roots/Roots/Roots/CoursesPageView.swift /Users/clevelandlewis/Desktop/Roots/Roots/Roots/CoursesStore.swift /Users/clevelandlewis/Desktop/Roots/Roots/Roots/CoursesView.swift /Users/clevelandlewis/Desktop/Roots/Roots/Roots/CurrentActivityView.swift /Users/clevelandlewis/Desktop/Roots/Roots/Roots/DashboardView.swift /Users/clevelandlewis/Desktop/Roots/Roots/Roots/DesignCard.swift /Users/clevelandlewis/Desktop/Roots/Roots/Roots/DesignPage.swift /Users/clevelandlewis/Desktop/Roots/Roots/Roots/DesignShell.swift /Users/clevelandlewis/Desktop/Roots/Roots/Roots/DesignSystem.swift /Users/clevelandlewis/Desktop/Roots/Roots/Roots/DesignTokensCompat.swift /Users/clevelandlewis/Desktop/Roots/Roots/Roots/DeveloperIntegrationExamples.swift /Users/clevelandlewis/Desktop/Roots/Roots/Roots/DeveloperSettings.swift /Users/clevelandlewis/Desktop/Roots/Roots/Roots/DeveloperSettingsView.swift (in target 'Roots' from project 'Roots')
SwiftCompile normal arm64 /Users/clevelandlewis/Desktop/Roots/Roots/Roots/CourseModels.swift (in target 'Roots' from project 'Roots')
    cd /Users/clevelandlewis/Desktop/Roots/Roots
    

SwiftCompile normal arm64 /Users/clevelandlewis/Desktop/Roots/Roots/Roots/CoursesPageView.swift (in target 'Roots' from project 'Roots')
    cd /Users/clevelandlewis/Desktop/Roots/Roots
    
/Users/clevelandlewis/Desktop/Roots/Roots/Roots/CoursesPageView.swift:872:10: warning: 'onChange(of:perform:)' was deprecated in macOS 14.0: Use `onChange` with a two or zero parameter action closure instead.
        .onChange(of: semesterId) { newValue in
         ^
/Users/clevelandlewis/Desktop/Roots/Roots/Roots/CoursesPageView.swift:1005:13: warning: initialization of immutable value 'calendar' was never used; consider replacing with assignment to '_' or removing it
        let calendar = Calendar.current
        ~~~~^~~~~~~~
        _

SwiftCompile normal arm64 /Users/clevelandlewis/Desktop/Roots/Roots/Roots/CoursesStore.swift (in target 'Roots' from project 'Roots')
    cd /Users/clevelandlewis/Desktop/Roots/Roots
    

SwiftCompile normal arm64 /Users/clevelandlewis/Desktop/Roots/Roots/Roots/CoursesView.swift (in target 'Roots' from project 'Roots')
    cd /Users/clevelandlewis/Desktop/Roots/Roots
    

SwiftCompile normal arm64 /Users/clevelandlewis/Desktop/Roots/Roots/Roots/CurrentActivityView.swift (in target 'Roots' from project 'Roots')
    cd /Users/clevelandlewis/Desktop/Roots/Roots
    

SwiftCompile normal arm64 /Users/clevelandlewis/Desktop/Roots/Roots/Roots/DashboardView.swift (in target 'Roots' from project 'Roots')
    cd /Users/clevelandlewis/Desktop/Roots/Roots
    

SwiftCompile normal arm64 /Users/clevelandlewis/Desktop/Roots/Roots/Roots/DesignCard.swift (in target 'Roots' from project 'Roots')
    cd /Users/clevelandlewis/Desktop/Roots/Roots
    

SwiftCompile normal arm64 /Users/clevelandlewis/Desktop/Roots/Roots/Roots/DesignPage.swift (in target 'Roots' from project 'Roots')
    cd /Users/clevelandlewis/Desktop/Roots/Roots
    

SwiftCompile normal arm64 /Users/clevelandlewis/Desktop/Roots/Roots/Roots/DesignShell.swift (in target 'Roots' from project 'Roots')
    cd /Users/clevelandlewis/Desktop/Roots/Roots
    

SwiftCompile normal arm64 /Users/clevelandlewis/Desktop/Roots/Roots/Roots/DesignSystem.swift (in target 'Roots' from project 'Roots')
    cd /Users/clevelandlewis/Desktop/Roots/Roots
    

SwiftCompile normal arm64 /Users/clevelandlewis/Desktop/Roots/Roots/Roots/DesignTokensCompat.swift (in target 'Roots' from project 'Roots')
    cd /Users/clevelandlewis/Desktop/Roots/Roots
    

SwiftCompile normal arm64 /Users/clevelandlewis/Desktop/Roots/Roots/Roots/DeveloperIntegrationExamples.swift (in target 'Roots' from project 'Roots')
    cd /Users/clevelandlewis/Desktop/Roots/Roots
    

SwiftCompile normal arm64 /Users/clevelandlewis/Desktop/Roots/Roots/Roots/DeveloperSettings.swift (in target 'Roots' from project 'Roots')
    cd /Users/clevelandlewis/Desktop/Roots/Roots
    

SwiftCompile normal arm64 /Users/clevelandlewis/Desktop/Roots/Roots/Roots/DeveloperSettingsView.swift (in target 'Roots' from project 'Roots')
    cd /Users/clevelandlewis/Desktop/Roots/Roots
    

SwiftCompile normal arm64 Compiling\ AppSettingsModel.swift,\ AssignmentRow.swift,\ AssignmentsPageView.swift,\ AssignmentsStore.swift,\ AssignmentsView.swift,\ AssignmentsView2.swift,\ BounceOnTap.swift,\ CalendarDayCell.swift,\ CalendarManager.swift,\ CalendarPageView.swift,\ CardGrid.swift,\ ChartViewVerticalStacked.swift,\ ContentView.swift,\ CourseDetailView.swift /Users/clevelandlewis/Desktop/Roots/Roots/Roots/AppSettingsModel.swift /Users/clevelandlewis/Desktop/Roots/Roots/Roots/AssignmentRow.swift /Users/clevelandlewis/Desktop/Roots/Roots/Roots/AssignmentsPageView.swift /Users/clevelandlewis/Desktop/Roots/Roots/Roots/AssignmentsStore.swift /Users/clevelandlewis/Desktop/Roots/Roots/Roots/AssignmentsView.swift /Users/clevelandlewis/Desktop/Roots/Roots/Roots/AssignmentsView2.swift /Users/clevelandlewis/Desktop/Roots/Roots/Roots/BounceOnTap.swift /Users/clevelandlewis/Desktop/Roots/Roots/Roots/CalendarDayCell.swift /Users/clevelandlewis/Desktop/Roots/Roots/Roots/CalendarManager.swift /Users/clevelandlewis/Desktop/Roots/Roots/Roots/CalendarPageView.swift /Users/clevelandlewis/Desktop/Roots/Roots/Roots/CardGrid.swift /Users/clevelandlewis/Desktop/Roots/Roots/Roots/ChartViewVerticalStacked.swift /Users/clevelandlewis/Desktop/Roots/Roots/Roots/ContentView.swift /Users/clevelandlewis/Desktop/Roots/Roots/Roots/CourseDetailView.swift (in target 'Roots' from project 'Roots')
SwiftCompile normal arm64 /Users/clevelandlewis/Desktop/Roots/Roots/Roots/AppSettingsModel.swift (in target 'Roots' from project 'Roots')
    cd /Users/clevelandlewis/Desktop/Roots/Roots
    

SwiftCompile normal arm64 /Users/clevelandlewis/Desktop/Roots/Roots/Roots/AssignmentRow.swift (in target 'Roots' from project 'Roots')
    cd /Users/clevelandlewis/Desktop/Roots/Roots
    

SwiftCompile normal arm64 /Users/clevelandlewis/Desktop/Roots/Roots/Roots/AssignmentsPageView.swift (in target 'Roots' from project 'Roots')
    cd /Users/clevelandlewis/Desktop/Roots/Roots
    

SwiftCompile normal arm64 /Users/clevelandlewis/Desktop/Roots/Roots/Roots/AssignmentsStore.swift (in target 'Roots' from project 'Roots')
    cd /Users/clevelandlewis/Desktop/Roots/Roots
    

SwiftCompile normal arm64 /Users/clevelandlewis/Desktop/Roots/Roots/Roots/AssignmentsView.swift (in target 'Roots' from project 'Roots')
    cd /Users/clevelandlewis/Desktop/Roots/Roots
    

SwiftCompile normal arm64 /Users/clevelandlewis/Desktop/Roots/Roots/Roots/AssignmentsView2.swift (in target 'Roots' from project 'Roots')
    cd /Users/clevelandlewis/Desktop/Roots/Roots
    

SwiftCompile normal arm64 /Users/clevelandlewis/Desktop/Roots/Roots/Roots/BounceOnTap.swift (in target 'Roots' from project 'Roots')
    cd /Users/clevelandlewis/Desktop/Roots/Roots
    

SwiftCompile normal arm64 /Users/clevelandlewis/Desktop/Roots/Roots/Roots/CalendarDayCell.swift (in target 'Roots' from project 'Roots')
    cd /Users/clevelandlewis/Desktop/Roots/Roots
    

SwiftCompile normal arm64 /Users/clevelandlewis/Desktop/Roots/Roots/Roots/CalendarManager.swift (in target 'Roots' from project 'Roots')
    cd /Users/clevelandlewis/Desktop/Roots/Roots
    
/Users/clevelandlewis/Desktop/Roots/Roots/Roots/CalendarManager.swift:24:15: warning: 'requestAccess(to:completion:)' was deprecated in macOS 14.0: Use -requestFullAccessToEventsWithCompletion:, -requestWriteOnlyAccessToEventsWithCompletion:, or -requestFullAccessToRemindersWithCompletion:
        store.requestAccess(to: .event) { grantedEvents, _ in
              ^
/Users/clevelandlewis/Desktop/Roots/Roots/Roots/CalendarManager.swift:25:24: warning: 'requestAccess(to:completion:)' was deprecated in macOS 14.0: Use -requestFullAccessToEventsWithCompletion:, -requestWriteOnlyAccessToEventsWithCompletion:, or -requestFullAccessToRemindersWithCompletion:
            self.store.requestAccess(to: .reminder) { grantedReminders, _ in
                       ^

SwiftCompile normal arm64 /Users/clevelandlewis/Desktop/Roots/Roots/Roots/CalendarPageView.swift (in target 'Roots' from project 'Roots')
    cd /Users/clevelandlewis/Desktop/Roots/Roots
    

SwiftCompile normal arm64 /Users/clevelandlewis/Desktop/Roots/Roots/Roots/CardGrid.swift (in target 'Roots' from project 'Roots')
    cd /Users/clevelandlewis/Desktop/Roots/Roots
    

SwiftCompile normal arm64 /Users/clevelandlewis/Desktop/Roots/Roots/Roots/ChartViewVerticalStacked.swift (in target 'Roots' from project 'Roots')
    cd /Users/clevelandlewis/Desktop/Roots/Roots
    

SwiftCompile normal arm64 /Users/clevelandlewis/Desktop/Roots/Roots/Roots/ContentView.swift (in target 'Roots' from project 'Roots')
    cd /Users/clevelandlewis/Desktop/Roots/Roots
    

SwiftCompile normal arm64 /Users/clevelandlewis/Desktop/Roots/Roots/Roots/CourseDetailView.swift (in target 'Roots' from project 'Roots')
    cd /Users/clevelandlewis/Desktop/Roots/Roots
    

SwiftEmitModule normal arm64 Emitting\ module\ for\ Roots (in target 'Roots' from project 'Roots')

EmitSwiftModule normal arm64 (in target 'Roots' from project 'Roots')
    cd /Users/clevelandlewis/Desktop/Roots/Roots
    

SwiftCompile normal arm64 Compiling\ SwiftConcurrency.swift,\ TimerControlsView.swift,\ TimerGraphsView.swift,\ TimerHeaderView.swift,\ TimerModels.swift,\ TimerPageView.swift,\ TimerPageViewModel.swift,\ TimerView.swift,\ UILogger.swift,\ UIStubs.swift,\ UsageStats.swift,\ UsageStatsBuilder.swift,\ GeneratedAssetSymbols.swift /Users/clevelandlewis/Desktop/Roots/Roots/Roots/SwiftConcurrency.swift /Users/clevelandlewis/Desktop/Roots/Roots/Roots/TimerControlsView.swift /Users/clevelandlewis/Desktop/Roots/Roots/Roots/TimerGraphsView.swift /Users/clevelandlewis/Desktop/Roots/Roots/Roots/TimerHeaderView.swift /Users/clevelandlewis/Desktop/Roots/Roots/Roots/TimerModels.swift /Users/clevelandlewis/Desktop/Roots/Roots/Roots/TimerPageView.swift /Users/clevelandlewis/Desktop/Roots/Roots/Roots/TimerPageViewModel.swift /Users/clevelandlewis/Desktop/Roots/Roots/Roots/TimerView.swift /Users/clevelandlewis/Desktop/Roots/Roots/Roots/UILogger.swift /Users/clevelandlewis/Desktop/Roots/Roots/Roots/UIStubs.swift /Users/clevelandlewis/Desktop/Roots/Roots/Roots/UsageStats.swift /Users/clevelandlewis/Desktop/Roots/Roots/Roots/UsageStatsBuilder.swift /Users/clevelandlewis/Library/Developer/Xcode/DerivedData/Roots-gevhpbduqwkhrjccazmpeopgipgn/Build/Intermediates.noindex/Roots.build/Debug/Roots.build/DerivedSources/GeneratedAssetSymbols.swift (in target 'Roots' from project 'Roots')

SwiftCompile normal arm64 /Users/clevelandlewis/Desktop/Roots/Roots/Roots/SwiftConcurrency.swift (in target 'Roots' from project 'Roots')
    cd /Users/clevelandlewis/Desktop/Roots/Roots
    

SwiftCompile normal arm64 /Users/clevelandlewis/Desktop/Roots/Roots/Roots/TimerControlsView.swift (in target 'Roots' from project 'Roots')
    cd /Users/clevelandlewis/Desktop/Roots/Roots
    

SwiftCompile normal arm64 /Users/clevelandlewis/Desktop/Roots/Roots/Roots/TimerGraphsView.swift (in target 'Roots' from project 'Roots')
    cd /Users/clevelandlewis/Desktop/Roots/Roots
    
/Users/clevelandlewis/Desktop/Roots/Roots/Roots/TimerGraphsView.swift:46:28: warning: value 'planned' was defined but never used; consider replacing with boolean test
                    if let planned = session.plannedDuration {
                       ~~~~^~~~~~~~~~
                                                             != nil

SwiftCompile normal arm64 /Users/clevelandlewis/Desktop/Roots/Roots/Roots/TimerHeaderView.swift (in target 'Roots' from project 'Roots')
    cd /Users/clevelandlewis/Desktop/Roots/Roots
    

SwiftCompile normal arm64 /Users/clevelandlewis/Desktop/Roots/Roots/Roots/TimerModels.swift (in target 'Roots' from project 'Roots')
    cd /Users/clevelandlewis/Desktop/Roots/Roots
    

SwiftCompile normal arm64 /Users/clevelandlewis/Desktop/Roots/Roots/Roots/TimerPageView.swift (in target 'Roots' from project 'Roots')
    cd /Users/clevelandlewis/Desktop/Roots/Roots
    

SwiftCompile normal arm64 /Users/clevelandlewis/Desktop/Roots/Roots/Roots/TimerPageViewModel.swift (in target 'Roots' from project 'Roots')
    cd /Users/clevelandlewis/Desktop/Roots/Roots
    
/Users/clevelandlewis/Desktop/Roots/Roots/Roots/TimerPageViewModel.swift:40:14: warning: capture of 'self' in a closure that outlives deinit; this is an error in the Swift 6 language mode
        Task { @MainActor in
             ^

SwiftCompile normal arm64 /Users/clevelandlewis/Desktop/Roots/Roots/Roots/TimerView.swift (in target 'Roots' from project 'Roots')
    cd /Users/clevelandlewis/Desktop/Roots/Roots
    

SwiftCompile normal arm64 /Users/clevelandlewis/Desktop/Roots/Roots/Roots/UILogger.swift (in target 'Roots' from project 'Roots')
    cd /Users/clevelandlewis/Desktop/Roots/Roots
    

SwiftCompile normal arm64 /Users/clevelandlewis/Desktop/Roots/Roots/Roots/UIStubs.swift (in target 'Roots' from project 'Roots')
    cd /Users/clevelandlewis/Desktop/Roots/Roots
    

SwiftCompile normal arm64 /Users/clevelandlewis/Desktop/Roots/Roots/Roots/UsageStats.swift (in target 'Roots' from project 'Roots')
    cd /Users/clevelandlewis/Desktop/Roots/Roots
    

SwiftCompile normal arm64 /Users/clevelandlewis/Desktop/Roots/Roots/Roots/UsageStatsBuilder.swift (in target 'Roots' from project 'Roots')
    cd /Users/clevelandlewis/Desktop/Roots/Roots
    

SwiftCompile normal arm64 /Users/clevelandlewis/Library/Developer/Xcode/DerivedData/Roots-gevhpbduqwkhrjccazmpeopgipgn/Build/Intermediates.noindex/Roots.build/Debug/Roots.build/DerivedSources/GeneratedAssetSymbols.swift (in target 'Roots' from project 'Roots')
    cd /Users/clevelandlewis/Desktop/Roots/Roots
    

SwiftCompile normal arm64 Compiling\ SettingsPane_Appearance.swift,\ SettingsPane_Courses.swift,\ SettingsPane_General.swift,\ SettingsPane_Interface.swift,\ SettingsPane_Interface+QuickActions.swift,\ SettingsPane_Interface+Tabs.swift,\ SettingsRootView.swift,\ SettingsToolbarIdentifiers.swift,\ SettingsView.swift,\ SettingsWindowController.swift,\ SidebarStyling.swift,\ SidebarView.swift,\ StudyAnalyticsAggregator.swift /Users/clevelandlewis/Desktop/Roots/Roots/Roots/SettingsPane_Appearance.swift /Users/clevelandlewis/Desktop/Roots/Roots/Roots/SettingsPane_Courses.swift /Users/clevelandlewis/Desktop/Roots/Roots/Roots/SettingsPane_General.swift /Users/clevelandlewis/Desktop/Roots/Roots/Roots/SettingsPane_Interface.swift /Users/clevelandlewis/Desktop/Roots/Roots/Roots/SettingsPane_Interface+QuickActions.swift /Users/clevelandlewis/Desktop/Roots/Roots/Roots/SettingsPane_Interface+Tabs.swift /Users/clevelandlewis/Desktop/Roots/Roots/Roots/SettingsRootView.swift /Users/clevelandlewis/Desktop/Roots/Roots/Roots/SettingsToolbarIdentifiers.swift /Users/clevelandlewis/Desktop/Roots/Roots/Roots/SettingsView.swift /Users/clevelandlewis/Desktop/Roots/Roots/Roots/SettingsWindowController.swift /Users/clevelandlewis/Desktop/Roots/Roots/Roots/SidebarStyling.swift /Users/clevelandlewis/Desktop/Roots/Roots/Roots/SidebarView.swift /Users/clevelandlewis/Desktop/Roots/Roots/Roots/StudyAnalyticsAggregator.swift (in target 'Roots' from project 'Roots')

SwiftCompile normal arm64 /Users/clevelandlewis/Desktop/Roots/Roots/Roots/SettingsPane_Appearance.swift (in target 'Roots' from project 'Roots')
    cd /Users/clevelandlewis/Desktop/Roots/Roots
    

SwiftCompile normal arm64 /Users/clevelandlewis/Desktop/Roots/Roots/Roots/SettingsPane_Courses.swift (in target 'Roots' from project 'Roots')
    cd /Users/clevelandlewis/Desktop/Roots/Roots
    

SwiftCompile normal arm64 /Users/clevelandlewis/Desktop/Roots/Roots/Roots/SettingsPane_General.swift (in target 'Roots' from project 'Roots')
    cd /Users/clevelandlewis/Desktop/Roots/Roots
    

SwiftCompile normal arm64 /Users/clevelandlewis/Desktop/Roots/Roots/Roots/SettingsPane_Interface.swift (in target 'Roots' from project 'Roots')
    cd /Users/clevelandlewis/Desktop/Roots/Roots
    

SwiftCompile normal arm64 /Users/clevelandlewis/Desktop/Roots/Roots/Roots/SettingsPane_Interface+QuickActions.swift (in target 'Roots' from project 'Roots')
    cd /Users/clevelandlewis/Desktop/Roots/Roots
    

SwiftCompile normal arm64 /Users/clevelandlewis/Desktop/Roots/Roots/Roots/SettingsPane_Interface+Tabs.swift (in target 'Roots' from project 'Roots')
    cd /Users/clevelandlewis/Desktop/Roots/Roots
    

SwiftCompile normal arm64 /Users/clevelandlewis/Desktop/Roots/Roots/Roots/SettingsRootView.swift (in target 'Roots' from project 'Roots')
    cd /Users/clevelandlewis/Desktop/Roots/Roots
    

SwiftCompile normal arm64 /Users/clevelandlewis/Desktop/Roots/Roots/Roots/SettingsToolbarIdentifiers.swift (in target 'Roots' from project 'Roots')
    cd /Users/clevelandlewis/Desktop/Roots/Roots
    

SwiftCompile normal arm64 /Users/clevelandlewis/Desktop/Roots/Roots/Roots/SettingsView.swift (in target 'Roots' from project 'Roots')
    cd /Users/clevelandlewis/Desktop/Roots/Roots
    
/Users/clevelandlewis/Desktop/Roots/Roots/Roots/SettingsView.swift:54:14: warning: 'onChange(of:perform:)' was deprecated in macOS 14.0: Use `onChange` with a two or zero parameter action closure instead.
            .onChange(of: settings.use24HourTime) { _ in settings.save() }
             ^
/Users/clevelandlewis/Desktop/Roots/Roots/Roots/SettingsView.swift:55:14: warning: 'onChange(of:perform:)' was deprecated in macOS 14.0: Use `onChange` with a two or zero parameter action closure instead.
            .onChange(of: settings.showEnergyPanel) { _ in settings.save() }
             ^
/Users/clevelandlewis/Desktop/Roots/Roots/Roots/SettingsView.swift:56:14: warning: 'onChange(of:perform:)' was deprecated in macOS 14.0: Use `onChange` with a two or zero parameter action closure instead.
            .onChange(of: settings.highContrastMode) { _ in settings.save() }
             ^
/Users/clevelandlewis/Desktop/Roots/Roots/Roots/SettingsView.swift:57:14: warning: 'onChange(of:perform:)' was deprecated in macOS 14.0: Use `onChange` with a two or zero parameter action closure instead.
            .onChange(of: settings.defaultWorkdayStart) { _ in settings.save() }
             ^
/Users/clevelandlewis/Desktop/Roots/Roots/Roots/SettingsView.swift:58:14: warning: 'onChange(of:perform:)' was deprecated in macOS 14.0: Use `onChange` with a two or zero parameter action closure instead.
            .onChange(of: settings.defaultWorkdayEnd) { _ in settings.save() }
             ^

SwiftCompile normal arm64 /Users/clevelandlewis/Desktop/Roots/Roots/Roots/SettingsWindowController.swift (in target 'Roots' from project 'Roots')
    cd /Users/clevelandlewis/Desktop/Roots/Roots
    

SwiftCompile normal arm64 /Users/clevelandlewis/Desktop/Roots/Roots/Roots/SidebarStyling.swift (in target 'Roots' from project 'Roots')
    cd /Users/clevelandlewis/Desktop/Roots/Roots
    

SwiftCompile normal arm64 /Users/clevelandlewis/Desktop/Roots/Roots/Roots/SidebarView.swift (in target 'Roots' from project 'Roots')
    cd /Users/clevelandlewis/Desktop/Roots/Roots
    

SwiftCompile normal arm64 /Users/clevelandlewis/Desktop/Roots/Roots/Roots/StudyAnalyticsAggregator.swift (in target 'Roots' from project 'Roots')
    cd /Users/clevelandlewis/Desktop/Roots/Roots
    
/Users/clevelandlewis/Desktop/Roots/Roots/Roots/StudyAnalyticsAggregator.swift:51:13: warning: variable 'startDiff' was never mutated; consider changing to 'let' constant
        var startDiff = (weekday + 5) % 7 // days to subtract to get Monday
        ~~~ ^
        let
/Users/clevelandlewis/Desktop/Roots/Roots/Roots/StudyAnalyticsAggregator.swift:75:21: warning: variable 'bucket' was never mutated; consider changing to 'let' constant
                var bucket = result[i]
                ~~~ ^
                let
/Users/clevelandlewis/Desktop/Roots/Roots/Roots/StudyAnalyticsAggregator.swift:90:13: warning: initialization of immutable value 'hour' was never used; consider replacing with assignment to '_' or removing it
        let hour = calendar.component(.hour, from: date)
        ~~~~^~~~
        _

SwiftDriverJobDiscovery normal arm64 Emitting module for Roots (in target 'Roots' from project 'Roots')

SwiftDriverJobDiscovery normal arm64 Compiling ActivityEditorView.swift, ActivityListView.swift, AdaptiveSchedulerTests.swift, AddAssignmentView.swift, AddCourseSheet.swift, AddEditCourseView.swift, AddSemesterSheet.swift, AIScheduler.swift, AISchedulerTests.swift, AnyButtonStyle.swift, AppCard.swift, AppCommands.swift, AppModel.swift, AppPage.swift (in target 'Roots' from project 'Roots')

SwiftDriver\ Compilation\ Requirements Roots normal arm64 com.apple.xcode.tools.swift.compiler (in target 'Roots' from project 'Roots')
    cd /Users/clevelandlewis/Desktop/Roots/Roots
    builtin-Swift-Compilation-Requirements -- /Applications/Xcode.app/Contents/Developer/Toolchains/XcodeDefault.xctoolchain/usr/bin/swiftc -module-name Roots -Onone -enforce-exclusivity\=checked @/Users/clevelandlewis/Library/Developer/Xcode/DerivedData/Roots-gevhpbduqwkhrjccazmpeopgipgn/Build/Intermediates.noindex/Roots.build/Debug/Roots.build/Objects-normal/arm64/Roots.SwiftFileList -DDEBUG -default-isolation\=MainActor -enable-bare-slash-regex -enable-upcoming-feature DisableOutwardActorInference -enable-upcoming-feature InferSendableFromCaptures -enable-upcoming-feature GlobalActorIsolatedTypesUsability -enable-upcoming-feature MemberImportVisibility -enable-upcoming-feature InferIsolatedConformances -enable-upcoming-feature NonisolatedNonsendingByDefault -enable-experimental-feature DebugDescriptionMacro -sdk /Applications/Xcode.app/Contents/Developer/Platforms/MacOSX.platform/Developer/SDKs/MacOSX26.1.sdk -target arm64-apple-macos26.1 -g -module-cache-path /Users/clevelandlewis/Library/Developer/Xcode/DerivedData/ModuleCache.noindex -Xfrontend -serialize-debugging-options -profile-coverage-mapping -profile-generate -enable-testing -index-store-path /Users/clevelandlewis/Library/Developer/Xcode/DerivedData/Roots-gevhpbduqwkhrjccazmpeopgipgn/Index.noindex/DataStore -Xcc -D_LIBCPP_HARDENING_MODE\=_LIBCPP_HARDENING_MODE_DEBUG -swift-version 5 -I /Users/clevelandlewis/Library/Developer/Xcode/DerivedData/Roots-gevhpbduqwkhrjccazmpeopgipgn/Build/Products/Debug -F /Users/clevelandlewis/Library/Developer/Xcode/DerivedData/Roots-gevhpbduqwkhrjccazmpeopgipgn/Build/Products/Debug -emit-localized-strings -emit-localized-strings-path /Users/clevelandlewis/Library/Developer/Xcode/DerivedData/Roots-gevhpbduqwkhrjccazmpeopgipgn/Build/Intermediates.noindex/Roots.build/Debug/Roots.build/Objects-normal/arm64 -c -j8 -enable-batch-mode -incremental -Xcc -ivfsstatcache -Xcc /Users/clevelandlewis/Library/Developer/Xcode/DerivedData/SDKStatCaches.noindex/macosx26.1-25B74-3885c01c3e6b6a337905948deab2002e3ae1261907bdadc328169391a47051a6.sdkstatcache -output-file-map /Users/clevelandlewis/Library/Developer/Xcode/DerivedData/Roots-gevhpbduqwkhrjccazmpeopgipgn/Build/Intermediates.noindex/Roots.build/Debug/Roots.build/Objects-normal/arm64/Roots-OutputFileMap.json -use-frontend-parseable-output -save-temps -no-color-diagnostics -explicit-module-build -module-cache-path /Users/clevelandlewis/Library/Developer/Xcode/DerivedData/Roots-gevhpbduqwkhrjccazmpeopgipgn/Build/Intermediates.noindex/SwiftExplicitPrecompiledModules -clang-scanner-module-cache-path /Users/clevelandlewis/Library/Developer/Xcode/DerivedData/ModuleCache.noindex -sdk-module-cache-path /Users/clevelandlewis/Library/Developer/Xcode/DerivedData/ModuleCache.noindex -serialize-diagnostics -emit-dependencies -emit-module -emit-module-path /Users/clevelandlewis/Library/Developer/Xcode/DerivedData/Roots-gevhpbduqwkhrjccazmpeopgipgn/Build/Intermediates.noindex/Roots.build/Debug/Roots.build/Objects-normal/arm64/Roots.swiftmodule -validate-clang-modules-once -clang-build-session-file /Users/clevelandlewis/Library/Developer/Xcode/DerivedData/ModuleCache.noindex/Session.modulevalidation -Xcc -I/Users/clevelandlewis/Library/Developer/Xcode/DerivedData/Roots-gevhpbduqwkhrjccazmpeopgipgn/Build/Intermediates.noindex/Roots.build/Debug/Roots.build/swift-overrides.hmap -emit-const-values -Xfrontend -const-gather-protocols-file -Xfrontend /Users/clevelandlewis/Library/Developer/Xcode/DerivedData/Roots-gevhpbduqwkhrjccazmpeopgipgn/Build/Intermediates.noindex/Roots.build/Debug/Roots.build/Objects-normal/arm64/Roots_const_extract_protocols.json -Xcc -iquote -Xcc /Users/clevelandlewis/Library/Developer/Xcode/DerivedData/Roots-gevhpbduqwkhrjccazmpeopgipgn/Build/Intermediates.noindex/Roots.build/Debug/Roots.build/Roots-generated-files.hmap -Xcc -I/Users/clevelandlewis/Library/Developer/Xcode/DerivedData/Roots-gevhpbduqwkhrjccazmpeopgipgn/Build/Intermediates.noindex/Roots.build/Debug/Roots.build/Roots-own-target-headers.hmap -Xcc -I/Users/clevelandlewis/Library/Developer/Xcode/DerivedData/Roots-gevhpbduqwkhrjccazmpeopgipgn/Build/Intermediates.noindex/Roots.build/Debug/Roots.build/Roots-all-target-headers.hmap -Xcc -iquote -Xcc /Users/clevelandlewis/Library/Developer/Xcode/DerivedData/Roots-gevhpbduqwkhrjccazmpeopgipgn/Build/Intermediates.noindex/Roots.build/Debug/Roots.build/Roots-project-headers.hmap -Xcc -I/Users/clevelandlewis/Library/Developer/Xcode/DerivedData/Roots-gevhpbduqwkhrjccazmpeopgipgn/Build/Products/Debug/include -Xcc -I/Users/clevelandlewis/Library/Developer/Xcode/DerivedData/Roots-gevhpbduqwkhrjccazmpeopgipgn/Build/Intermediates.noindex/Roots.build/Debug/Roots.build/DerivedSources-normal/arm64 -Xcc -I/Users/clevelandlewis/Library/Developer/Xcode/DerivedData/Roots-gevhpbduqwkhrjccazmpeopgipgn/Build/Intermediates.noindex/Roots.build/Debug/Roots.build/DerivedSources/arm64 -Xcc -I/Users/clevelandlewis/Library/Developer/Xcode/DerivedData/Roots-gevhpbduqwkhrjccazmpeopgipgn/Build/Intermediates.noindex/Roots.build/Debug/Roots.build/DerivedSources -Xcc -DDEBUG\=1 -emit-objc-header -emit-objc-header-path /Users/clevelandlewis/Library/Developer/Xcode/DerivedData/Roots-gevhpbduqwkhrjccazmpeopgipgn/Build/Intermediates.noindex/Roots.build/Debug/Roots.build/Objects-normal/arm64/Roots-Swift.h -working-directory /Users/clevelandlewis/Desktop/Roots/Roots -experimental-emit-module-separately -disable-cmo

SwiftMergeGeneratedHeaders /Users/clevelandlewis/Library/Developer/Xcode/DerivedData/Roots-gevhpbduqwkhrjccazmpeopgipgn/Build/Intermediates.noindex/Roots.build/Debug/Roots.build/DerivedSources/Roots-Swift.h /Users/clevelandlewis/Library/Developer/Xcode/DerivedData/Roots-gevhpbduqwkhrjccazmpeopgipgn/Build/Intermediates.noindex/Roots.build/Debug/Roots.build/Objects-normal/arm64/Roots-Swift.h (in target 'Roots' from project 'Roots')
    cd /Users/clevelandlewis/Desktop/Roots/Roots
    builtin-swiftHeaderTool -arch arm64 /Users/clevelandlewis/Library/Developer/Xcode/DerivedData/Roots-gevhpbduqwkhrjccazmpeopgipgn/Build/Intermediates.noindex/Roots.build/Debug/Roots.build/Objects-normal/arm64/Roots-Swift.h -o /Users/clevelandlewis/Library/Developer/Xcode/DerivedData/Roots-gevhpbduqwkhrjccazmpeopgipgn/Build/Intermediates.noindex/Roots.build/Debug/Roots.build/DerivedSources/Roots-Swift.h

Copy /Users/clevelandlewis/Library/Developer/Xcode/DerivedData/Roots-gevhpbduqwkhrjccazmpeopgipgn/Build/Products/Debug/Roots.swiftmodule/arm64-apple-macos.swiftmodule /Users/clevelandlewis/Library/Developer/Xcode/DerivedData/Roots-gevhpbduqwkhrjccazmpeopgipgn/Build/Intermediates.noindex/Roots.build/Debug/Roots.build/Objects-normal/arm64/Roots.swiftmodule (in target 'Roots' from project 'Roots')
    cd /Users/clevelandlewis/Desktop/Roots/Roots
    builtin-copy -exclude .DS_Store -exclude CVS -exclude .svn -exclude .git -exclude .hg -resolve-src-symlinks -rename /Users/clevelandlewis/Library/Developer/Xcode/DerivedData/Roots-gevhpbduqwkhrjccazmpeopgipgn/Build/Intermediates.noindex/Roots.build/Debug/Roots.build/Objects-normal/arm64/Roots.swiftmodule /Users/clevelandlewis/Library/Developer/Xcode/DerivedData/Roots-gevhpbduqwkhrjccazmpeopgipgn/Build/Products/Debug/Roots.swiftmodule/arm64-apple-macos.swiftmodule

Copy /Users/clevelandlewis/Library/Developer/Xcode/DerivedData/Roots-gevhpbduqwkhrjccazmpeopgipgn/Build/Products/Debug/Roots.swiftmodule/arm64-apple-macos.swiftdoc /Users/clevelandlewis/Library/Developer/Xcode/DerivedData/Roots-gevhpbduqwkhrjccazmpeopgipgn/Build/Intermediates.noindex/Roots.build/Debug/Roots.build/Objects-normal/arm64/Roots.swiftdoc (in target 'Roots' from project 'Roots')
    cd /Users/clevelandlewis/Desktop/Roots/Roots
    builtin-copy -exclude .DS_Store -exclude CVS -exclude .svn -exclude .git -exclude .hg -resolve-src-symlinks -rename /Users/clevelandlewis/Library/Developer/Xcode/DerivedData/Roots-gevhpbduqwkhrjccazmpeopgipgn/Build/Intermediates.noindex/Roots.build/Debug/Roots.build/Objects-normal/arm64/Roots.swiftdoc /Users/clevelandlewis/Library/Developer/Xcode/DerivedData/Roots-gevhpbduqwkhrjccazmpeopgipgn/Build/Products/Debug/Roots.swiftmodule/arm64-apple-macos.swiftdoc

Copy /Users/clevelandlewis/Library/Developer/Xcode/DerivedData/Roots-gevhpbduqwkhrjccazmpeopgipgn/Build/Products/Debug/Roots.swiftmodule/arm64-apple-macos.abi.json /Users/clevelandlewis/Library/Developer/Xcode/DerivedData/Roots-gevhpbduqwkhrjccazmpeopgipgn/Build/Intermediates.noindex/Roots.build/Debug/Roots.build/Objects-normal/arm64/Roots.abi.json (in target 'Roots' from project 'Roots')
    cd /Users/clevelandlewis/Desktop/Roots/Roots
    builtin-copy -exclude .DS_Store -exclude CVS -exclude .svn -exclude .git -exclude .hg -resolve-src-symlinks -rename /Users/clevelandlewis/Library/Developer/Xcode/DerivedData/Roots-gevhpbduqwkhrjccazmpeopgipgn/Build/Intermediates.noindex/Roots.build/Debug/Roots.build/Objects-normal/arm64/Roots.abi.json /Users/clevelandlewis/Library/Developer/Xcode/DerivedData/Roots-gevhpbduqwkhrjccazmpeopgipgn/Build/Products/Debug/Roots.swiftmodule/arm64-apple-macos.abi.json

Copy /Users/clevelandlewis/Library/Developer/Xcode/DerivedData/Roots-gevhpbduqwkhrjccazmpeopgipgn/Build/Products/Debug/Roots.swiftmodule/Project/arm64-apple-macos.swiftsourceinfo /Users/clevelandlewis/Library/Developer/Xcode/DerivedData/Roots-gevhpbduqwkhrjccazmpeopgipgn/Build/Intermediates.noindex/Roots.build/Debug/Roots.build/Objects-normal/arm64/Roots.swiftsourceinfo (in target 'Roots' from project 'Roots')
    cd /Users/clevelandlewis/Desktop/Roots/Roots
    builtin-copy -exclude .DS_Store -exclude CVS -exclude .svn -exclude .git -exclude .hg -resolve-src-symlinks -rename /Users/clevelandlewis/Library/Developer/Xcode/DerivedData/Roots-gevhpbduqwkhrjccazmpeopgipgn/Build/Intermediates.noindex/Roots.build/Debug/Roots.build/Objects-normal/arm64/Roots.swiftsourceinfo /Users/clevelandlewis/Library/Developer/Xcode/DerivedData/Roots-gevhpbduqwkhrjccazmpeopgipgn/Build/Products/Debug/Roots.swiftmodule/Project/arm64-apple-macos.swiftsourceinfo

SwiftDriverJobDiscovery normal arm64 Compiling RootsInsightsEngine.swift, RootsSettingsWindow.swift, RootsWindowSizing.swift, RootTab.swift, SchedulerAdaptationManager.swift, SchedulerFeedback.swift, SchedulerLearner.swift, SchedulerPreferences.swift, SchedulerPreferencesStore.swift, SemesterPicker.swift, SensoryFeedback.swift, SettingsCoordinator.swift, SettingsPane_Accounts.swift (in target 'Roots' from project 'Roots')

SwiftDriverJobDiscovery normal arm64 Compiling SettingsPane_Appearance.swift, SettingsPane_Courses.swift, SettingsPane_General.swift, SettingsPane_Interface.swift, SettingsPane_Interface+QuickActions.swift, SettingsPane_Interface+Tabs.swift, SettingsRootView.swift, SettingsToolbarIdentifiers.swift, SettingsView.swift, SettingsWindowController.swift, SidebarStyling.swift, SidebarView.swift, StudyAnalyticsAggregator.swift (in target 'Roots' from project 'Roots')

SwiftDriverJobDiscovery normal arm64 Compiling Diagnostics.swift, EventsCountStore.swift, FloatingTabBar.swift, Glass.swift, GlassBlueProminentButtonStyle.swift, GlassButtons.swift, GlassButtonStyle.swift, GlassCircleButton.swift, GlassIconButton.swift, GlassPopupContainer.swift, GlassProminentButtonStyle.swift, GradesPageView.swift, GradesView.swift, HapticsManager.swift (in target 'Roots' from project 'Roots')

SwiftDriverJobDiscovery normal arm64 Compiling HistoryStoreImpl.swift, Insight.swift, InsightEngine.swift, InsightsViewModel.swift, Item.swift, LoadableViewModel.swift, PerformanceMonitor.swift, PermissionsManager.swift, PlannerPageView.swift, PlannerView.swift, PopupTextAlignment.swift, QuickAction.swift, RootDesignPreviewPage.swift, RootsApp.swift (in target 'Roots' from project 'Roots')

SwiftDriverJobDiscovery normal arm64 Compiling CourseModels.swift, CoursesPageView.swift, CoursesStore.swift, CoursesView.swift, CurrentActivityView.swift, DashboardView.swift, DesignCard.swift, DesignPage.swift, DesignShell.swift, DesignSystem.swift, DesignTokensCompat.swift, DeveloperIntegrationExamples.swift, DeveloperSettings.swift, DeveloperSettingsView.swift (in target 'Roots' from project 'Roots')

SwiftDriverJobDiscovery normal arm64 Compiling SwiftConcurrency.swift, TimerControlsView.swift, TimerGraphsView.swift, TimerHeaderView.swift, TimerModels.swift, TimerPageView.swift, TimerPageViewModel.swift, TimerView.swift, UILogger.swift, UIStubs.swift, UsageStats.swift, UsageStatsBuilder.swift, GeneratedAssetSymbols.swift (in target 'Roots' from project 'Roots')

SwiftDriverJobDiscovery normal arm64 Compiling AppSettingsModel.swift, AssignmentRow.swift, AssignmentsPageView.swift, AssignmentsStore.swift, AssignmentsView.swift, AssignmentsView2.swift, BounceOnTap.swift, CalendarDayCell.swift, CalendarManager.swift, CalendarPageView.swift, CardGrid.swift, ChartViewVerticalStacked.swift, ContentView.swift, CourseDetailView.swift (in target 'Roots' from project 'Roots')

SwiftDriver\ Compilation Roots normal arm64 com.apple.xcode.tools.swift.compiler (in target 'Roots' from project 'Roots')
    cd /Users/clevelandlewis/Desktop/Roots/Roots
    builtin-Swift-Compilation -- /Applications/Xcode.app/Contents/Developer/Toolchains/XcodeDefault.xctoolchain/usr/bin/swiftc -module-name Roots -Onone -enforce-exclusivity\=checked @/Users/clevelandlewis/Library/Developer/Xcode/DerivedData/Roots-gevhpbduqwkhrjccazmpeopgipgn/Build/Intermediates.noindex/Roots.build/Debug/Roots.build/Objects-normal/arm64/Roots.SwiftFileList -DDEBUG -default-isolation\=MainActor -enable-bare-slash-regex -enable-upcoming-feature DisableOutwardActorInference -enable-upcoming-feature InferSendableFromCaptures -enable-upcoming-feature GlobalActorIsolatedTypesUsability -enable-upcoming-feature MemberImportVisibility -enable-upcoming-feature InferIsolatedConformances -enable-upcoming-feature NonisolatedNonsendingByDefault -enable-experimental-feature DebugDescriptionMacro -sdk /Applications/Xcode.app/Contents/Developer/Platforms/MacOSX.platform/Developer/SDKs/MacOSX26.1.sdk -target arm64-apple-macos26.1 -g -module-cache-path /Users/clevelandlewis/Library/Developer/Xcode/DerivedData/ModuleCache.noindex -Xfrontend -serialize-debugging-options -profile-coverage-mapping -profile-generate -enable-testing -index-store-path /Users/clevelandlewis/Library/Developer/Xcode/DerivedData/Roots-gevhpbduqwkhrjccazmpeopgipgn/Index.noindex/DataStore -Xcc -D_LIBCPP_HARDENING_MODE\=_LIBCPP_HARDENING_MODE_DEBUG -swift-version 5 -I /Users/clevelandlewis/Library/Developer/Xcode/DerivedData/Roots-gevhpbduqwkhrjccazmpeopgipgn/Build/Products/Debug -F /Users/clevelandlewis/Library/Developer/Xcode/DerivedData/Roots-gevhpbduqwkhrjccazmpeopgipgn/Build/Products/Debug -emit-localized-strings -emit-localized-strings-path /Users/clevelandlewis/Library/Developer/Xcode/DerivedData/Roots-gevhpbduqwkhrjccazmpeopgipgn/Build/Intermediates.noindex/Roots.build/Debug/Roots.build/Objects-normal/arm64 -c -j8 -enable-batch-mode -incremental -Xcc -ivfsstatcache -Xcc /Users/clevelandlewis/Library/Developer/Xcode/DerivedData/SDKStatCaches.noindex/macosx26.1-25B74-3885c01c3e6b6a337905948deab2002e3ae1261907bdadc328169391a47051a6.sdkstatcache -output-file-map /Users/clevelandlewis/Library/Developer/Xcode/DerivedData/Roots-gevhpbduqwkhrjccazmpeopgipgn/Build/Intermediates.noindex/Roots.build/Debug/Roots.build/Objects-normal/arm64/Roots-OutputFileMap.json -use-frontend-parseable-output -save-temps -no-color-diagnostics -explicit-module-build -module-cache-path /Users/clevelandlewis/Library/Developer/Xcode/DerivedData/Roots-gevhpbduqwkhrjccazmpeopgipgn/Build/Intermediates.noindex/SwiftExplicitPrecompiledModules -clang-scanner-module-cache-path /Users/clevelandlewis/Library/Developer/Xcode/DerivedData/ModuleCache.noindex -sdk-module-cache-path /Users/clevelandlewis/Library/Developer/Xcode/DerivedData/ModuleCache.noindex -serialize-diagnostics -emit-dependencies -emit-module -emit-module-path /Users/clevelandlewis/Library/Developer/Xcode/DerivedData/Roots-gevhpbduqwkhrjccazmpeopgipgn/Build/Intermediates.noindex/Roots.build/Debug/Roots.build/Objects-normal/arm64/Roots.swiftmodule -validate-clang-modules-once -clang-build-session-file /Users/clevelandlewis/Library/Developer/Xcode/DerivedData/ModuleCache.noindex/Session.modulevalidation -Xcc -I/Users/clevelandlewis/Library/Developer/Xcode/DerivedData/Roots-gevhpbduqwkhrjccazmpeopgipgn/Build/Intermediates.noindex/Roots.build/Debug/Roots.build/swift-overrides.hmap -emit-const-values -Xfrontend -const-gather-protocols-file -Xfrontend /Users/clevelandlewis/Library/Developer/Xcode/DerivedData/Roots-gevhpbduqwkhrjccazmpeopgipgn/Build/Intermediates.noindex/Roots.build/Debug/Roots.build/Objects-normal/arm64/Roots_const_extract_protocols.json -Xcc -iquote -Xcc /Users/clevelandlewis/Library/Developer/Xcode/DerivedData/Roots-gevhpbduqwkhrjccazmpeopgipgn/Build/Intermediates.noindex/Roots.build/Debug/Roots.build/Roots-generated-files.hmap -Xcc -I/Users/clevelandlewis/Library/Developer/Xcode/DerivedData/Roots-gevhpbduqwkhrjccazmpeopgipgn/Build/Intermediates.noindex/Roots.build/Debug/Roots.build/Roots-own-target-headers.hmap -Xcc -I/Users/clevelandlewis/Library/Developer/Xcode/DerivedData/Roots-gevhpbduqwkhrjccazmpeopgipgn/Build/Intermediates.noindex/Roots.build/Debug/Roots.build/Roots-all-target-headers.hmap -Xcc -iquote -Xcc /Users/clevelandlewis/Library/Developer/Xcode/DerivedData/Roots-gevhpbduqwkhrjccazmpeopgipgn/Build/Intermediates.noindex/Roots.build/Debug/Roots.build/Roots-project-headers.hmap -Xcc -I/Users/clevelandlewis/Library/Developer/Xcode/DerivedData/Roots-gevhpbduqwkhrjccazmpeopgipgn/Build/Products/Debug/include -Xcc -I/Users/clevelandlewis/Library/Developer/Xcode/DerivedData/Roots-gevhpbduqwkhrjccazmpeopgipgn/Build/Intermediates.noindex/Roots.build/Debug/Roots.build/DerivedSources-normal/arm64 -Xcc -I/Users/clevelandlewis/Library/Developer/Xcode/DerivedData/Roots-gevhpbduqwkhrjccazmpeopgipgn/Build/Intermediates.noindex/Roots.build/Debug/Roots.build/DerivedSources/arm64 -Xcc -I/Users/clevelandlewis/Library/Developer/Xcode/DerivedData/Roots-gevhpbduqwkhrjccazmpeopgipgn/Build/Intermediates.noindex/Roots.build/Debug/Roots.build/DerivedSources -Xcc -DDEBUG\=1 -emit-objc-header -emit-objc-header-path /Users/clevelandlewis/Library/Developer/Xcode/DerivedData/Roots-gevhpbduqwkhrjccazmpeopgipgn/Build/Intermediates.noindex/Roots.build/Debug/Roots.build/Objects-normal/arm64/Roots-Swift.h -working-directory /Users/clevelandlewis/Desktop/Roots/Roots -experimental-emit-module-separately -disable-cmo

Ld /Users/clevelandlewis/Library/Developer/Xcode/DerivedData/Roots-gevhpbduqwkhrjccazmpeopgipgn/Build/Products/Debug/Roots.app/Contents/MacOS/Roots.debug.dylib normal (in target 'Roots' from project 'Roots')
    cd /Users/clevelandlewis/Desktop/Roots/Roots
    /Applications/Xcode.app/Contents/Developer/Toolchains/XcodeDefault.xctoolchain/usr/bin/clang -Xlinker -reproducible -target arm64-apple-macos26.1 -dynamiclib -isysroot /Applications/Xcode.app/Contents/Developer/Platforms/MacOSX.platform/Developer/SDKs/MacOSX26.1.sdk -O0 -L/Users/clevelandlewis/Library/Developer/Xcode/DerivedData/Roots-gevhpbduqwkhrjccazmpeopgipgn/Build/Intermediates.noindex/EagerLinkingTBDs/Debug -L/Users/clevelandlewis/Library/Developer/Xcode/DerivedData/Roots-gevhpbduqwkhrjccazmpeopgipgn/Build/Products/Debug -F/Users/clevelandlewis/Library/Developer/Xcode/DerivedData/Roots-gevhpbduqwkhrjccazmpeopgipgn/Build/Intermediates.noindex/EagerLinkingTBDs/Debug -F/Users/clevelandlewis/Library/Developer/Xcode/DerivedData/Roots-gevhpbduqwkhrjccazmpeopgipgn/Build/Products/Debug -filelist /Users/clevelandlewis/Library/Developer/Xcode/DerivedData/Roots-gevhpbduqwkhrjccazmpeopgipgn/Build/Intermediates.noindex/Roots.build/Debug/Roots.build/Objects-normal/arm64/Roots.LinkFileList -install_name @rpath/Roots.debug.dylib -Xlinker -rpath -Xlinker @executable_path/../Frameworks -Xlinker -object_path_lto -Xlinker /Users/clevelandlewis/Library/Developer/Xcode/DerivedData/Roots-gevhpbduqwkhrjccazmpeopgipgn/Build/Intermediates.noindex/Roots.build/Debug/Roots.build/Objects-normal/arm64/Roots_lto.o -rdynamic -Xlinker -no_deduplicate -Xlinker -debug_variant -Xlinker -dependency_info -Xlinker /Users/clevelandlewis/Library/Developer/Xcode/DerivedData/Roots-gevhpbduqwkhrjccazmpeopgipgn/Build/Intermediates.noindex/Roots.build/Debug/Roots.build/Objects-normal/arm64/Roots_dependency_info.dat -fobjc-link-runtime -fprofile-instr-generate -L/Applications/Xcode.app/Contents/Developer/Toolchains/XcodeDefault.xctoolchain/usr/lib/swift/macosx -L/usr/lib/swift -Xlinker -add_ast_path -Xlinker /Users/clevelandlewis/Library/Developer/Xcode/DerivedData/Roots-gevhpbduqwkhrjccazmpeopgipgn/Build/Intermediates.noindex/Roots.build/Debug/Roots.build/Objects-normal/arm64/Roots.swiftmodule @/Users/clevelandlewis/Library/Developer/Xcode/DerivedData/Roots-gevhpbduqwkhrjccazmpeopgipgn/Build/Intermediates.noindex/Roots.build/Debug/Roots.build/Objects-normal/arm64/Roots-linker-args.resp -Xlinker -alias -Xlinker _main -Xlinker ___debug_main_executable_dylib_entry_point -Xlinker -no_adhoc_codesign -o /Users/clevelandlewis/Library/Developer/Xcode/DerivedData/Roots-gevhpbduqwkhrjccazmpeopgipgn/Build/Products/Debug/Roots.app/Contents/MacOS/Roots.debug.dylib

ConstructStubExecutorLinkFileList /Users/clevelandlewis/Library/Developer/Xcode/DerivedData/Roots-gevhpbduqwkhrjccazmpeopgipgn/Build/Intermediates.noindex/Roots.build/Debug/Roots.build/Roots-ExecutorLinkFileList-normal-arm64.txt (in target 'Roots' from project 'Roots')
    cd /Users/clevelandlewis/Desktop/Roots/Roots
    construct-stub-executor-link-file-list /Users/clevelandlewis/Library/Developer/Xcode/DerivedData/Roots-gevhpbduqwkhrjccazmpeopgipgn/Build/Products/Debug/Roots.app/Contents/MacOS/Roots.debug.dylib /Applications/Xcode.app/Contents/Developer/Platforms/MacOSX.platform/Developer/usr/lib/libPreviewsJITStubExecutor_no_swift_entry_point.a /Applications/Xcode.app/Contents/Developer/Platforms/MacOSX.platform/Developer/usr/lib/libPreviewsJITStubExecutor.a --output /Users/clevelandlewis/Library/Developer/Xcode/DerivedData/Roots-gevhpbduqwkhrjccazmpeopgipgn/Build/Intermediates.noindex/Roots.build/Debug/Roots.build/Roots-ExecutorLinkFileList-normal-arm64.txt
note: Using stub executor library with Swift entry point. (in target 'Roots' from project 'Roots')

Ld /Users/clevelandlewis/Library/Developer/Xcode/DerivedData/Roots-gevhpbduqwkhrjccazmpeopgipgn/Build/Products/Debug/Roots.app/Contents/MacOS/Roots normal (in target 'Roots' from project 'Roots')
    cd /Users/clevelandlewis/Desktop/Roots/Roots
    /Applications/Xcode.app/Contents/Developer/Toolchains/XcodeDefault.xctoolchain/usr/bin/clang -Xlinker -reproducible -target arm64-apple-macos26.1 -isysroot /Applications/Xcode.app/Contents/Developer/Platforms/MacOSX.platform/Developer/SDKs/MacOSX26.1.sdk -O0 -L/Users/clevelandlewis/Library/Developer/Xcode/DerivedData/Roots-gevhpbduqwkhrjccazmpeopgipgn/Build/Products/Debug -F/Users/clevelandlewis/Library/Developer/Xcode/DerivedData/Roots-gevhpbduqwkhrjccazmpeopgipgn/Build/Products/Debug -Xlinker -rpath -Xlinker @executable_path -Xlinker -rpath -Xlinker @executable_path/../Frameworks -rdynamic -Xlinker -no_deduplicate -Xlinker -debug_variant -e ___debug_blank_executor_main -Xlinker -sectcreate -Xlinker __TEXT -Xlinker __debug_dylib -Xlinker /Users/clevelandlewis/Library/Developer/Xcode/DerivedData/Roots-gevhpbduqwkhrjccazmpeopgipgn/Build/Intermediates.noindex/Roots.build/Debug/Roots.build/Roots-DebugDylibPath-normal-arm64.txt -Xlinker -sectcreate -Xlinker __TEXT -Xlinker __debug_instlnm -Xlinker /Users/clevelandlewis/Library/Developer/Xcode/DerivedData/Roots-gevhpbduqwkhrjccazmpeopgipgn/Build/Intermediates.noindex/Roots.build/Debug/Roots.build/Roots-DebugDylibInstallName-normal-arm64.txt -Xlinker -filelist -Xlinker /Users/clevelandlewis/Library/Developer/Xcode/DerivedData/Roots-gevhpbduqwkhrjccazmpeopgipgn/Build/Intermediates.noindex/Roots.build/Debug/Roots.build/Roots-ExecutorLinkFileList-normal-arm64.txt /Users/clevelandlewis/Library/Developer/Xcode/DerivedData/Roots-gevhpbduqwkhrjccazmpeopgipgn/Build/Products/Debug/Roots.app/Contents/MacOS/Roots.debug.dylib -Xlinker -no_adhoc_codesign -o /Users/clevelandlewis/Library/Developer/Xcode/DerivedData/Roots-gevhpbduqwkhrjccazmpeopgipgn/Build/Products/Debug/Roots.app/Contents/MacOS/Roots

CopySwiftLibs /Users/clevelandlewis/Library/Developer/Xcode/DerivedData/Roots-gevhpbduqwkhrjccazmpeopgipgn/Build/Products/Debug/Roots.app (in target 'Roots' from project 'Roots')
    cd /Users/clevelandlewis/Desktop/Roots/Roots
    builtin-swiftStdLibTool --copy --verbose --sign 9295EFBD80BF44882C7939A5C98AAC1C4F3D44EE --scan-executable /Users/clevelandlewis/Library/Developer/Xcode/DerivedData/Roots-gevhpbduqwkhrjccazmpeopgipgn/Build/Products/Debug/Roots.app/Contents/MacOS/Roots.debug.dylib --scan-folder /Users/clevelandlewis/Library/Developer/Xcode/DerivedData/Roots-gevhpbduqwkhrjccazmpeopgipgn/Build/Products/Debug/Roots.app/Contents/Frameworks --scan-folder /Users/clevelandlewis/Library/Developer/Xcode/DerivedData/Roots-gevhpbduqwkhrjccazmpeopgipgn/Build/Products/Debug/Roots.app/Contents/PlugIns --scan-folder /Users/clevelandlewis/Library/Developer/Xcode/DerivedData/Roots-gevhpbduqwkhrjccazmpeopgipgn/Build/Products/Debug/Roots.app/Contents/Library/SystemExtensions --scan-folder /Users/clevelandlewis/Library/Developer/Xcode/DerivedData/Roots-gevhpbduqwkhrjccazmpeopgipgn/Build/Products/Debug/Roots.app/Contents/Extensions --platform macosx --toolchain /var/run/com.apple.security.cryptexd/mnt/com.apple.MobileAsset.MetalToolchain-v17.2.54.0.AI18ZE/Metal.xctoolchain --toolchain /Applications/Xcode.app/Contents/Developer/Toolchains/XcodeDefault.xctoolchain --destination /Users/clevelandlewis/Library/Developer/Xcode/DerivedData/Roots-gevhpbduqwkhrjccazmpeopgipgn/Build/Products/Debug/Roots.app/Contents/Frameworks --strip-bitcode --strip-bitcode-tool /Applications/Xcode.app/Contents/Developer/Toolchains/XcodeDefault.xctoolchain/usr/bin/bitcode_strip --emit-dependency-info /Users/clevelandlewis/Library/Developer/Xcode/DerivedData/Roots-gevhpbduqwkhrjccazmpeopgipgn/Build/Intermediates.noindex/Roots.build/Debug/Roots.build/SwiftStdLibToolInputDependencies.dep --filter-for-swift-os

ExtractAppIntentsMetadata (in target 'Roots' from project 'Roots')
    cd /Users/clevelandlewis/Desktop/Roots/Roots
    /Applications/Xcode.app/Contents/Developer/Toolchains/XcodeDefault.xctoolchain/usr/bin/appintentsmetadataprocessor --toolchain-dir /var/run/com.apple.security.cryptexd/mnt/com.apple.MobileAsset.MetalToolchain-v17.2.54.0.AI18ZE/Metal.xctoolchain --module-name Roots --sdk-root /Applications/Xcode.app/Contents/Developer/Platforms/MacOSX.platform/Developer/SDKs/MacOSX26.1.sdk --xcode-version 17B100 --platform-family macOS --deployment-target 26.1 --bundle-identifier clewisiii.Roots --output /Users/clevelandlewis/Library/Developer/Xcode/DerivedData/Roots-gevhpbduqwkhrjccazmpeopgipgn/Build/Products/Debug/Roots.app/Contents/Resources --target-triple arm64-apple-macos26.1 --binary-file /Users/clevelandlewis/Library/Developer/Xcode/DerivedData/Roots-gevhpbduqwkhrjccazmpeopgipgn/Build/Products/Debug/Roots.app/Contents/MacOS/Roots --dependency-file /Users/clevelandlewis/Library/Developer/Xcode/DerivedData/Roots-gevhpbduqwkhrjccazmpeopgipgn/Build/Intermediates.noindex/Roots.build/Debug/Roots.build/Objects-normal/arm64/Roots_dependency_info.dat --stringsdata-file /Users/clevelandlewis/Library/Developer/Xcode/DerivedData/Roots-gevhpbduqwkhrjccazmpeopgipgn/Build/Intermediates.noindex/Roots.build/Debug/Roots.build/Objects-normal/arm64/ExtractedAppShortcutsMetadata.stringsdata --source-file-list /Users/clevelandlewis/Library/Developer/Xcode/DerivedData/Roots-gevhpbduqwkhrjccazmpeopgipgn/Build/Intermediates.noindex/Roots.build/Debug/Roots.build/Objects-normal/arm64/Roots.SwiftFileList --metadata-file-list /Users/clevelandlewis/Library/Developer/Xcode/DerivedData/Roots-gevhpbduqwkhrjccazmpeopgipgn/Build/Intermediates.noindex/Roots.build/Debug/Roots.build/Roots.DependencyMetadataFileList --static-metadata-file-list /Users/clevelandlewis/Library/Developer/Xcode/DerivedData/Roots-gevhpbduqwkhrjccazmpeopgipgn/Build/Intermediates.noindex/Roots.build/Debug/Roots.build/Roots.DependencyStaticMetadataFileList --swift-const-vals-list /Users/clevelandlewis/Library/Developer/Xcode/DerivedData/Roots-gevhpbduqwkhrjccazmpeopgipgn/Build/Intermediates.noindex/Roots.build/Debug/Roots.build/Objects-normal/arm64/Roots.SwiftConstValuesFileList --compile-time-extraction --deployment-aware-processing --validate-assistant-intents --no-app-shortcuts-localization
2025-12-05 19:26:08.000 appintentsmetadataprocessor[25979:118350] Starting appintentsmetadataprocessor export
2025-12-05 19:26:08.003 appintentsmetadataprocessor[25979:118350] warning: Metadata extraction skipped. No AppIntents.framework dependency found.

CodeSign /Users/clevelandlewis/Library/Developer/Xcode/DerivedData/Roots-gevhpbduqwkhrjccazmpeopgipgn/Build/Products/Debug/Roots.app/Contents/MacOS/Roots.debug.dylib (in target 'Roots' from project 'Roots')
    cd /Users/clevelandlewis/Desktop/Roots/Roots
    
    Signing Identity:     "Apple Development: lewisclevelandiii@gmail.com (U6VM6BZDYM)"
    
    /usr/bin/codesign --force --sign 9295EFBD80BF44882C7939A5C98AAC1C4F3D44EE -o runtime --timestamp\=none --generate-entitlement-der /Users/clevelandlewis/Library/Developer/Xcode/DerivedData/Roots-gevhpbduqwkhrjccazmpeopgipgn/Build/Products/Debug/Roots.app/Contents/MacOS/Roots.debug.dylib

CodeSign /Users/clevelandlewis/Library/Developer/Xcode/DerivedData/Roots-gevhpbduqwkhrjccazmpeopgipgn/Build/Products/Debug/Roots.app/Contents/MacOS/__preview.dylib (in target 'Roots' from project 'Roots')
    cd /Users/clevelandlewis/Desktop/Roots/Roots
    
    Signing Identity:     "Apple Development: lewisclevelandiii@gmail.com (U6VM6BZDYM)"
    
    /usr/bin/codesign --force --sign 9295EFBD80BF44882C7939A5C98AAC1C4F3D44EE -o runtime --timestamp\=none --generate-entitlement-der /Users/clevelandlewis/Library/Developer/Xcode/DerivedData/Roots-gevhpbduqwkhrjccazmpeopgipgn/Build/Products/Debug/Roots.app/Contents/MacOS/__preview.dylib

CodeSign /Users/clevelandlewis/Library/Developer/Xcode/DerivedData/Roots-gevhpbduqwkhrjccazmpeopgipgn/Build/Products/Debug/Roots.app (in target 'Roots' from project 'Roots')
    cd /Users/clevelandlewis/Desktop/Roots/Roots
    
    Signing Identity:     "Apple Development: lewisclevelandiii@gmail.com (U6VM6BZDYM)"
    
    /usr/bin/codesign --force --sign 9295EFBD80BF44882C7939A5C98AAC1C4F3D44EE -o runtime --entitlements /Users/clevelandlewis/Library/Developer/Xcode/DerivedData/Roots-gevhpbduqwkhrjccazmpeopgipgn/Build/Intermediates.noindex/Roots.build/Debug/Roots.build/Roots.app.xcent --timestamp\=none --generate-entitlement-der /Users/clevelandlewis/Library/Developer/Xcode/DerivedData/Roots-gevhpbduqwkhrjccazmpeopgipgn/Build/Products/Debug/Roots.app

RegisterExecutionPolicyException /Users/clevelandlewis/Library/Developer/Xcode/DerivedData/Roots-gevhpbduqwkhrjccazmpeopgipgn/Build/Products/Debug/Roots.app (in target 'Roots' from project 'Roots')
    cd /Users/clevelandlewis/Desktop/Roots/Roots
    builtin-RegisterExecutionPolicyException /Users/clevelandlewis/Library/Developer/Xcode/DerivedData/Roots-gevhpbduqwkhrjccazmpeopgipgn/Build/Products/Debug/Roots.app

Validate /Users/clevelandlewis/Library/Developer/Xcode/DerivedData/Roots-gevhpbduqwkhrjccazmpeopgipgn/Build/Products/Debug/Roots.app (in target 'Roots' from project 'Roots')
    cd /Users/clevelandlewis/Desktop/Roots/Roots
    builtin-validationUtility /Users/clevelandlewis/Library/Developer/Xcode/DerivedData/Roots-gevhpbduqwkhrjccazmpeopgipgn/Build/Products/Debug/Roots.app -no-validate-extension -infoplist-subpath Contents/Info.plist

Touch /Users/clevelandlewis/Library/Developer/Xcode/DerivedData/Roots-gevhpbduqwkhrjccazmpeopgipgn/Build/Products/Debug/Roots.app (in target 'Roots' from project 'Roots')
    cd /Users/clevelandlewis/Desktop/Roots/Roots
    /usr/bin/touch -c /Users/clevelandlewis/Library/Developer/Xcode/DerivedData/Roots-gevhpbduqwkhrjccazmpeopgipgn/Build/Products/Debug/Roots.app

RegisterWithLaunchServices /Users/clevelandlewis/Library/Developer/Xcode/DerivedData/Roots-gevhpbduqwkhrjccazmpeopgipgn/Build/Products/Debug/Roots.app (in target 'Roots' from project 'Roots')
    cd /Users/clevelandlewis/Desktop/Roots/Roots
    /System/Library/Frameworks/CoreServices.framework/Versions/Current/Frameworks/LaunchServices.framework/Versions/Current/Support/lsregister -f -R -trusted /Users/clevelandlewis/Library/Developer/Xcode/DerivedData/Roots-gevhpbduqwkhrjccazmpeopgipgn/Build/Products/Debug/Roots.app

** BUILD SUCCEEDED **

