Command line invocation:
    /Applications/Xcode.app/Contents/Developer/usr/bin/xcodebuild -scheme Roots -configuration Debug -destination platform=macOS build

--- xcodebuild: WARNING: Using the first of multiple matching destinations:
{ platform:macOS, arch:arm64, id:00008122-000C6182217A001C, name:My Mac }
{ platform:macOS, arch:x86_64, id:00008122-000C6182217A001C, name:My Mac }
ComputePackagePrebuildTargetDependencyGraph

Prepare packages

CreateBuildRequest

SendProjectDescription

CreateBuildOperation

ComputeTargetDependencyGraph
note: Building targets in dependency order
note: Target dependency graph (1 target)
    Target 'Roots' in project 'Roots' (no dependencies)

GatherProvisioningInputs

CreateBuildDescription

ExecuteExternalTool /Applications/Xcode.app/Contents/Developer/Toolchains/XcodeDefault.xctoolchain/usr/bin/clang -v -E -dM -isysroot /Applications/Xcode.app/Contents/Developer/Platforms/MacOSX.platform/Developer/SDKs/MacOSX26.1.sdk -x c -c /dev/null

ExecuteExternalTool /Applications/Xcode.app/Contents/Developer/usr/bin/actool --version --output-format xml1

ExecuteExternalTool /Applications/Xcode.app/Contents/Developer/Toolchains/XcodeDefault.xctoolchain/usr/bin/swiftc --version

ExecuteExternalTool /Applications/Xcode.app/Contents/Developer/Toolchains/XcodeDefault.xctoolchain/usr/bin/ld -version_details

Build description signature: 59eb0079ade08d6920a2d366c2b14859
Build description path: /Users/clevelandlewis/Library/Developer/Xcode/DerivedData/Roots-gevhpbduqwkhrjccazmpeopgipgn/Build/Intermediates.noindex/XCBuildData/59eb0079ade08d6920a2d366c2b14859.xcbuilddata
ClangStatCache /Applications/Xcode.app/Contents/Developer/Toolchains/XcodeDefault.xctoolchain/usr/bin/clang-stat-cache /Applications/Xcode.app/Contents/Developer/Platforms/MacOSX.platform/Developer/SDKs/MacOSX26.1.sdk /Users/clevelandlewis/Library/Developer/Xcode/DerivedData/SDKStatCaches.noindex/macosx26.1-25B74-3885c01c3e6b6a337905948deab2002e3ae1261907bdadc328169391a47051a6.sdkstatcache
    cd /Users/clevelandlewis/Desktop/Roots/Roots/Roots.xcodeproj
    /Applications/Xcode.app/Contents/Developer/Toolchains/XcodeDefault.xctoolchain/usr/bin/clang-stat-cache /Applications/Xcode.app/Contents/Developer/Platforms/MacOSX.platform/Developer/SDKs/MacOSX26.1.sdk -o /Users/clevelandlewis/Library/Developer/Xcode/DerivedData/SDKStatCaches.noindex/macosx26.1-25B74-3885c01c3e6b6a337905948deab2002e3ae1261907bdadc328169391a47051a6.sdkstatcache

CreateBuildDirectory /Users/clevelandlewis/Library/Developer/Xcode/DerivedData/Roots-gevhpbduqwkhrjccazmpeopgipgn/Build/Products
    cd /Users/clevelandlewis/Desktop/Roots/Roots/Roots.xcodeproj
    builtin-create-build-directory /Users/clevelandlewis/Library/Developer/Xcode/DerivedData/Roots-gevhpbduqwkhrjccazmpeopgipgn/Build/Products

CreateBuildDirectory /Users/clevelandlewis/Library/Developer/Xcode/DerivedData/Roots-gevhpbduqwkhrjccazmpeopgipgn/Build/Intermediates.noindex
    cd /Users/clevelandlewis/Desktop/Roots/Roots/Roots.xcodeproj
    builtin-create-build-directory /Users/clevelandlewis/Library/Developer/Xcode/DerivedData/Roots-gevhpbduqwkhrjccazmpeopgipgn/Build/Intermediates.noindex

CreateBuildDirectory /Users/clevelandlewis/Library/Developer/Xcode/DerivedData/Roots-gevhpbduqwkhrjccazmpeopgipgn/Build/Intermediates.noindex/ExplicitPrecompiledModules
    cd /Users/clevelandlewis/Desktop/Roots/Roots/Roots.xcodeproj
    builtin-create-build-directory /Users/clevelandlewis/Library/Developer/Xcode/DerivedData/Roots-gevhpbduqwkhrjccazmpeopgipgn/Build/Intermediates.noindex/ExplicitPrecompiledModules

CreateBuildDirectory /Users/clevelandlewis/Library/Developer/Xcode/DerivedData/Roots-gevhpbduqwkhrjccazmpeopgipgn/Build/Intermediates.noindex/SwiftExplicitPrecompiledModules
    cd /Users/clevelandlewis/Desktop/Roots/Roots/Roots.xcodeproj
    builtin-create-build-directory /Users/clevelandlewis/Library/Developer/Xcode/DerivedData/Roots-gevhpbduqwkhrjccazmpeopgipgn/Build/Intermediates.noindex/SwiftExplicitPrecompiledModules

WriteAuxiliaryFile /Users/clevelandlewis/Library/Developer/Xcode/DerivedData/Roots-gevhpbduqwkhrjccazmpeopgipgn/Build/Intermediates.noindex/Roots.build/Debug/Roots-dbb88d1bbde1b270d3c6601e163097d9-VFS/all-product-headers.yaml
    cd /Users/clevelandlewis/Desktop/Roots/Roots/Roots.xcodeproj
    write-file /Users/clevelandlewis/Library/Developer/Xcode/DerivedData/Roots-gevhpbduqwkhrjccazmpeopgipgn/Build/Intermediates.noindex/Roots.build/Debug/Roots-dbb88d1bbde1b270d3c6601e163097d9-VFS/all-product-headers.yaml

CreateBuildDirectory /Users/clevelandlewis/Library/Developer/Xcode/DerivedData/Roots-gevhpbduqwkhrjccazmpeopgipgn/Build/Intermediates.noindex/EagerLinkingTBDs/Debug
    cd /Users/clevelandlewis/Desktop/Roots/Roots/Roots.xcodeproj
    builtin-create-build-directory /Users/clevelandlewis/Library/Developer/Xcode/DerivedData/Roots-gevhpbduqwkhrjccazmpeopgipgn/Build/Intermediates.noindex/EagerLinkingTBDs/Debug

CreateBuildDirectory /Users/clevelandlewis/Library/Developer/Xcode/DerivedData/Roots-gevhpbduqwkhrjccazmpeopgipgn/Build/Products/Debug
    cd /Users/clevelandlewis/Desktop/Roots/Roots/Roots.xcodeproj
    builtin-create-build-directory /Users/clevelandlewis/Library/Developer/Xcode/DerivedData/Roots-gevhpbduqwkhrjccazmpeopgipgn/Build/Products/Debug

WriteAuxiliaryFile /Users/clevelandlewis/Library/Developer/Xcode/DerivedData/Roots-gevhpbduqwkhrjccazmpeopgipgn/Build/Intermediates.noindex/Roots.build/Debug/Roots.build/Roots-generated-files.hmap (in target 'Roots' from project 'Roots')
    cd /Users/clevelandlewis/Desktop/Roots/Roots
    write-file /Users/clevelandlewis/Library/Developer/Xcode/DerivedData/Roots-gevhpbduqwkhrjccazmpeopgipgn/Build/Intermediates.noindex/Roots.build/Debug/Roots.build/Roots-generated-files.hmap

WriteAuxiliaryFile /Users/clevelandlewis/Library/Developer/Xcode/DerivedData/Roots-gevhpbduqwkhrjccazmpeopgipgn/Build/Intermediates.noindex/Roots.build/Debug/Roots.build/Roots-all-target-headers.hmap (in target 'Roots' from project 'Roots')
    cd /Users/clevelandlewis/Desktop/Roots/Roots
    write-file /Users/clevelandlewis/Library/Developer/Xcode/DerivedData/Roots-gevhpbduqwkhrjccazmpeopgipgn/Build/Intermediates.noindex/Roots.build/Debug/Roots.build/Roots-all-target-headers.hmap

WriteAuxiliaryFile /Users/clevelandlewis/Library/Developer/Xcode/DerivedData/Roots-gevhpbduqwkhrjccazmpeopgipgn/Build/Intermediates.noindex/Roots.build/Debug/Roots.build/Roots-all-non-framework-target-headers.hmap (in target 'Roots' from project 'Roots')
    cd /Users/clevelandlewis/Desktop/Roots/Roots
    write-file /Users/clevelandlewis/Library/Developer/Xcode/DerivedData/Roots-gevhpbduqwkhrjccazmpeopgipgn/Build/Intermediates.noindex/Roots.build/Debug/Roots.build/Roots-all-non-framework-target-headers.hmap

WriteAuxiliaryFile /Users/clevelandlewis/Library/Developer/Xcode/DerivedData/Roots-gevhpbduqwkhrjccazmpeopgipgn/Build/Intermediates.noindex/Roots.build/Debug/Roots.build/Roots-project-headers.hmap (in target 'Roots' from project 'Roots')
    cd /Users/clevelandlewis/Desktop/Roots/Roots
    write-file /Users/clevelandlewis/Library/Developer/Xcode/DerivedData/Roots-gevhpbduqwkhrjccazmpeopgipgn/Build/Intermediates.noindex/Roots.build/Debug/Roots.build/Roots-project-headers.hmap

WriteAuxiliaryFile /Users/clevelandlewis/Library/Developer/Xcode/DerivedData/Roots-gevhpbduqwkhrjccazmpeopgipgn/Build/Intermediates.noindex/Roots.build/Debug/Roots.build/Roots-own-target-headers.hmap (in target 'Roots' from project 'Roots')
    cd /Users/clevelandlewis/Desktop/Roots/Roots
    write-file /Users/clevelandlewis/Library/Developer/Xcode/DerivedData/Roots-gevhpbduqwkhrjccazmpeopgipgn/Build/Intermediates.noindex/Roots.build/Debug/Roots.build/Roots-own-target-headers.hmap

WriteAuxiliaryFile /Users/clevelandlewis/Library/Developer/Xcode/DerivedData/Roots-gevhpbduqwkhrjccazmpeopgipgn/Build/Intermediates.noindex/Roots.build/Debug/Roots.build/Roots.hmap (in target 'Roots' from project 'Roots')
    cd /Users/clevelandlewis/Desktop/Roots/Roots
    write-file /Users/clevelandlewis/Library/Developer/Xcode/DerivedData/Roots-gevhpbduqwkhrjccazmpeopgipgn/Build/Intermediates.noindex/Roots.build/Debug/Roots.build/Roots.hmap

WriteAuxiliaryFile /Users/clevelandlewis/Library/Developer/Xcode/DerivedData/Roots-gevhpbduqwkhrjccazmpeopgipgn/Build/Intermediates.noindex/Roots.build/Debug/Roots.build/empty-Roots.plist (in target 'Roots' from project 'Roots')
    cd /Users/clevelandlewis/Desktop/Roots/Roots
    write-file /Users/clevelandlewis/Library/Developer/Xcode/DerivedData/Roots-gevhpbduqwkhrjccazmpeopgipgn/Build/Intermediates.noindex/Roots.build/Debug/Roots.build/empty-Roots.plist

WriteAuxiliaryFile /Users/clevelandlewis/Library/Developer/Xcode/DerivedData/Roots-gevhpbduqwkhrjccazmpeopgipgn/Build/Intermediates.noindex/Roots.build/Debug/Roots.build/Roots.DependencyStaticMetadataFileList (in target 'Roots' from project 'Roots')
    cd /Users/clevelandlewis/Desktop/Roots/Roots
    write-file /Users/clevelandlewis/Library/Developer/Xcode/DerivedData/Roots-gevhpbduqwkhrjccazmpeopgipgn/Build/Intermediates.noindex/Roots.build/Debug/Roots.build/Roots.DependencyStaticMetadataFileList

WriteAuxiliaryFile /Users/clevelandlewis/Library/Developer/Xcode/DerivedData/Roots-gevhpbduqwkhrjccazmpeopgipgn/Build/Intermediates.noindex/Roots.build/Debug/Roots.build/Roots.DependencyMetadataFileList (in target 'Roots' from project 'Roots')
    cd /Users/clevelandlewis/Desktop/Roots/Roots
    write-file /Users/clevelandlewis/Library/Developer/Xcode/DerivedData/Roots-gevhpbduqwkhrjccazmpeopgipgn/Build/Intermediates.noindex/Roots.build/Debug/Roots.build/Roots.DependencyMetadataFileList

WriteAuxiliaryFile /Users/clevelandlewis/Library/Developer/Xcode/DerivedData/Roots-gevhpbduqwkhrjccazmpeopgipgn/Build/Intermediates.noindex/Roots.build/Debug/Roots.build/Roots-DebugDylibPath-normal-arm64.txt (in target 'Roots' from project 'Roots')
    cd /Users/clevelandlewis/Desktop/Roots/Roots
    write-file /Users/clevelandlewis/Library/Developer/Xcode/DerivedData/Roots-gevhpbduqwkhrjccazmpeopgipgn/Build/Intermediates.noindex/Roots.build/Debug/Roots.build/Roots-DebugDylibPath-normal-arm64.txt

WriteAuxiliaryFile /Users/clevelandlewis/Library/Developer/Xcode/DerivedData/Roots-gevhpbduqwkhrjccazmpeopgipgn/Build/Intermediates.noindex/Roots.build/Debug/Roots.build/Roots-DebugDylibInstallName-normal-arm64.txt (in target 'Roots' from project 'Roots')
    cd /Users/clevelandlewis/Desktop/Roots/Roots
    write-file /Users/clevelandlewis/Library/Developer/Xcode/DerivedData/Roots-gevhpbduqwkhrjccazmpeopgipgn/Build/Intermediates.noindex/Roots.build/Debug/Roots.build/Roots-DebugDylibInstallName-normal-arm64.txt

WriteAuxiliaryFile /Users/clevelandlewis/Library/Developer/Xcode/DerivedData/Roots-gevhpbduqwkhrjccazmpeopgipgn/Build/Intermediates.noindex/Roots.build/Debug/Roots.build/Objects-normal/arm64/Roots_const_extract_protocols.json (in target 'Roots' from project 'Roots')
    cd /Users/clevelandlewis/Desktop/Roots/Roots
    write-file /Users/clevelandlewis/Library/Developer/Xcode/DerivedData/Roots-gevhpbduqwkhrjccazmpeopgipgn/Build/Intermediates.noindex/Roots.build/Debug/Roots.build/Objects-normal/arm64/Roots_const_extract_protocols.json

WriteAuxiliaryFile /Users/clevelandlewis/Library/Developer/Xcode/DerivedData/Roots-gevhpbduqwkhrjccazmpeopgipgn/Build/Intermediates.noindex/Roots.build/Debug/Roots.build/Objects-normal/arm64/Roots.SwiftFileList (in target 'Roots' from project 'Roots')
    cd /Users/clevelandlewis/Desktop/Roots/Roots
    write-file /Users/clevelandlewis/Library/Developer/Xcode/DerivedData/Roots-gevhpbduqwkhrjccazmpeopgipgn/Build/Intermediates.noindex/Roots.build/Debug/Roots.build/Objects-normal/arm64/Roots.SwiftFileList

WriteAuxiliaryFile /Users/clevelandlewis/Library/Developer/Xcode/DerivedData/Roots-gevhpbduqwkhrjccazmpeopgipgn/Build/Intermediates.noindex/Roots.build/Debug/Roots.build/Objects-normal/arm64/Roots.SwiftConstValuesFileList (in target 'Roots' from project 'Roots')
    cd /Users/clevelandlewis/Desktop/Roots/Roots
    write-file /Users/clevelandlewis/Library/Developer/Xcode/DerivedData/Roots-gevhpbduqwkhrjccazmpeopgipgn/Build/Intermediates.noindex/Roots.build/Debug/Roots.build/Objects-normal/arm64/Roots.SwiftConstValuesFileList

WriteAuxiliaryFile /Users/clevelandlewis/Library/Developer/Xcode/DerivedData/Roots-gevhpbduqwkhrjccazmpeopgipgn/Build/Intermediates.noindex/Roots.build/Debug/Roots.build/Objects-normal/arm64/Roots-OutputFileMap.json (in target 'Roots' from project 'Roots')
    cd /Users/clevelandlewis/Desktop/Roots/Roots
    write-file /Users/clevelandlewis/Library/Developer/Xcode/DerivedData/Roots-gevhpbduqwkhrjccazmpeopgipgn/Build/Intermediates.noindex/Roots.build/Debug/Roots.build/Objects-normal/arm64/Roots-OutputFileMap.json

WriteAuxiliaryFile /Users/clevelandlewis/Library/Developer/Xcode/DerivedData/Roots-gevhpbduqwkhrjccazmpeopgipgn/Build/Intermediates.noindex/Roots.build/Debug/Roots.build/Objects-normal/arm64/Roots.LinkFileList (in target 'Roots' from project 'Roots')
    cd /Users/clevelandlewis/Desktop/Roots/Roots
    write-file /Users/clevelandlewis/Library/Developer/Xcode/DerivedData/Roots-gevhpbduqwkhrjccazmpeopgipgn/Build/Intermediates.noindex/Roots.build/Debug/Roots.build/Objects-normal/arm64/Roots.LinkFileList

WriteAuxiliaryFile /Users/clevelandlewis/Library/Developer/Xcode/DerivedData/Roots-gevhpbduqwkhrjccazmpeopgipgn/Build/Intermediates.noindex/Roots.build/Debug/Roots.build/DerivedSources/Entitlements.plist (in target 'Roots' from project 'Roots')
    cd /Users/clevelandlewis/Desktop/Roots/Roots
    write-file /Users/clevelandlewis/Library/Developer/Xcode/DerivedData/Roots-gevhpbduqwkhrjccazmpeopgipgn/Build/Intermediates.noindex/Roots.build/Debug/Roots.build/DerivedSources/Entitlements.plist

MkDir /Users/clevelandlewis/Library/Developer/Xcode/DerivedData/Roots-gevhpbduqwkhrjccazmpeopgipgn/Build/Products/Debug/Roots.app/Contents/Resources (in target 'Roots' from project 'Roots')
    cd /Users/clevelandlewis/Desktop/Roots/Roots
    /bin/mkdir -p /Users/clevelandlewis/Library/Developer/Xcode/DerivedData/Roots-gevhpbduqwkhrjccazmpeopgipgn/Build/Products/Debug/Roots.app/Contents/Resources

MkDir /Users/clevelandlewis/Library/Developer/Xcode/DerivedData/Roots-gevhpbduqwkhrjccazmpeopgipgn/Build/Products/Debug/Roots.app/Contents/MacOS (in target 'Roots' from project 'Roots')
    cd /Users/clevelandlewis/Desktop/Roots/Roots
    /bin/mkdir -p /Users/clevelandlewis/Library/Developer/Xcode/DerivedData/Roots-gevhpbduqwkhrjccazmpeopgipgn/Build/Products/Debug/Roots.app/Contents/MacOS

MkDir /Users/clevelandlewis/Library/Developer/Xcode/DerivedData/Roots-gevhpbduqwkhrjccazmpeopgipgn/Build/Products/Debug/Roots.app/Contents (in target 'Roots' from project 'Roots')
    cd /Users/clevelandlewis/Desktop/Roots/Roots
    /bin/mkdir -p /Users/clevelandlewis/Library/Developer/Xcode/DerivedData/Roots-gevhpbduqwkhrjccazmpeopgipgn/Build/Products/Debug/Roots.app/Contents

MkDir /Users/clevelandlewis/Library/Developer/Xcode/DerivedData/Roots-gevhpbduqwkhrjccazmpeopgipgn/Build/Products/Debug/Roots.app (in target 'Roots' from project 'Roots')
    cd /Users/clevelandlewis/Desktop/Roots/Roots
    /bin/mkdir -p /Users/clevelandlewis/Library/Developer/Xcode/DerivedData/Roots-gevhpbduqwkhrjccazmpeopgipgn/Build/Products/Debug/Roots.app

ProcessProductPackaging "" /Users/clevelandlewis/Library/Developer/Xcode/DerivedData/Roots-gevhpbduqwkhrjccazmpeopgipgn/Build/Intermediates.noindex/Roots.build/Debug/Roots.build/Roots.app.xcent (in target 'Roots' from project 'Roots')
    cd /Users/clevelandlewis/Desktop/Roots/Roots
    
    Entitlements:
    
    {
    "com.apple.security.app-sandbox" = 1;
    "com.apple.security.files.user-selected.read-only" = 1;
    "com.apple.security.get-task-allow" = 1;
}
    
    builtin-productPackagingUtility -entitlements -format xml -o /Users/clevelandlewis/Library/Developer/Xcode/DerivedData/Roots-gevhpbduqwkhrjccazmpeopgipgn/Build/Intermediates.noindex/Roots.build/Debug/Roots.build/Roots.app.xcent

ProcessProductPackagingDER /Users/clevelandlewis/Library/Developer/Xcode/DerivedData/Roots-gevhpbduqwkhrjccazmpeopgipgn/Build/Intermediates.noindex/Roots.build/Debug/Roots.build/Roots.app.xcent /Users/clevelandlewis/Library/Developer/Xcode/DerivedData/Roots-gevhpbduqwkhrjccazmpeopgipgn/Build/Intermediates.noindex/Roots.build/Debug/Roots.build/Roots.app.xcent.der (in target 'Roots' from project 'Roots')
    cd /Users/clevelandlewis/Desktop/Roots/Roots
    /usr/bin/derq query -f xml -i /Users/clevelandlewis/Library/Developer/Xcode/DerivedData/Roots-gevhpbduqwkhrjccazmpeopgipgn/Build/Intermediates.noindex/Roots.build/Debug/Roots.build/Roots.app.xcent -o /Users/clevelandlewis/Library/Developer/Xcode/DerivedData/Roots-gevhpbduqwkhrjccazmpeopgipgn/Build/Intermediates.noindex/Roots.build/Debug/Roots.build/Roots.app.xcent.der --raw

Ld /Users/clevelandlewis/Library/Developer/Xcode/DerivedData/Roots-gevhpbduqwkhrjccazmpeopgipgn/Build/Products/Debug/Roots.app/Contents/MacOS/__preview.dylib normal (in target 'Roots' from project 'Roots')
    cd /Users/clevelandlewis/Desktop/Roots/Roots
    /Applications/Xcode.app/Contents/Developer/Toolchains/XcodeDefault.xctoolchain/usr/bin/clang -Xlinker -reproducible -target arm64-apple-macos26.1 -dynamiclib -isysroot /Applications/Xcode.app/Contents/Developer/Platforms/MacOSX.platform/Developer/SDKs/MacOSX26.1.sdk -O0 -L/Users/clevelandlewis/Library/Developer/Xcode/DerivedData/Roots-gevhpbduqwkhrjccazmpeopgipgn/Build/Products/Debug -F/Users/clevelandlewis/Library/Developer/Xcode/DerivedData/Roots-gevhpbduqwkhrjccazmpeopgipgn/Build/Products/Debug -install_name @rpath/Roots.debug.dylib -rdynamic -Xlinker -no_deduplicate -Xlinker -debug_variant -Xlinker -dependency_info -Xlinker /Users/clevelandlewis/Library/Developer/Xcode/DerivedData/Roots-gevhpbduqwkhrjccazmpeopgipgn/Build/Intermediates.noindex/Roots.build/Debug/Roots.build/Objects-normal/arm64/Roots_dependency_info.dat -Xlinker -no_adhoc_codesign -o /Users/clevelandlewis/Library/Developer/Xcode/DerivedData/Roots-gevhpbduqwkhrjccazmpeopgipgn/Build/Products/Debug/Roots.app/Contents/MacOS/__preview.dylib

GenerateAssetSymbols /Users/clevelandlewis/Desktop/Roots/Roots/Roots/Assets.xcassets (in target 'Roots' from project 'Roots')
    cd /Users/clevelandlewis/Desktop/Roots/Roots
    /Applications/Xcode.app/Contents/Developer/usr/bin/actool /Users/clevelandlewis/Desktop/Roots/Roots/Roots/Assets.xcassets --compile /Users/clevelandlewis/Library/Developer/Xcode/DerivedData/Roots-gevhpbduqwkhrjccazmpeopgipgn/Build/Products/Debug/Roots.app/Contents/Resources --output-format human-readable-text --notices --warnings --export-dependency-info /Users/clevelandlewis/Library/Developer/Xcode/DerivedData/Roots-gevhpbduqwkhrjccazmpeopgipgn/Build/Intermediates.noindex/Roots.build/Debug/Roots.build/assetcatalog_dependencies --output-partial-info-plist /Users/clevelandlewis/Library/Developer/Xcode/DerivedData/Roots-gevhpbduqwkhrjccazmpeopgipgn/Build/Intermediates.noindex/Roots.build/Debug/Roots.build/assetcatalog_generated_info.plist --app-icon AppIcon --accent-color AccentColor --enable-on-demand-resources NO --development-region en --target-device mac --minimum-deployment-target 26.1 --platform macosx --bundle-identifier clewisiii.Roots --generate-swift-asset-symbols /Users/clevelandlewis/Library/Developer/Xcode/DerivedData/Roots-gevhpbduqwkhrjccazmpeopgipgn/Build/Intermediates.noindex/Roots.build/Debug/Roots.build/DerivedSources/GeneratedAssetSymbols.swift --generate-objc-asset-symbols /Users/clevelandlewis/Library/Developer/Xcode/DerivedData/Roots-gevhpbduqwkhrjccazmpeopgipgn/Build/Intermediates.noindex/Roots.build/Debug/Roots.build/DerivedSources/GeneratedAssetSymbols.h --generate-asset-symbol-index /Users/clevelandlewis/Library/Developer/Xcode/DerivedData/Roots-gevhpbduqwkhrjccazmpeopgipgn/Build/Intermediates.noindex/Roots.build/Debug/Roots.build/DerivedSources/GeneratedAssetSymbols-Index.plist
/* com.apple.actool.compilation-results */
/Users/clevelandlewis/Library/Developer/Xcode/DerivedData/Roots-gevhpbduqwkhrjccazmpeopgipgn/Build/Intermediates.noindex/Roots.build/Debug/Roots.build/DerivedSources/GeneratedAssetSymbols-Index.plist
/Users/clevelandlewis/Library/Developer/Xcode/DerivedData/Roots-gevhpbduqwkhrjccazmpeopgipgn/Build/Intermediates.noindex/Roots.build/Debug/Roots.build/DerivedSources/GeneratedAssetSymbols.h
/Users/clevelandlewis/Library/Developer/Xcode/DerivedData/Roots-gevhpbduqwkhrjccazmpeopgipgn/Build/Intermediates.noindex/Roots.build/Debug/Roots.build/DerivedSources/GeneratedAssetSymbols.swift


CpResource /Users/clevelandlewis/Library/Developer/Xcode/DerivedData/Roots-gevhpbduqwkhrjccazmpeopgipgn/Build/Products/Debug/Roots.app/Contents/Resources/xcodebuild_test_verbose.log /Users/clevelandlewis/Desktop/Roots/Roots/Roots/xcodebuild_test_verbose.log (in target 'Roots' from project 'Roots')
    cd /Users/clevelandlewis/Desktop/Roots/Roots
    builtin-copy -exclude .DS_Store -exclude CVS -exclude .svn -exclude .git -exclude .hg -resolve-src-symlinks /Users/clevelandlewis/Desktop/Roots/Roots/Roots/xcodebuild_test_verbose.log /Users/clevelandlewis/Library/Developer/Xcode/DerivedData/Roots-gevhpbduqwkhrjccazmpeopgipgn/Build/Products/Debug/Roots.app/Contents/Resources

MkDir /Users/clevelandlewis/Library/Developer/Xcode/DerivedData/Roots-gevhpbduqwkhrjccazmpeopgipgn/Build/Intermediates.noindex/Roots.build/Debug/Roots.build/assetcatalog_output/thinned (in target 'Roots' from project 'Roots')
    cd /Users/clevelandlewis/Desktop/Roots/Roots
    /bin/mkdir -p /Users/clevelandlewis/Library/Developer/Xcode/DerivedData/Roots-gevhpbduqwkhrjccazmpeopgipgn/Build/Intermediates.noindex/Roots.build/Debug/Roots.build/assetcatalog_output/thinned

MkDir /Users/clevelandlewis/Library/Developer/Xcode/DerivedData/Roots-gevhpbduqwkhrjccazmpeopgipgn/Build/Intermediates.noindex/Roots.build/Debug/Roots.build/assetcatalog_output/unthinned (in target 'Roots' from project 'Roots')
    cd /Users/clevelandlewis/Desktop/Roots/Roots
    /bin/mkdir -p /Users/clevelandlewis/Library/Developer/Xcode/DerivedData/Roots-gevhpbduqwkhrjccazmpeopgipgn/Build/Intermediates.noindex/Roots.build/Debug/Roots.build/assetcatalog_output/unthinned

CpResource /Users/clevelandlewis/Library/Developer/Xcode/DerivedData/Roots-gevhpbduqwkhrjccazmpeopgipgn/Build/Products/Debug/Roots.app/Contents/Resources/xcodebuild_list.log /Users/clevelandlewis/Desktop/Roots/Roots/Roots/xcodebuild_list.log (in target 'Roots' from project 'Roots')
    cd /Users/clevelandlewis/Desktop/Roots/Roots
    builtin-copy -exclude .DS_Store -exclude CVS -exclude .svn -exclude .git -exclude .hg -resolve-src-symlinks /Users/clevelandlewis/Desktop/Roots/Roots/Roots/xcodebuild_list.log /Users/clevelandlewis/Library/Developer/Xcode/DerivedData/Roots-gevhpbduqwkhrjccazmpeopgipgn/Build/Products/Debug/Roots.app/Contents/Resources

CpResource /Users/clevelandlewis/Library/Developer/Xcode/DerivedData/Roots-gevhpbduqwkhrjccazmpeopgipgn/Build/Products/Debug/Roots.app/Contents/Resources/xcodebuild_after_edit_build.log /Users/clevelandlewis/Desktop/Roots/Roots/Roots/xcodebuild_after_edit_build.log (in target 'Roots' from project 'Roots')
    cd /Users/clevelandlewis/Desktop/Roots/Roots
    builtin-copy -exclude .DS_Store -exclude CVS -exclude .svn -exclude .git -exclude .hg -resolve-src-symlinks /Users/clevelandlewis/Desktop/Roots/Roots/Roots/xcodebuild_after_edit_build.log /Users/clevelandlewis/Library/Developer/Xcode/DerivedData/Roots-gevhpbduqwkhrjccazmpeopgipgn/Build/Products/Debug/Roots.app/Contents/Resources

CopyPlistFile /Users/clevelandlewis/Library/Developer/Xcode/DerivedData/Roots-gevhpbduqwkhrjccazmpeopgipgn/Build/Products/Debug/Roots.app/Contents/Resources/Info.plist /Users/clevelandlewis/Desktop/Roots/Roots/Roots/Info.plist (in target 'Roots' from project 'Roots')
    cd /Users/clevelandlewis/Desktop/Roots/Roots
    builtin-copyPlist --outdir /Users/clevelandlewis/Library/Developer/Xcode/DerivedData/Roots-gevhpbduqwkhrjccazmpeopgipgn/Build/Products/Debug/Roots.app/Contents/Resources -- /Users/clevelandlewis/Desktop/Roots/Roots/Roots/Info.plist

CompileAssetCatalogVariant thinned /Users/clevelandlewis/Library/Developer/Xcode/DerivedData/Roots-gevhpbduqwkhrjccazmpeopgipgn/Build/Products/Debug/Roots.app/Contents/Resources /Users/clevelandlewis/Desktop/Roots/Roots/Roots/Assets.xcassets (in target 'Roots' from project 'Roots')
    cd /Users/clevelandlewis/Desktop/Roots/Roots
    /Applications/Xcode.app/Contents/Developer/usr/bin/actool /Users/clevelandlewis/Desktop/Roots/Roots/Roots/Assets.xcassets --compile /Users/clevelandlewis/Library/Developer/Xcode/DerivedData/Roots-gevhpbduqwkhrjccazmpeopgipgn/Build/Intermediates.noindex/Roots.build/Debug/Roots.build/assetcatalog_output/thinned --output-format human-readable-text --notices --warnings --export-dependency-info /Users/clevelandlewis/Library/Developer/Xcode/DerivedData/Roots-gevhpbduqwkhrjccazmpeopgipgn/Build/Intermediates.noindex/Roots.build/Debug/Roots.build/assetcatalog_dependencies_thinned --output-partial-info-plist /Users/clevelandlewis/Library/Developer/Xcode/DerivedData/Roots-gevhpbduqwkhrjccazmpeopgipgn/Build/Intermediates.noindex/Roots.build/Debug/Roots.build/assetcatalog_generated_info.plist_thinned --app-icon AppIcon --accent-color AccentColor --enable-on-demand-resources NO --development-region en --target-device mac --minimum-deployment-target 26.1 --platform macosx
/* com.apple.actool.compilation-results */
/Users/clevelandlewis/Library/Developer/Xcode/DerivedData/Roots-gevhpbduqwkhrjccazmpeopgipgn/Build/Intermediates.noindex/Roots.build/Debug/Roots.build/assetcatalog_generated_info.plist_thinned


SwiftDriver Roots normal arm64 com.apple.xcode.tools.swift.compiler (in target 'Roots' from project 'Roots')
    cd /Users/clevelandlewis/Desktop/Roots/Roots
    builtin-SwiftDriver -- /Applications/Xcode.app/Contents/Developer/Toolchains/XcodeDefault.xctoolchain/usr/bin/swiftc -module-name Roots -Onone -enforce-exclusivity\=checked @/Users/clevelandlewis/Library/Developer/Xcode/DerivedData/Roots-gevhpbduqwkhrjccazmpeopgipgn/Build/Intermediates.noindex/Roots.build/Debug/Roots.build/Objects-normal/arm64/Roots.SwiftFileList -DDEBUG -default-isolation\=MainActor -enable-bare-slash-regex -enable-upcoming-feature DisableOutwardActorInference -enable-upcoming-feature InferSendableFromCaptures -enable-upcoming-feature GlobalActorIsolatedTypesUsability -enable-upcoming-feature MemberImportVisibility -enable-upcoming-feature InferIsolatedConformances -enable-upcoming-feature NonisolatedNonsendingByDefault -enable-experimental-feature DebugDescriptionMacro -sdk /Applications/Xcode.app/Contents/Developer/Platforms/MacOSX.platform/Developer/SDKs/MacOSX26.1.sdk -target arm64-apple-macos26.1 -g -module-cache-path /Users/clevelandlewis/Library/Developer/Xcode/DerivedData/ModuleCache.noindex -Xfrontend -serialize-debugging-options -profile-coverage-mapping -profile-generate -enable-testing -index-store-path /Users/clevelandlewis/Library/Developer/Xcode/DerivedData/Roots-gevhpbduqwkhrjccazmpeopgipgn/Index.noindex/DataStore -Xcc -D_LIBCPP_HARDENING_MODE\=_LIBCPP_HARDENING_MODE_DEBUG -swift-version 5 -I /Users/clevelandlewis/Library/Developer/Xcode/DerivedData/Roots-gevhpbduqwkhrjccazmpeopgipgn/Build/Products/Debug -F /Users/clevelandlewis/Library/Developer/Xcode/DerivedData/Roots-gevhpbduqwkhrjccazmpeopgipgn/Build/Products/Debug -emit-localized-strings -emit-localized-strings-path /Users/clevelandlewis/Library/Developer/Xcode/DerivedData/Roots-gevhpbduqwkhrjccazmpeopgipgn/Build/Intermediates.noindex/Roots.build/Debug/Roots.build/Objects-normal/arm64 -c -j8 -enable-batch-mode -incremental -Xcc -ivfsstatcache -Xcc /Users/clevelandlewis/Library/Developer/Xcode/DerivedData/SDKStatCaches.noindex/macosx26.1-25B74-3885c01c3e6b6a337905948deab2002e3ae1261907bdadc328169391a47051a6.sdkstatcache -output-file-map /Users/clevelandlewis/Library/Developer/Xcode/DerivedData/Roots-gevhpbduqwkhrjccazmpeopgipgn/Build/Intermediates.noindex/Roots.build/Debug/Roots.build/Objects-normal/arm64/Roots-OutputFileMap.json -use-frontend-parseable-output -save-temps -no-color-diagnostics -explicit-module-build -module-cache-path /Users/clevelandlewis/Library/Developer/Xcode/DerivedData/Roots-gevhpbduqwkhrjccazmpeopgipgn/Build/Intermediates.noindex/SwiftExplicitPrecompiledModules -clang-scanner-module-cache-path /Users/clevelandlewis/Library/Developer/Xcode/DerivedData/ModuleCache.noindex -sdk-module-cache-path /Users/clevelandlewis/Library/Developer/Xcode/DerivedData/ModuleCache.noindex -serialize-diagnostics -emit-dependencies -emit-module -emit-module-path /Users/clevelandlewis/Library/Developer/Xcode/DerivedData/Roots-gevhpbduqwkhrjccazmpeopgipgn/Build/Intermediates.noindex/Roots.build/Debug/Roots.build/Objects-normal/arm64/Roots.swiftmodule -validate-clang-modules-once -clang-build-session-file /Users/clevelandlewis/Library/Developer/Xcode/DerivedData/ModuleCache.noindex/Session.modulevalidation -Xcc -I/Users/clevelandlewis/Library/Developer/Xcode/DerivedData/Roots-gevhpbduqwkhrjccazmpeopgipgn/Build/Intermediates.noindex/Roots.build/Debug/Roots.build/swift-overrides.hmap -emit-const-values -Xfrontend -const-gather-protocols-file -Xfrontend /Users/clevelandlewis/Library/Developer/Xcode/DerivedData/Roots-gevhpbduqwkhrjccazmpeopgipgn/Build/Intermediates.noindex/Roots.build/Debug/Roots.build/Objects-normal/arm64/Roots_const_extract_protocols.json -Xcc -iquote -Xcc /Users/clevelandlewis/Library/Developer/Xcode/DerivedData/Roots-gevhpbduqwkhrjccazmpeopgipgn/Build/Intermediates.noindex/Roots.build/Debug/Roots.build/Roots-generated-files.hmap -Xcc -I/Users/clevelandlewis/Library/Developer/Xcode/DerivedData/Roots-gevhpbduqwkhrjccazmpeopgipgn/Build/Intermediates.noindex/Roots.build/Debug/Roots.build/Roots-own-target-headers.hmap -Xcc -I/Users/clevelandlewis/Library/Developer/Xcode/DerivedData/Roots-gevhpbduqwkhrjccazmpeopgipgn/Build/Intermediates.noindex/Roots.build/Debug/Roots.build/Roots-all-target-headers.hmap -Xcc -iquote -Xcc /Users/clevelandlewis/Library/Developer/Xcode/DerivedData/Roots-gevhpbduqwkhrjccazmpeopgipgn/Build/Intermediates.noindex/Roots.build/Debug/Roots.build/Roots-project-headers.hmap -Xcc -I/Users/clevelandlewis/Library/Developer/Xcode/DerivedData/Roots-gevhpbduqwkhrjccazmpeopgipgn/Build/Products/Debug/include -Xcc -I/Users/clevelandlewis/Library/Developer/Xcode/DerivedData/Roots-gevhpbduqwkhrjccazmpeopgipgn/Build/Intermediates.noindex/Roots.build/Debug/Roots.build/DerivedSources-normal/arm64 -Xcc -I/Users/clevelandlewis/Library/Developer/Xcode/DerivedData/Roots-gevhpbduqwkhrjccazmpeopgipgn/Build/Intermediates.noindex/Roots.build/Debug/Roots.build/DerivedSources/arm64 -Xcc -I/Users/clevelandlewis/Library/Developer/Xcode/DerivedData/Roots-gevhpbduqwkhrjccazmpeopgipgn/Build/Intermediates.noindex/Roots.build/Debug/Roots.build/DerivedSources -Xcc -DDEBUG\=1 -emit-objc-header -emit-objc-header-path /Users/clevelandlewis/Library/Developer/Xcode/DerivedData/Roots-gevhpbduqwkhrjccazmpeopgipgn/Build/Intermediates.noindex/Roots.build/Debug/Roots.build/Objects-normal/arm64/Roots-Swift.h -working-directory /Users/clevelandlewis/Desktop/Roots/Roots -experimental-emit-module-separately -disable-cmo

LinkAssetCatalog /Users/clevelandlewis/Desktop/Roots/Roots/Roots/Assets.xcassets (in target 'Roots' from project 'Roots')
    cd /Users/clevelandlewis/Desktop/Roots/Roots
    builtin-linkAssetCatalog --thinned /Users/clevelandlewis/Library/Developer/Xcode/DerivedData/Roots-gevhpbduqwkhrjccazmpeopgipgn/Build/Intermediates.noindex/Roots.build/Debug/Roots.build/assetcatalog_output/thinned --thinned-dependencies /Users/clevelandlewis/Library/Developer/Xcode/DerivedData/Roots-gevhpbduqwkhrjccazmpeopgipgn/Build/Intermediates.noindex/Roots.build/Debug/Roots.build/assetcatalog_dependencies_thinned --thinned-info-plist-content /Users/clevelandlewis/Library/Developer/Xcode/DerivedData/Roots-gevhpbduqwkhrjccazmpeopgipgn/Build/Intermediates.noindex/Roots.build/Debug/Roots.build/assetcatalog_generated_info.plist_thinned --unthinned /Users/clevelandlewis/Library/Developer/Xcode/DerivedData/Roots-gevhpbduqwkhrjccazmpeopgipgn/Build/Intermediates.noindex/Roots.build/Debug/Roots.build/assetcatalog_output/unthinned --unthinned-dependencies /Users/clevelandlewis/Library/Developer/Xcode/DerivedData/Roots-gevhpbduqwkhrjccazmpeopgipgn/Build/Intermediates.noindex/Roots.build/Debug/Roots.build/assetcatalog_dependencies_unthinned --unthinned-info-plist-content /Users/clevelandlewis/Library/Developer/Xcode/DerivedData/Roots-gevhpbduqwkhrjccazmpeopgipgn/Build/Intermediates.noindex/Roots.build/Debug/Roots.build/assetcatalog_generated_info.plist_unthinned --output /Users/clevelandlewis/Library/Developer/Xcode/DerivedData/Roots-gevhpbduqwkhrjccazmpeopgipgn/Build/Products/Debug/Roots.app/Contents/Resources --plist-output /Users/clevelandlewis/Library/Developer/Xcode/DerivedData/Roots-gevhpbduqwkhrjccazmpeopgipgn/Build/Intermediates.noindex/Roots.build/Debug/Roots.build/assetcatalog_generated_info.plist

ProcessInfoPlistFile /Users/clevelandlewis/Library/Developer/Xcode/DerivedData/Roots-gevhpbduqwkhrjccazmpeopgipgn/Build/Products/Debug/Roots.app/Contents/Info.plist /Users/clevelandlewis/Library/Developer/Xcode/DerivedData/Roots-gevhpbduqwkhrjccazmpeopgipgn/Build/Intermediates.noindex/Roots.build/Debug/Roots.build/empty-Roots.plist (in target 'Roots' from project 'Roots')
    cd /Users/clevelandlewis/Desktop/Roots/Roots
    builtin-infoPlistUtility /Users/clevelandlewis/Library/Developer/Xcode/DerivedData/Roots-gevhpbduqwkhrjccazmpeopgipgn/Build/Intermediates.noindex/Roots.build/Debug/Roots.build/empty-Roots.plist -producttype com.apple.product-type.application -genpkginfo /Users/clevelandlewis/Library/Developer/Xcode/DerivedData/Roots-gevhpbduqwkhrjccazmpeopgipgn/Build/Products/Debug/Roots.app/Contents/PkgInfo -expandbuildsettings -platform macosx -additionalcontentfile /Users/clevelandlewis/Library/Developer/Xcode/DerivedData/Roots-gevhpbduqwkhrjccazmpeopgipgn/Build/Intermediates.noindex/Roots.build/Debug/Roots.build/assetcatalog_generated_info.plist -o /Users/clevelandlewis/Library/Developer/Xcode/DerivedData/Roots-gevhpbduqwkhrjccazmpeopgipgn/Build/Products/Debug/Roots.app/Contents/Info.plist

SwiftCompile normal arm64 Compiling\ ActivityEditorView.swift,\ ActivityListView.swift,\ AdaptiveSchedulerTests.swift,\ AddAssignmentView.swift,\ AddCourseSheet.swift,\ AddEditCourseView.swift,\ AddSemesterSheet.swift,\ AIScheduler.swift,\ AISchedulerTests.swift,\ AnyButtonStyle.swift,\ AppCard.swift,\ AppCommands.swift,\ AppModel.swift,\ AppPage.swift,\ AppSettingsModel.swift,\ AssignmentRow.swift /Users/clevelandlewis/Desktop/Roots/Roots/Roots/ActivityEditorView.swift /Users/clevelandlewis/Desktop/Roots/Roots/Roots/ActivityListView.swift /Users/clevelandlewis/Desktop/Roots/Roots/Roots/AdaptiveSchedulerTests.swift /Users/clevelandlewis/Desktop/Roots/Roots/Roots/AddAssignmentView.swift /Users/clevelandlewis/Desktop/Roots/Roots/Roots/AddCourseSheet.swift /Users/clevelandlewis/Desktop/Roots/Roots/Roots/AddEditCourseView.swift /Users/clevelandlewis/Desktop/Roots/Roots/Roots/AddSemesterSheet.swift /Users/clevelandlewis/Desktop/Roots/Roots/Roots/AIScheduler.swift /Users/clevelandlewis/Desktop/Roots/Roots/Roots/AISchedulerTests.swift /Users/clevelandlewis/Desktop/Roots/Roots/Roots/AnyButtonStyle.swift /Users/clevelandlewis/Desktop/Roots/Roots/Roots/AppCard.swift /Users/clevelandlewis/Desktop/Roots/Roots/Roots/AppCommands.swift /Users/clevelandlewis/Desktop/Roots/Roots/Roots/AppModel.swift /Users/clevelandlewis/Desktop/Roots/Roots/Roots/AppPage.swift /Users/clevelandlewis/Desktop/Roots/Roots/Roots/AppSettingsModel.swift /Users/clevelandlewis/Desktop/Roots/Roots/Roots/AssignmentRow.swift (in target 'Roots' from project 'Roots')

SwiftCompile normal arm64 /Users/clevelandlewis/Desktop/Roots/Roots/Roots/ActivityEditorView.swift (in target 'Roots' from project 'Roots')
    cd /Users/clevelandlewis/Desktop/Roots/Roots
    

SwiftCompile normal arm64 /Users/clevelandlewis/Desktop/Roots/Roots/Roots/ActivityListView.swift (in target 'Roots' from project 'Roots')
    cd /Users/clevelandlewis/Desktop/Roots/Roots
    

SwiftCompile normal arm64 /Users/clevelandlewis/Desktop/Roots/Roots/Roots/AdaptiveSchedulerTests.swift (in target 'Roots' from project 'Roots')
    cd /Users/clevelandlewis/Desktop/Roots/Roots
    

SwiftCompile normal arm64 /Users/clevelandlewis/Desktop/Roots/Roots/Roots/AddAssignmentView.swift (in target 'Roots' from project 'Roots')
    cd /Users/clevelandlewis/Desktop/Roots/Roots
    

SwiftCompile normal arm64 /Users/clevelandlewis/Desktop/Roots/Roots/Roots/AddCourseSheet.swift (in target 'Roots' from project 'Roots')
    cd /Users/clevelandlewis/Desktop/Roots/Roots
    

SwiftCompile normal arm64 /Users/clevelandlewis/Desktop/Roots/Roots/Roots/AddEditCourseView.swift (in target 'Roots' from project 'Roots')
    cd /Users/clevelandlewis/Desktop/Roots/Roots
    

SwiftCompile normal arm64 /Users/clevelandlewis/Desktop/Roots/Roots/Roots/AddSemesterSheet.swift (in target 'Roots' from project 'Roots')
    cd /Users/clevelandlewis/Desktop/Roots/Roots
    

SwiftCompile normal arm64 /Users/clevelandlewis/Desktop/Roots/Roots/Roots/AIScheduler.swift (in target 'Roots' from project 'Roots')
    cd /Users/clevelandlewis/Desktop/Roots/Roots
    

SwiftCompile normal arm64 /Users/clevelandlewis/Desktop/Roots/Roots/Roots/AISchedulerTests.swift (in target 'Roots' from project 'Roots')
    cd /Users/clevelandlewis/Desktop/Roots/Roots
    

SwiftCompile normal arm64 /Users/clevelandlewis/Desktop/Roots/Roots/Roots/AnyButtonStyle.swift (in target 'Roots' from project 'Roots')
    cd /Users/clevelandlewis/Desktop/Roots/Roots
    

SwiftCompile normal arm64 /Users/clevelandlewis/Desktop/Roots/Roots/Roots/AppCard.swift (in target 'Roots' from project 'Roots')
    cd /Users/clevelandlewis/Desktop/Roots/Roots
    

SwiftCompile normal arm64 /Users/clevelandlewis/Desktop/Roots/Roots/Roots/AppCommands.swift (in target 'Roots' from project 'Roots')
    cd /Users/clevelandlewis/Desktop/Roots/Roots
    

SwiftCompile normal arm64 /Users/clevelandlewis/Desktop/Roots/Roots/Roots/AppModel.swift (in target 'Roots' from project 'Roots')
    cd /Users/clevelandlewis/Desktop/Roots/Roots
    

SwiftCompile normal arm64 /Users/clevelandlewis/Desktop/Roots/Roots/Roots/AppPage.swift (in target 'Roots' from project 'Roots')
    cd /Users/clevelandlewis/Desktop/Roots/Roots
    

SwiftCompile normal arm64 /Users/clevelandlewis/Desktop/Roots/Roots/Roots/AppSettingsModel.swift (in target 'Roots' from project 'Roots')
    cd /Users/clevelandlewis/Desktop/Roots/Roots
    

SwiftCompile normal arm64 /Users/clevelandlewis/Desktop/Roots/Roots/Roots/AssignmentRow.swift (in target 'Roots' from project 'Roots')
    cd /Users/clevelandlewis/Desktop/Roots/Roots
    

SwiftCompile normal arm64 Compiling\ CoursesDashboardFloatingNav.swift,\ CoursesDashboardModels.swift,\ CoursesDashboardRootView.swift,\ CoursesDashboardSidebar.swift,\ CoursesPageView.swift,\ CoursesSettingsView.swift,\ CoursesStore.swift,\ CoursesView.swift,\ CurrentActivityView.swift,\ DashboardView.swift,\ DesignCard.swift,\ DesignPage.swift,\ DesignShell.swift,\ DesignSystem.swift,\ DesignTokensCompat.swift,\ DeveloperIntegrationExamples.swift /Users/clevelandlewis/Desktop/Roots/Roots/Roots/CoursesDashboardFloatingNav.swift /Users/clevelandlewis/Desktop/Roots/Roots/Roots/CoursesDashboardModels.swift /Users/clevelandlewis/Desktop/Roots/Roots/Roots/CoursesDashboardRootView.swift /Users/clevelandlewis/Desktop/Roots/Roots/Roots/CoursesDashboardSidebar.swift /Users/clevelandlewis/Desktop/Roots/Roots/Roots/CoursesPageView.swift /Users/clevelandlewis/Desktop/Roots/Roots/Roots/CoursesSettingsView.swift /Users/clevelandlewis/Desktop/Roots/Roots/Roots/CoursesStore.swift /Users/clevelandlewis/Desktop/Roots/Roots/Roots/CoursesView.swift /Users/clevelandlewis/Desktop/Roots/Roots/Roots/CurrentActivityView.swift /Users/clevelandlewis/Desktop/Roots/Roots/Roots/DashboardView.swift /Users/clevelandlewis/Desktop/Roots/Roots/Roots/DesignCard.swift /Users/clevelandlewis/Desktop/Roots/Roots/Roots/DesignPage.swift /Users/clevelandlewis/Desktop/Roots/Roots/Roots/DesignShell.swift /Users/clevelandlewis/Desktop/Roots/Roots/Roots/DesignSystem.swift /Users/clevelandlewis/Desktop/Roots/Roots/Roots/DesignTokensCompat.swift /Users/clevelandlewis/Desktop/Roots/Roots/Roots/DeveloperIntegrationExamples.swift (in target 'Roots' from project 'Roots')
SwiftCompile normal arm64 /Users/clevelandlewis/Desktop/Roots/Roots/Roots/CoursesDashboardFloatingNav.swift (in target 'Roots' from project 'Roots')
    cd /Users/clevelandlewis/Desktop/Roots/Roots
    

SwiftCompile normal arm64 /Users/clevelandlewis/Desktop/Roots/Roots/Roots/CoursesDashboardModels.swift (in target 'Roots' from project 'Roots')
    cd /Users/clevelandlewis/Desktop/Roots/Roots
    

SwiftCompile normal arm64 /Users/clevelandlewis/Desktop/Roots/Roots/Roots/CoursesDashboardRootView.swift (in target 'Roots' from project 'Roots')
    cd /Users/clevelandlewis/Desktop/Roots/Roots
    

SwiftCompile normal arm64 /Users/clevelandlewis/Desktop/Roots/Roots/Roots/CoursesDashboardSidebar.swift (in target 'Roots' from project 'Roots')
    cd /Users/clevelandlewis/Desktop/Roots/Roots
    

SwiftCompile normal arm64 /Users/clevelandlewis/Desktop/Roots/Roots/Roots/CoursesPageView.swift (in target 'Roots' from project 'Roots')
    cd /Users/clevelandlewis/Desktop/Roots/Roots
    

SwiftCompile normal arm64 /Users/clevelandlewis/Desktop/Roots/Roots/Roots/CoursesSettingsView.swift (in target 'Roots' from project 'Roots')
    cd /Users/clevelandlewis/Desktop/Roots/Roots
    

SwiftCompile normal arm64 /Users/clevelandlewis/Desktop/Roots/Roots/Roots/CoursesStore.swift (in target 'Roots' from project 'Roots')
    cd /Users/clevelandlewis/Desktop/Roots/Roots
    

SwiftCompile normal arm64 /Users/clevelandlewis/Desktop/Roots/Roots/Roots/CoursesView.swift (in target 'Roots' from project 'Roots')
    cd /Users/clevelandlewis/Desktop/Roots/Roots
    

SwiftCompile normal arm64 /Users/clevelandlewis/Desktop/Roots/Roots/Roots/CurrentActivityView.swift (in target 'Roots' from project 'Roots')
    cd /Users/clevelandlewis/Desktop/Roots/Roots
    

SwiftCompile normal arm64 /Users/clevelandlewis/Desktop/Roots/Roots/Roots/DashboardView.swift (in target 'Roots' from project 'Roots')
    cd /Users/clevelandlewis/Desktop/Roots/Roots
    

SwiftCompile normal arm64 /Users/clevelandlewis/Desktop/Roots/Roots/Roots/DesignCard.swift (in target 'Roots' from project 'Roots')
    cd /Users/clevelandlewis/Desktop/Roots/Roots
    

SwiftCompile normal arm64 /Users/clevelandlewis/Desktop/Roots/Roots/Roots/DesignPage.swift (in target 'Roots' from project 'Roots')
    cd /Users/clevelandlewis/Desktop/Roots/Roots
    

SwiftCompile normal arm64 /Users/clevelandlewis/Desktop/Roots/Roots/Roots/DesignShell.swift (in target 'Roots' from project 'Roots')
    cd /Users/clevelandlewis/Desktop/Roots/Roots
    

SwiftCompile normal arm64 /Users/clevelandlewis/Desktop/Roots/Roots/Roots/DesignSystem.swift (in target 'Roots' from project 'Roots')
    cd /Users/clevelandlewis/Desktop/Roots/Roots
    

SwiftCompile normal arm64 /Users/clevelandlewis/Desktop/Roots/Roots/Roots/DesignTokensCompat.swift (in target 'Roots' from project 'Roots')
    cd /Users/clevelandlewis/Desktop/Roots/Roots
    

SwiftCompile normal arm64 /Users/clevelandlewis/Desktop/Roots/Roots/Roots/DeveloperIntegrationExamples.swift (in target 'Roots' from project 'Roots')
    cd /Users/clevelandlewis/Desktop/Roots/Roots
    

SwiftCompile normal arm64 Compiling\ DeveloperSettings.swift,\ DeveloperSettingsView.swift,\ Diagnostics.swift,\ EventsCountStore.swift,\ FloatingTabBar.swift,\ GeneralSettingsView.swift,\ Glass.swift,\ GlassBlueProminentButtonStyle.swift,\ GlassButtons.swift,\ GlassButtonStyle.swift,\ GlassCircleButton.swift,\ GlassIconButton.swift,\ GlassPopupContainer.swift,\ GlassProminentButtonStyle.swift,\ GradesPageView.swift,\ GradesView.swift /Users/clevelandlewis/Desktop/Roots/Roots/Roots/DeveloperSettings.swift /Users/clevelandlewis/Desktop/Roots/Roots/Roots/DeveloperSettingsView.swift /Users/clevelandlewis/Desktop/Roots/Roots/Roots/Diagnostics.swift /Users/clevelandlewis/Desktop/Roots/Roots/Roots/EventsCountStore.swift /Users/clevelandlewis/Desktop/Roots/Roots/Roots/FloatingTabBar.swift /Users/clevelandlewis/Desktop/Roots/Roots/Roots/GeneralSettingsView.swift /Users/clevelandlewis/Desktop/Roots/Roots/Roots/Glass.swift /Users/clevelandlewis/Desktop/Roots/Roots/Roots/GlassBlueProminentButtonStyle.swift /Users/clevelandlewis/Desktop/Roots/Roots/Roots/GlassButtons.swift /Users/clevelandlewis/Desktop/Roots/Roots/Roots/GlassButtonStyle.swift /Users/clevelandlewis/Desktop/Roots/Roots/Roots/GlassCircleButton.swift /Users/clevelandlewis/Desktop/Roots/Roots/Roots/GlassIconButton.swift /Users/clevelandlewis/Desktop/Roots/Roots/Roots/GlassPopupContainer.swift /Users/clevelandlewis/Desktop/Roots/Roots/Roots/GlassProminentButtonStyle.swift /Users/clevelandlewis/Desktop/Roots/Roots/Roots/GradesPageView.swift /Users/clevelandlewis/Desktop/Roots/Roots/Roots/GradesView.swift (in target 'Roots' from project 'Roots')

SwiftCompile normal arm64 /Users/clevelandlewis/Desktop/Roots/Roots/Roots/DeveloperSettings.swift (in target 'Roots' from project 'Roots')
    cd /Users/clevelandlewis/Desktop/Roots/Roots
    

SwiftCompile normal arm64 /Users/clevelandlewis/Desktop/Roots/Roots/Roots/DeveloperSettingsView.swift (in target 'Roots' from project 'Roots')
    cd /Users/clevelandlewis/Desktop/Roots/Roots
    

SwiftCompile normal arm64 /Users/clevelandlewis/Desktop/Roots/Roots/Roots/Diagnostics.swift (in target 'Roots' from project 'Roots')
    cd /Users/clevelandlewis/Desktop/Roots/Roots
    

SwiftCompile normal arm64 /Users/clevelandlewis/Desktop/Roots/Roots/Roots/EventsCountStore.swift (in target 'Roots' from project 'Roots')
    cd /Users/clevelandlewis/Desktop/Roots/Roots
    

SwiftCompile normal arm64 /Users/clevelandlewis/Desktop/Roots/Roots/Roots/FloatingTabBar.swift (in target 'Roots' from project 'Roots')
    cd /Users/clevelandlewis/Desktop/Roots/Roots
    

SwiftCompile normal arm64 /Users/clevelandlewis/Desktop/Roots/Roots/Roots/GeneralSettingsView.swift (in target 'Roots' from project 'Roots')
    cd /Users/clevelandlewis/Desktop/Roots/Roots
    

SwiftCompile normal arm64 /Users/clevelandlewis/Desktop/Roots/Roots/Roots/Glass.swift (in target 'Roots' from project 'Roots')
    cd /Users/clevelandlewis/Desktop/Roots/Roots
    

SwiftCompile normal arm64 /Users/clevelandlewis/Desktop/Roots/Roots/Roots/GlassBlueProminentButtonStyle.swift (in target 'Roots' from project 'Roots')
    cd /Users/clevelandlewis/Desktop/Roots/Roots
    

SwiftCompile normal arm64 /Users/clevelandlewis/Desktop/Roots/Roots/Roots/GlassButtons.swift (in target 'Roots' from project 'Roots')
    cd /Users/clevelandlewis/Desktop/Roots/Roots
    

SwiftCompile normal arm64 /Users/clevelandlewis/Desktop/Roots/Roots/Roots/GlassButtonStyle.swift (in target 'Roots' from project 'Roots')
    cd /Users/clevelandlewis/Desktop/Roots/Roots
    

SwiftCompile normal arm64 /Users/clevelandlewis/Desktop/Roots/Roots/Roots/GlassCircleButton.swift (in target 'Roots' from project 'Roots')
    cd /Users/clevelandlewis/Desktop/Roots/Roots
    

SwiftCompile normal arm64 /Users/clevelandlewis/Desktop/Roots/Roots/Roots/GlassIconButton.swift (in target 'Roots' from project 'Roots')
    cd /Users/clevelandlewis/Desktop/Roots/Roots
    

SwiftCompile normal arm64 /Users/clevelandlewis/Desktop/Roots/Roots/Roots/GlassPopupContainer.swift (in target 'Roots' from project 'Roots')
    cd /Users/clevelandlewis/Desktop/Roots/Roots
    

SwiftCompile normal arm64 /Users/clevelandlewis/Desktop/Roots/Roots/Roots/GlassProminentButtonStyle.swift (in target 'Roots' from project 'Roots')
    cd /Users/clevelandlewis/Desktop/Roots/Roots
    

SwiftCompile normal arm64 /Users/clevelandlewis/Desktop/Roots/Roots/Roots/GradesPageView.swift (in target 'Roots' from project 'Roots')
    cd /Users/clevelandlewis/Desktop/Roots/Roots
    

SwiftCompile normal arm64 /Users/clevelandlewis/Desktop/Roots/Roots/Roots/GradesView.swift (in target 'Roots' from project 'Roots')
    cd /Users/clevelandlewis/Desktop/Roots/Roots
    

SwiftEmitModule normal arm64 Emitting\ module\ for\ Roots (in target 'Roots' from project 'Roots')
Failed frontend command:
/Applications/Xcode.app/Contents/Developer/Toolchains/XcodeDefault.xctoolchain/usr/bin/swift-frontend -frontend -emit-module -experimental-skip-non-inlinable-function-bodies-without-types /Users/clevelandlewis/Desktop/Roots/Roots/Roots/ActivityEditorView.swift /Users/clevelandlewis/Desktop/Roots/Roots/Roots/ActivityListView.swift /Users/clevelandlewis/Desktop/Roots/Roots/Roots/AdaptiveSchedulerTests.swift /Users/clevelandlewis/Desktop/Roots/Roots/Roots/AddAssignmentView.swift /Users/clevelandlewis/Desktop/Roots/Roots/Roots/AddCourseSheet.swift /Users/clevelandlewis/Desktop/Roots/Roots/Roots/AddEditCourseView.swift /Users/clevelandlewis/Desktop/Roots/Roots/Roots/AddSemesterSheet.swift /Users/clevelandlewis/Desktop/Roots/Roots/Roots/AIScheduler.swift /Users/clevelandlewis/Desktop/Roots/Roots/Roots/AISchedulerTests.swift /Users/clevelandlewis/Desktop/Roots/Roots/Roots/AnyButtonStyle.swift /Users/clevelandlewis/Desktop/Roots/Roots/Roots/AppCard.swift /Users/clevelandlewis/Desktop/Roots/Roots/Roots/AppCommands.swift /Users/clevelandlewis/Desktop/Roots/Roots/Roots/AppModel.swift /Users/clevelandlewis/Desktop/Roots/Roots/Roots/AppPage.swift /Users/clevelandlewis/Desktop/Roots/Roots/Roots/AppSettingsModel.swift /Users/clevelandlewis/Desktop/Roots/Roots/Roots/AssignmentRow.swift /Users/clevelandlewis/Desktop/Roots/Roots/Roots/AssignmentsPageView.swift /Users/clevelandlewis/Desktop/Roots/Roots/Roots/AssignmentsStore.swift /Users/clevelandlewis/Desktop/Roots/Roots/Roots/AssignmentsView.swift /Users/clevelandlewis/Desktop/Roots/Roots/Roots/AssignmentsView2.swift /Users/clevelandlewis/Desktop/Roots/Roots/Roots/BounceOnTap.swift /Users/clevelandlewis/Desktop/Roots/Roots/Roots/CalendarDayCell.swift /Users/clevelandlewis/Desktop/Roots/Roots/Roots/CalendarManager.swift /Users/clevelandlewis/Desktop/Roots/Roots/Roots/CalendarPageView.swift /Users/clevelandlewis/Desktop/Roots/Roots/Roots/CardGrid.swift /Users/clevelandlewis/Desktop/Roots/Roots/Roots/ChartViewVerticalStacked.swift /Users/clevelandlewis/Desktop/Roots/Roots/Roots/Color+Hex.swift /Users/clevelandlewis/Desktop/Roots/Roots/Roots/ContentView.swift /Users/clevelandlewis/Desktop/Roots/Roots/Roots/CourseDetailView.swift /Users/clevelandlewis/Desktop/Roots/Roots/Roots/CourseEditView.swift /Users/clevelandlewis/Desktop/Roots/Roots/Roots/CourseModels.swift /Users/clevelandlewis/Desktop/Roots/Roots/Roots/CoursesDashboardDetail.swift /Users/clevelandlewis/Desktop/Roots/Roots/Roots/CoursesDashboardFloatingNav.swift /Users/clevelandlewis/Desktop/Roots/Roots/Roots/CoursesDashboardModels.swift /Users/clevelandlewis/Desktop/Roots/Roots/Roots/CoursesDashboardRootView.swift /Users/clevelandlewis/Desktop/Roots/Roots/Roots/CoursesDashboardSidebar.swift /Users/clevelandlewis/Desktop/Roots/Roots/Roots/CoursesPageView.swift /Users/clevelandlewis/Desktop/Roots/Roots/Roots/CoursesSettingsView.swift /Users/clevelandlewis/Desktop/Roots/Roots/Roots/CoursesStore.swift /Users/clevelandlewis/Desktop/Roots/Roots/Roots/CoursesView.swift /Users/clevelandlewis/Desktop/Roots/Roots/Roots/CurrentActivityView.swift /Users/clevelandlewis/Desktop/Roots/Roots/Roots/DashboardView.swift /Users/clevelandlewis/Desktop/Roots/Roots/Roots/DesignCard.swift /Users/clevelandlewis/Desktop/Roots/Roots/Roots/DesignPage.swift /Users/clevelandlewis/Desktop/Roots/Roots/Roots/DesignShell.swift /Users/clevelandlewis/Desktop/Roots/Roots/Roots/DesignSystem.swift /Users/clevelandlewis/Desktop/Roots/Roots/Roots/DesignTokensCompat.swift /Users/clevelandlewis/Desktop/Roots/Roots/Roots/DeveloperIntegrationExamples.swift /Users/clevelandlewis/Desktop/Roots/Roots/Roots/DeveloperSettings.swift /Users/clevelandlewis/Desktop/Roots/Roots/Roots/DeveloperSettingsView.swift /Users/clevelandlewis/Desktop/Roots/Roots/Roots/Diagnostics.swift /Users/clevelandlewis/Desktop/Roots/Roots/Roots/EventsCountStore.swift /Users/clevelandlewis/Desktop/Roots/Roots/Roots/FloatingTabBar.swift /Users/clevelandlewis/Desktop/Roots/Roots/Roots/GeneralSettingsView.swift /Users/clevelandlewis/Desktop/Roots/Roots/Roots/Glass.swift /Users/clevelandlewis/Desktop/Roots/Roots/Roots/GlassBlueProminentButtonStyle.swift /Users/clevelandlewis/Desktop/Roots/Roots/Roots/GlassButtons.swift /Users/clevelandlewis/Desktop/Roots/Roots/Roots/GlassButtonStyle.swift /Users/clevelandlewis/Desktop/Roots/Roots/Roots/GlassCircleButton.swift /Users/clevelandlewis/Desktop/Roots/Roots/Roots/GlassIconButton.swift /Users/clevelandlewis/Desktop/Roots/Roots/Roots/GlassPopupContainer.swift /Users/clevelandlewis/Desktop/Roots/Roots/Roots/GlassProminentButtonStyle.swift /Users/clevelandlewis/Desktop/Roots/Roots/Roots/GradesPageView.swift /Users/clevelandlewis/Desktop/Roots/Roots/Roots/GradesView.swift /Users/clevelandlewis/Desktop/Roots/Roots/Roots/HapticsManager.swift /Users/clevelandlewis/Desktop/Roots/Roots/Roots/HistoryStoreImpl.swift /Users/clevelandlewis/Desktop/Roots/Roots/Roots/Insight.swift /Users/clevelandlewis/Desktop/Roots/Roots/Roots/InsightEngine.swift /Users/clevelandlewis/Desktop/Roots/Roots/Roots/InsightsViewModel.swift /Users/clevelandlewis/Desktop/Roots/Roots/Roots/InterfaceSettingsView.swift /Users/clevelandlewis/Desktop/Roots/Roots/Roots/Item.swift /Users/clevelandlewis/Desktop/Roots/Roots/Roots/LoadableViewModel.swift /Users/clevelandlewis/Desktop/Roots/Roots/Roots/PerformanceMonitor.swift /Users/clevelandlewis/Desktop/Roots/Roots/Roots/PermissionsManager.swift /Users/clevelandlewis/Desktop/Roots/Roots/Roots/PlannerPageView.swift /Users/clevelandlewis/Desktop/Roots/Roots/Roots/PlannerView.swift /Users/clevelandlewis/Desktop/Roots/Roots/Roots/PopupTextAlignment.swift /Users/clevelandlewis/Desktop/Roots/Roots/Roots/ProfilesSettingsView.swift /Users/clevelandlewis/Desktop/Roots/Roots/Roots/QuickAction.swift /Users/clevelandlewis/Desktop/Roots/Roots/Roots/RootDesignPreviewPage.swift /Users/clevelandlewis/Desktop/Roots/Roots/Roots/RootsApp.swift /Users/clevelandlewis/Desktop/Roots/Roots/Roots/RootsButtons.swift /Users/clevelandlewis/Desktop/Roots/Roots/Roots/RootsDesignSystem.swift /Users/clevelandlewis/Desktop/Roots/Roots/Roots/RootsGlassStyle.swift /Users/clevelandlewis/Desktop/Roots/Roots/Roots/RootsInsightsEngine.swift /Users/clevelandlewis/Desktop/Roots/Roots/Roots/RootsSettingsWindow.swift /Users/clevelandlewis/Desktop/Roots/Roots/Roots/RootsWindowLayout.swift /Users/clevelandlewis/Desktop/Roots/Roots/Roots/RootsWindowSizing.swift /Users/clevelandlewis/Desktop/Roots/Roots/Roots/RootTab.swift /Users/clevelandlewis/Desktop/Roots/Roots/Roots/SchedulerAdaptationManager.swift /Users/clevelandlewis/Desktop/Roots/Roots/Roots/SchedulerFeedback.swift /Users/clevelandlewis/Desktop/Roots/Roots/Roots/SchedulerLearner.swift /Users/clevelandlewis/Desktop/Roots/Roots/Roots/SchedulerPreferences.swift /Users/clevelandlewis/Desktop/Roots/Roots/Roots/SchedulerPreferencesStore.swift /Users/clevelandlewis/Desktop/Roots/Roots/Roots/SemesterEditView.swift /Users/clevelandlewis/Desktop/Roots/Roots/Roots/SemesterPicker.swift /Users/clevelandlewis/Desktop/Roots/Roots/Roots/SemestersSettingsView.swift /Users/clevelandlewis/Desktop/Roots/Roots/Roots/SensoryFeedback.swift /Users/clevelandlewis/Desktop/Roots/Roots/Roots/SettingsCoordinator.swift /Users/clevelandlewis/Desktop/Roots/Roots/Roots/SettingsPane_Accounts.swift /Users/clevelandlewis/Desktop/Roots/Roots/Roots/SettingsPane_Appearance.swift /Users/clevelandlewis/Desktop/Roots/Roots/Roots/SettingsPane_Courses.swift /Users/clevelandlewis/Desktop/Roots/Roots/Roots/SettingsPane_General.swift /Users/clevelandlewis/Desktop/Roots/Roots/Roots/SettingsPane_Interface.swift /Users/clevelandlewis/Desktop/Roots/Roots/Roots/SettingsPane_Interface+QuickActions.swift /Users/clevelandlewis/Desktop/Roots/Roots/Roots/SettingsPane_Interface+Tabs.swift /Users/clevelandlewis/Desktop/Roots/Roots/Roots/SettingsRootView.swift /Users/clevelandlewis/Desktop/Roots/Roots/Roots/SettingsToolbarIdentifiers.swift /Users/clevelandlewis/Desktop/Roots/Roots/Roots/SettingsView.swift /Users/clevelandlewis/Desktop/Roots/Roots/Roots/SettingsWindowController.swift /Users/clevelandlewis/Desktop/Roots/Roots/Roots/SidebarStyling.swift /Users/clevelandlewis/Desktop/Roots/Roots/Roots/SidebarView.swift /Users/clevelandlewis/Desktop/Roots/Roots/Roots/StudyAnalyticsAggregator.swift /Users/clevelandlewis/Desktop/Roots/Roots/Roots/SwiftConcurrency.swift /Users/clevelandlewis/Desktop/Roots/Roots/Roots/TimerControlsView.swift /Users/clevelandlewis/Desktop/Roots/Roots/Roots/TimerGraphsView.swift /Users/clevelandlewis/Desktop/Roots/Roots/Roots/TimerHeaderView.swift /Users/clevelandlewis/Desktop/Roots/Roots/Roots/TimerModels.swift /Users/clevelandlewis/Desktop/Roots/Roots/Roots/TimerPageView.swift /Users/clevelandlewis/Desktop/Roots/Roots/Roots/TimerPageViewModel.swift /Users/clevelandlewis/Desktop/Roots/Roots/Roots/TimerView.swift /Users/clevelandlewis/Desktop/Roots/Roots/Roots/UILogger.swift /Users/clevelandlewis/Desktop/Roots/Roots/Roots/UIStubs.swift /Users/clevelandlewis/Desktop/Roots/Roots/Roots/UsageStats.swift /Users/clevelandlewis/Desktop/Roots/Roots/Roots/UsageStatsBuilder.swift /Users/clevelandlewis/Library/Developer/Xcode/DerivedData/Roots-gevhpbduqwkhrjccazmpeopgipgn/Build/Intermediates.noindex/Roots.build/Debug/Roots.build/DerivedSources/GeneratedAssetSymbols.swift -target arm64-apple-macos26.1 -module-can-import-version AppKit 2685.20.119 2685.20.119 -module-can-import-version Charts 4.1.4 0 -module-can-import-version DeveloperToolsSupport 23.0.4 23.0.4 -module-can-import-version SwiftUI 7.1.13.1 7.1.13 -disable-cross-import-overlay-search -swift-module-cross-import SwiftData /Applications/Xcode.app/Contents/Developer/Platforms/MacOSX.platform/Developer/SDKs/MacOSX26.1.sdk/System/Library/Frameworks/SwiftData.framework/Modules/SwiftData.swiftcrossimport/CoreData.swiftoverlay -swift-module-cross-import SwiftData /Applications/Xcode.app/Contents/Developer/Platforms/MacOSX.platform/Developer/SDKs/MacOSX26.1.sdk/System/Library/Frameworks/SwiftData.framework/Modules/SwiftData.swiftcrossimport/SwiftUI.swiftoverlay -load-resolved-plugin /Applications/Xcode.app/Contents/Developer/Platforms/MacOSX.platform/Developer/usr/lib/swift/host/plugins/libFoundationMacros.dylib\#/Applications/Xcode.app/Contents/Developer/Platforms/MacOSX.platform/Developer/usr/bin/swift-plugin-server\#FoundationMacros -load-resolved-plugin /Applications/Xcode.app/Contents/Developer/Platforms/MacOSX.platform/Developer/usr/lib/swift/host/plugins/libObservationMacros.dylib\#/Applications/Xcode.app/Contents/Developer/Platforms/MacOSX.platform/Developer/usr/bin/swift-plugin-server\#ObservationMacros -load-resolved-plugin /Applications/Xcode.app/Contents/Developer/Platforms/MacOSX.platform/Developer/usr/lib/swift/host/plugins/libPreviewsMacros.dylib\#/Applications/Xcode.app/Contents/Developer/Platforms/MacOSX.platform/Developer/usr/bin/swift-plugin-server\#PreviewsMacros -load-resolved-plugin /Applications/Xcode.app/Contents/Developer/Platforms/MacOSX.platform/Developer/usr/lib/swift/host/plugins/libSwiftDataMacros.dylib\#/Applications/Xcode.app/Contents/Developer/Platforms/MacOSX.platform/Developer/usr/bin/swift-plugin-server\#SwiftDataMacros -load-resolved-plugin /Applications/Xcode.app/Contents/Developer/Platforms/MacOSX.platform/Developer/usr/lib/swift/host/plugins/libSwiftMacros.dylib\#/Applications/Xcode.app/Contents/Developer/Platforms/MacOSX.platform/Developer/usr/bin/swift-plugin-server\#SwiftMacros -load-resolved-plugin /Applications/Xcode.app/Contents/Developer/Platforms/MacOSX.platform/Developer/usr/lib/swift/host/plugins/libSwiftUIMacros.dylib\#/Applications/Xcode.app/Contents/Developer/Platforms/MacOSX.platform/Developer/usr/bin/swift-plugin-server\#SwiftUIMacros -disable-implicit-swift-modules -Xcc -fno-implicit-modules -Xcc -fno-implicit-module-maps -explicit-swift-module-map-file /Users/clevelandlewis/Library/Developer/Xcode/DerivedData/Roots-gevhpbduqwkhrjccazmpeopgipgn/Build/Intermediates.noindex/Roots.build/Debug/Roots.build/Objects-normal/arm64/Roots-dependencies-1.json -Xllvm -aarch64-use-tbi -enable-objc-interop -stack-check -sdk /Applications/Xcode.app/Contents/Developer/Platforms/MacOSX.platform/Developer/SDKs/MacOSX26.1.sdk -I /Users/clevelandlewis/Library/Developer/Xcode/DerivedData/Roots-gevhpbduqwkhrjccazmpeopgipgn/Build/Products/Debug -F /Users/clevelandlewis/Library/Developer/Xcode/DerivedData/Roots-gevhpbduqwkhrjccazmpeopgipgn/Build/Products/Debug -no-color-diagnostics -Xcc -fno-color-diagnostics -enable-testing -g -debug-info-format\=dwarf -dwarf-version\=5 -module-cache-path /Users/clevelandlewis/Library/Developer/Xcode/DerivedData/Roots-gevhpbduqwkhrjccazmpeopgipgn/Build/Intermediates.noindex/SwiftExplicitPrecompiledModules -profile-generate -profile-coverage-mapping -swift-version 5 -enforce-exclusivity\=checked -Onone -D DEBUG -serialize-debugging-options -const-gather-protocols-file /Users/clevelandlewis/Library/Developer/Xcode/DerivedData/Roots-gevhpbduqwkhrjccazmpeopgipgn/Build/Intermediates.noindex/Roots.build/Debug/Roots.build/Objects-normal/arm64/Roots_const_extract_protocols.json -enable-upcoming-feature DisableOutwardActorInference -enable-upcoming-feature InferSendableFromCaptures -enable-upcoming-feature GlobalActorIsolatedTypesUsability -enable-upcoming-feature MemberImportVisibility -enable-upcoming-feature InferIsolatedConformances -enable-upcoming-feature NonisolatedNonsendingByDefault -enable-experimental-feature DebugDescriptionMacro -enable-bare-slash-regex -default-isolation\=MainActor -empty-abi-descriptor -validate-clang-modules-once -clang-build-session-file /Users/clevelandlewis/Library/Developer/Xcode/DerivedData/ModuleCache.noindex/Session.modulevalidation -Xcc -working-directory -Xcc /Users/clevelandlewis/Desktop/Roots/Roots -enable-anonymous-context-mangled-names -file-compilation-dir /Users/clevelandlewis/Desktop/Roots/Roots -Xcc -D_LIBCPP_HARDENING_MODE\=_LIBCPP_HARDENING_MODE_DEBUG -Xcc -ivfsstatcache -Xcc /Users/clevelandlewis/Library/Developer/Xcode/DerivedData/SDKStatCaches.noindex/macosx26.1-25B74-3885c01c3e6b6a337905948deab2002e3ae1261907bdadc328169391a47051a6.sdkstatcache -Xcc -I/Users/clevelandlewis/Library/Developer/Xcode/DerivedData/Roots-gevhpbduqwkhrjccazmpeopgipgn/Build/Intermediates.noindex/Roots.build/Debug/Roots.build/swift-overrides.hmap -Xcc -iquote -Xcc /Users/clevelandlewis/Library/Developer/Xcode/DerivedData/Roots-gevhpbduqwkhrjccazmpeopgipgn/Build/Intermediates.noindex/Roots.build/Debug/Roots.build/Roots-generated-files.hmap -Xcc -I/Users/clevelandlewis/Library/Developer/Xcode/DerivedData/Roots-gevhpbduqwkhrjccazmpeopgipgn/Build/Intermediates.noindex/Roots.build/Debug/Roots.build/Roots-own-target-headers.hmap -Xcc -I/Users/clevelandlewis/Library/Developer/Xcode/DerivedData/Roots-gevhpbduqwkhrjccazmpeopgipgn/Build/Intermediates.noindex/Roots.build/Debug/Roots.build/Roots-all-target-headers.hmap -Xcc -iquote -Xcc /Users/clevelandlewis/Library/Developer/Xcode/DerivedData/Roots-gevhpbduqwkhrjccazmpeopgipgn/Build/Intermediates.noindex/Roots.build/Debug/Roots.build/Roots-project-headers.hmap -Xcc -I/Users/clevelandlewis/Library/Developer/Xcode/DerivedData/Roots-gevhpbduqwkhrjccazmpeopgipgn/Build/Products/Debug/include -Xcc -I/Users/clevelandlewis/Library/Developer/Xcode/DerivedData/Roots-gevhpbduqwkhrjccazmpeopgipgn/Build/Intermediates.noindex/Roots.build/Debug/Roots.build/DerivedSources-normal/arm64 -Xcc -I/Users/clevelandlewis/Library/Developer/Xcode/DerivedData/Roots-gevhpbduqwkhrjccazmpeopgipgn/Build/Intermediates.noindex/Roots.build/Debug/Roots.build/DerivedSources/arm64 -Xcc -I/Users/clevelandlewis/Library/Developer/Xcode/DerivedData/Roots-gevhpbduqwkhrjccazmpeopgipgn/Build/Intermediates.noindex/Roots.build/Debug/Roots.build/DerivedSources -Xcc -DDEBUG\=1 -no-auto-bridging-header-chaining -module-name Roots -frontend-parseable-output -disable-clang-spi -target-sdk-version 26.1 -target-sdk-name macosx26.1 -clang-target arm64-apple-macos26.1 -in-process-plugin-server-path /Applications/Xcode.app/Contents/Developer/Toolchains/XcodeDefault.xctoolchain/usr/lib/swift/host/libSwiftInProcPluginServer.dylib -emit-module-doc-path /Users/clevelandlewis/Library/Developer/Xcode/DerivedData/Roots-gevhpbduqwkhrjccazmpeopgipgn/Build/Intermediates.noindex/Roots.build/Debug/Roots.build/Objects-normal/arm64/Roots.swiftdoc -emit-module-source-info-path /Users/clevelandlewis/Library/Developer/Xcode/DerivedData/Roots-gevhpbduqwkhrjccazmpeopgipgn/Build/Intermediates.noindex/Roots.build/Debug/Roots.build/Objects-normal/arm64/Roots.swiftsourceinfo -emit-objc-header-path /Users/clevelandlewis/Library/Developer/Xcode/DerivedData/Roots-gevhpbduqwkhrjccazmpeopgipgn/Build/Intermediates.noindex/Roots.build/Debug/Roots.build/Objects-normal/arm64/Roots-Swift.h -serialize-diagnostics-path /Users/clevelandlewis/Library/Developer/Xcode/DerivedData/Roots-gevhpbduqwkhrjccazmpeopgipgn/Build/Intermediates.noindex/Roots.build/Debug/Roots.build/Objects-normal/arm64/Roots-primary-emit-module.dia -emit-dependencies-path /Users/clevelandlewis/Library/Developer/Xcode/DerivedData/Roots-gevhpbduqwkhrjccazmpeopgipgn/Build/Intermediates.noindex/Roots.build/Debug/Roots.build/Objects-normal/arm64/Roots-primary-emit-module.d -o /Users/clevelandlewis/Library/Developer/Xcode/DerivedData/Roots-gevhpbduqwkhrjccazmpeopgipgn/Build/Intermediates.noindex/Roots.build/Debug/Roots.build/Objects-normal/arm64/Roots.swiftmodule -emit-abi-descriptor-path /Users/clevelandlewis/Library/Developer/Xcode/DerivedData/Roots-gevhpbduqwkhrjccazmpeopgipgn/Build/Intermediates.noindex/Roots.build/Debug/Roots.build/Objects-normal/arm64/Roots.abi.json

EmitSwiftModule normal arm64 (in target 'Roots' from project 'Roots')
    cd /Users/clevelandlewis/Desktop/Roots/Roots
    
/Users/clevelandlewis/Desktop/Roots/Roots/Roots/DesignTokensCompat.swift:8:6: error: invalid redeclaration of 'RootsSpacing'
enum RootsSpacing {
     ^
/Users/clevelandlewis/Desktop/Roots/Roots/Roots/RootsDesignSystem.swift:4:13: note: 'RootsSpacing' previously declared here
public enum RootsSpacing {
            ^
/Users/clevelandlewis/Desktop/Roots/Roots/Roots/RootsDesignSystem.swift:4:13: note: 'RootsSpacing' previously declared here
public enum RootsSpacing {
            ^
/Users/clevelandlewis/Desktop/Roots/Roots/Roots/DesignTokensCompat.swift:17:6: error: invalid redeclaration of 'RootsRadius'
enum RootsRadius {
     ^
/Users/clevelandlewis/Desktop/Roots/Roots/Roots/RootsDesignSystem.swift:12:13: note: 'RootsRadius' previously declared here
public enum RootsRadius {
            ^
/Users/clevelandlewis/Desktop/Roots/Roots/Roots/RootsDesignSystem.swift:12:13: note: 'RootsRadius' previously declared here
public enum RootsRadius {
            ^
/Users/clevelandlewis/Desktop/Roots/Roots/Roots/DesignTokensCompat.swift:144:8: error: invalid redeclaration of 'RootsCard'
struct RootsCard<Content: View>: View {
       ^
/Users/clevelandlewis/Desktop/Roots/Roots/Roots/RootsDesignSystem.swift:18:15: note: 'RootsCard' previously declared here
public struct RootsCard<Content: View>: View {
              ^
/Users/clevelandlewis/Desktop/Roots/Roots/Roots/RootsDesignSystem.swift:18:15: note: 'RootsCard' previously declared here
public struct RootsCard<Content: View>: View {
              ^

SwiftCompile normal arm64 Compiling\ SidebarView.swift,\ StudyAnalyticsAggregator.swift,\ SwiftConcurrency.swift,\ TimerControlsView.swift,\ TimerGraphsView.swift,\ TimerHeaderView.swift,\ TimerModels.swift,\ TimerPageView.swift,\ TimerPageViewModel.swift,\ TimerView.swift,\ UILogger.swift,\ UIStubs.swift,\ UsageStats.swift,\ UsageStatsBuilder.swift,\ GeneratedAssetSymbols.swift /Users/clevelandlewis/Desktop/Roots/Roots/Roots/SidebarView.swift /Users/clevelandlewis/Desktop/Roots/Roots/Roots/StudyAnalyticsAggregator.swift /Users/clevelandlewis/Desktop/Roots/Roots/Roots/SwiftConcurrency.swift /Users/clevelandlewis/Desktop/Roots/Roots/Roots/TimerControlsView.swift /Users/clevelandlewis/Desktop/Roots/Roots/Roots/TimerGraphsView.swift /Users/clevelandlewis/Desktop/Roots/Roots/Roots/TimerHeaderView.swift /Users/clevelandlewis/Desktop/Roots/Roots/Roots/TimerModels.swift /Users/clevelandlewis/Desktop/Roots/Roots/Roots/TimerPageView.swift /Users/clevelandlewis/Desktop/Roots/Roots/Roots/TimerPageViewModel.swift /Users/clevelandlewis/Desktop/Roots/Roots/Roots/TimerView.swift /Users/clevelandlewis/Desktop/Roots/Roots/Roots/UILogger.swift /Users/clevelandlewis/Desktop/Roots/Roots/Roots/UIStubs.swift /Users/clevelandlewis/Desktop/Roots/Roots/Roots/UsageStats.swift /Users/clevelandlewis/Desktop/Roots/Roots/Roots/UsageStatsBuilder.swift /Users/clevelandlewis/Library/Developer/Xcode/DerivedData/Roots-gevhpbduqwkhrjccazmpeopgipgn/Build/Intermediates.noindex/Roots.build/Debug/Roots.build/DerivedSources/GeneratedAssetSymbols.swift (in target 'Roots' from project 'Roots')

SwiftCompile normal arm64 /Users/clevelandlewis/Desktop/Roots/Roots/Roots/SidebarView.swift (in target 'Roots' from project 'Roots')
    cd /Users/clevelandlewis/Desktop/Roots/Roots
    

SwiftCompile normal arm64 /Users/clevelandlewis/Desktop/Roots/Roots/Roots/StudyAnalyticsAggregator.swift (in target 'Roots' from project 'Roots')
    cd /Users/clevelandlewis/Desktop/Roots/Roots
    

SwiftCompile normal arm64 /Users/clevelandlewis/Desktop/Roots/Roots/Roots/SwiftConcurrency.swift (in target 'Roots' from project 'Roots')
    cd /Users/clevelandlewis/Desktop/Roots/Roots
    

SwiftCompile normal arm64 /Users/clevelandlewis/Desktop/Roots/Roots/Roots/TimerControlsView.swift (in target 'Roots' from project 'Roots')
    cd /Users/clevelandlewis/Desktop/Roots/Roots
    

SwiftCompile normal arm64 /Users/clevelandlewis/Desktop/Roots/Roots/Roots/TimerGraphsView.swift (in target 'Roots' from project 'Roots')
    cd /Users/clevelandlewis/Desktop/Roots/Roots
    

SwiftCompile normal arm64 /Users/clevelandlewis/Desktop/Roots/Roots/Roots/TimerHeaderView.swift (in target 'Roots' from project 'Roots')
    cd /Users/clevelandlewis/Desktop/Roots/Roots
    

SwiftCompile normal arm64 /Users/clevelandlewis/Desktop/Roots/Roots/Roots/TimerModels.swift (in target 'Roots' from project 'Roots')
    cd /Users/clevelandlewis/Desktop/Roots/Roots
    

SwiftCompile normal arm64 /Users/clevelandlewis/Desktop/Roots/Roots/Roots/TimerPageView.swift (in target 'Roots' from project 'Roots')
    cd /Users/clevelandlewis/Desktop/Roots/Roots
    

SwiftCompile normal arm64 /Users/clevelandlewis/Desktop/Roots/Roots/Roots/TimerPageViewModel.swift (in target 'Roots' from project 'Roots')
    cd /Users/clevelandlewis/Desktop/Roots/Roots
    

SwiftCompile normal arm64 /Users/clevelandlewis/Desktop/Roots/Roots/Roots/TimerView.swift (in target 'Roots' from project 'Roots')
    cd /Users/clevelandlewis/Desktop/Roots/Roots
    

SwiftCompile normal arm64 /Users/clevelandlewis/Desktop/Roots/Roots/Roots/UILogger.swift (in target 'Roots' from project 'Roots')
    cd /Users/clevelandlewis/Desktop/Roots/Roots
    

SwiftCompile normal arm64 /Users/clevelandlewis/Desktop/Roots/Roots/Roots/UIStubs.swift (in target 'Roots' from project 'Roots')
    cd /Users/clevelandlewis/Desktop/Roots/Roots
    

SwiftCompile normal arm64 /Users/clevelandlewis/Desktop/Roots/Roots/Roots/UsageStats.swift (in target 'Roots' from project 'Roots')
    cd /Users/clevelandlewis/Desktop/Roots/Roots
    

SwiftCompile normal arm64 /Users/clevelandlewis/Desktop/Roots/Roots/Roots/UsageStatsBuilder.swift (in target 'Roots' from project 'Roots')
    cd /Users/clevelandlewis/Desktop/Roots/Roots
    

SwiftCompile normal arm64 /Users/clevelandlewis/Library/Developer/Xcode/DerivedData/Roots-gevhpbduqwkhrjccazmpeopgipgn/Build/Intermediates.noindex/Roots.build/Debug/Roots.build/DerivedSources/GeneratedAssetSymbols.swift (in target 'Roots' from project 'Roots')
    cd /Users/clevelandlewis/Desktop/Roots/Roots
    

SwiftCompile normal arm64 Compiling\ RootsApp.swift,\ RootsButtons.swift,\ RootsDesignSystem.swift,\ RootsGlassStyle.swift,\ RootsInsightsEngine.swift,\ RootsSettingsWindow.swift,\ RootsWindowLayout.swift,\ RootsWindowSizing.swift,\ RootTab.swift,\ SchedulerAdaptationManager.swift,\ SchedulerFeedback.swift,\ SchedulerLearner.swift,\ SchedulerPreferences.swift,\ SchedulerPreferencesStore.swift,\ SemesterEditView.swift,\ SemesterPicker.swift /Users/clevelandlewis/Desktop/Roots/Roots/Roots/RootsApp.swift /Users/clevelandlewis/Desktop/Roots/Roots/Roots/RootsButtons.swift /Users/clevelandlewis/Desktop/Roots/Roots/Roots/RootsDesignSystem.swift /Users/clevelandlewis/Desktop/Roots/Roots/Roots/RootsGlassStyle.swift /Users/clevelandlewis/Desktop/Roots/Roots/Roots/RootsInsightsEngine.swift /Users/clevelandlewis/Desktop/Roots/Roots/Roots/RootsSettingsWindow.swift /Users/clevelandlewis/Desktop/Roots/Roots/Roots/RootsWindowLayout.swift /Users/clevelandlewis/Desktop/Roots/Roots/Roots/RootsWindowSizing.swift /Users/clevelandlewis/Desktop/Roots/Roots/Roots/RootTab.swift /Users/clevelandlewis/Desktop/Roots/Roots/Roots/SchedulerAdaptationManager.swift /Users/clevelandlewis/Desktop/Roots/Roots/Roots/SchedulerFeedback.swift /Users/clevelandlewis/Desktop/Roots/Roots/Roots/SchedulerLearner.swift /Users/clevelandlewis/Desktop/Roots/Roots/Roots/SchedulerPreferences.swift /Users/clevelandlewis/Desktop/Roots/Roots/Roots/SchedulerPreferencesStore.swift /Users/clevelandlewis/Desktop/Roots/Roots/Roots/SemesterEditView.swift /Users/clevelandlewis/Desktop/Roots/Roots/Roots/SemesterPicker.swift (in target 'Roots' from project 'Roots')

SwiftCompile normal arm64 /Users/clevelandlewis/Desktop/Roots/Roots/Roots/RootsApp.swift (in target 'Roots' from project 'Roots')
    cd /Users/clevelandlewis/Desktop/Roots/Roots
    

SwiftCompile normal arm64 /Users/clevelandlewis/Desktop/Roots/Roots/Roots/RootsButtons.swift (in target 'Roots' from project 'Roots')
    cd /Users/clevelandlewis/Desktop/Roots/Roots
    

SwiftCompile normal arm64 /Users/clevelandlewis/Desktop/Roots/Roots/Roots/RootsDesignSystem.swift (in target 'Roots' from project 'Roots')
    cd /Users/clevelandlewis/Desktop/Roots/Roots
    

SwiftCompile normal arm64 /Users/clevelandlewis/Desktop/Roots/Roots/Roots/RootsGlassStyle.swift (in target 'Roots' from project 'Roots')
    cd /Users/clevelandlewis/Desktop/Roots/Roots
    

SwiftCompile normal arm64 /Users/clevelandlewis/Desktop/Roots/Roots/Roots/RootsInsightsEngine.swift (in target 'Roots' from project 'Roots')
    cd /Users/clevelandlewis/Desktop/Roots/Roots
    

SwiftCompile normal arm64 /Users/clevelandlewis/Desktop/Roots/Roots/Roots/RootsSettingsWindow.swift (in target 'Roots' from project 'Roots')
    cd /Users/clevelandlewis/Desktop/Roots/Roots
    

SwiftCompile normal arm64 /Users/clevelandlewis/Desktop/Roots/Roots/Roots/RootsWindowLayout.swift (in target 'Roots' from project 'Roots')
    cd /Users/clevelandlewis/Desktop/Roots/Roots
    

SwiftCompile normal arm64 /Users/clevelandlewis/Desktop/Roots/Roots/Roots/RootsWindowSizing.swift (in target 'Roots' from project 'Roots')
    cd /Users/clevelandlewis/Desktop/Roots/Roots
    

SwiftCompile normal arm64 /Users/clevelandlewis/Desktop/Roots/Roots/Roots/RootTab.swift (in target 'Roots' from project 'Roots')
    cd /Users/clevelandlewis/Desktop/Roots/Roots
    

SwiftCompile normal arm64 /Users/clevelandlewis/Desktop/Roots/Roots/Roots/SchedulerAdaptationManager.swift (in target 'Roots' from project 'Roots')
    cd /Users/clevelandlewis/Desktop/Roots/Roots
    

SwiftCompile normal arm64 /Users/clevelandlewis/Desktop/Roots/Roots/Roots/SchedulerFeedback.swift (in target 'Roots' from project 'Roots')
    cd /Users/clevelandlewis/Desktop/Roots/Roots
    

SwiftCompile normal arm64 /Users/clevelandlewis/Desktop/Roots/Roots/Roots/SchedulerLearner.swift (in target 'Roots' from project 'Roots')
    cd /Users/clevelandlewis/Desktop/Roots/Roots
    

SwiftCompile normal arm64 /Users/clevelandlewis/Desktop/Roots/Roots/Roots/SchedulerPreferences.swift (in target 'Roots' from project 'Roots')
    cd /Users/clevelandlewis/Desktop/Roots/Roots
    

SwiftCompile normal arm64 /Users/clevelandlewis/Desktop/Roots/Roots/Roots/SchedulerPreferencesStore.swift (in target 'Roots' from project 'Roots')
    cd /Users/clevelandlewis/Desktop/Roots/Roots
    

SwiftCompile normal arm64 /Users/clevelandlewis/Desktop/Roots/Roots/Roots/SemesterEditView.swift (in target 'Roots' from project 'Roots')
    cd /Users/clevelandlewis/Desktop/Roots/Roots
    

SwiftCompile normal arm64 /Users/clevelandlewis/Desktop/Roots/Roots/Roots/SemesterPicker.swift (in target 'Roots' from project 'Roots')
    cd /Users/clevelandlewis/Desktop/Roots/Roots
    

SwiftCompile normal arm64 Compiling\ HapticsManager.swift,\ HistoryStoreImpl.swift,\ Insight.swift,\ InsightEngine.swift,\ InsightsViewModel.swift,\ InterfaceSettingsView.swift,\ Item.swift,\ LoadableViewModel.swift,\ PerformanceMonitor.swift,\ PermissionsManager.swift,\ PlannerPageView.swift,\ PlannerView.swift,\ PopupTextAlignment.swift,\ ProfilesSettingsView.swift,\ QuickAction.swift,\ RootDesignPreviewPage.swift /Users/clevelandlewis/Desktop/Roots/Roots/Roots/HapticsManager.swift /Users/clevelandlewis/Desktop/Roots/Roots/Roots/HistoryStoreImpl.swift /Users/clevelandlewis/Desktop/Roots/Roots/Roots/Insight.swift /Users/clevelandlewis/Desktop/Roots/Roots/Roots/InsightEngine.swift /Users/clevelandlewis/Desktop/Roots/Roots/Roots/InsightsViewModel.swift /Users/clevelandlewis/Desktop/Roots/Roots/Roots/InterfaceSettingsView.swift /Users/clevelandlewis/Desktop/Roots/Roots/Roots/Item.swift /Users/clevelandlewis/Desktop/Roots/Roots/Roots/LoadableViewModel.swift /Users/clevelandlewis/Desktop/Roots/Roots/Roots/PerformanceMonitor.swift /Users/clevelandlewis/Desktop/Roots/Roots/Roots/PermissionsManager.swift /Users/clevelandlewis/Desktop/Roots/Roots/Roots/PlannerPageView.swift /Users/clevelandlewis/Desktop/Roots/Roots/Roots/PlannerView.swift /Users/clevelandlewis/Desktop/Roots/Roots/Roots/PopupTextAlignment.swift /Users/clevelandlewis/Desktop/Roots/Roots/Roots/ProfilesSettingsView.swift /Users/clevelandlewis/Desktop/Roots/Roots/Roots/QuickAction.swift /Users/clevelandlewis/Desktop/Roots/Roots/Roots/RootDesignPreviewPage.swift (in target 'Roots' from project 'Roots')
SwiftCompile normal arm64 /Users/clevelandlewis/Desktop/Roots/Roots/Roots/HapticsManager.swift (in target 'Roots' from project 'Roots')
    cd /Users/clevelandlewis/Desktop/Roots/Roots
    

SwiftCompile normal arm64 /Users/clevelandlewis/Desktop/Roots/Roots/Roots/HistoryStoreImpl.swift (in target 'Roots' from project 'Roots')
    cd /Users/clevelandlewis/Desktop/Roots/Roots
    

SwiftCompile normal arm64 /Users/clevelandlewis/Desktop/Roots/Roots/Roots/Insight.swift (in target 'Roots' from project 'Roots')
    cd /Users/clevelandlewis/Desktop/Roots/Roots
    

SwiftCompile normal arm64 /Users/clevelandlewis/Desktop/Roots/Roots/Roots/InsightEngine.swift (in target 'Roots' from project 'Roots')
    cd /Users/clevelandlewis/Desktop/Roots/Roots
    

SwiftCompile normal arm64 /Users/clevelandlewis/Desktop/Roots/Roots/Roots/InsightsViewModel.swift (in target 'Roots' from project 'Roots')
    cd /Users/clevelandlewis/Desktop/Roots/Roots
    

SwiftCompile normal arm64 /Users/clevelandlewis/Desktop/Roots/Roots/Roots/InterfaceSettingsView.swift (in target 'Roots' from project 'Roots')
    cd /Users/clevelandlewis/Desktop/Roots/Roots
    

SwiftCompile normal arm64 /Users/clevelandlewis/Desktop/Roots/Roots/Roots/Item.swift (in target 'Roots' from project 'Roots')
    cd /Users/clevelandlewis/Desktop/Roots/Roots
    

SwiftCompile normal arm64 /Users/clevelandlewis/Desktop/Roots/Roots/Roots/LoadableViewModel.swift (in target 'Roots' from project 'Roots')
    cd /Users/clevelandlewis/Desktop/Roots/Roots
    

SwiftCompile normal arm64 /Users/clevelandlewis/Desktop/Roots/Roots/Roots/PerformanceMonitor.swift (in target 'Roots' from project 'Roots')
    cd /Users/clevelandlewis/Desktop/Roots/Roots
    

SwiftCompile normal arm64 /Users/clevelandlewis/Desktop/Roots/Roots/Roots/PermissionsManager.swift (in target 'Roots' from project 'Roots')
    cd /Users/clevelandlewis/Desktop/Roots/Roots
    

SwiftCompile normal arm64 /Users/clevelandlewis/Desktop/Roots/Roots/Roots/PlannerPageView.swift (in target 'Roots' from project 'Roots')
    cd /Users/clevelandlewis/Desktop/Roots/Roots
    

SwiftCompile normal arm64 /Users/clevelandlewis/Desktop/Roots/Roots/Roots/PlannerView.swift (in target 'Roots' from project 'Roots')
    cd /Users/clevelandlewis/Desktop/Roots/Roots
    

SwiftCompile normal arm64 /Users/clevelandlewis/Desktop/Roots/Roots/Roots/PopupTextAlignment.swift (in target 'Roots' from project 'Roots')
    cd /Users/clevelandlewis/Desktop/Roots/Roots
    

SwiftCompile normal arm64 /Users/clevelandlewis/Desktop/Roots/Roots/Roots/ProfilesSettingsView.swift (in target 'Roots' from project 'Roots')
    cd /Users/clevelandlewis/Desktop/Roots/Roots
    

SwiftCompile normal arm64 /Users/clevelandlewis/Desktop/Roots/Roots/Roots/QuickAction.swift (in target 'Roots' from project 'Roots')
    cd /Users/clevelandlewis/Desktop/Roots/Roots
    

SwiftCompile normal arm64 /Users/clevelandlewis/Desktop/Roots/Roots/Roots/RootDesignPreviewPage.swift (in target 'Roots' from project 'Roots')
    cd /Users/clevelandlewis/Desktop/Roots/Roots
    

SwiftCompile normal arm64 Compiling\ AssignmentsPageView.swift,\ AssignmentsStore.swift,\ AssignmentsView.swift,\ AssignmentsView2.swift,\ BounceOnTap.swift,\ CalendarDayCell.swift,\ CalendarManager.swift,\ CalendarPageView.swift,\ CardGrid.swift,\ ChartViewVerticalStacked.swift,\ Color+Hex.swift,\ ContentView.swift,\ CourseDetailView.swift,\ CourseEditView.swift,\ CourseModels.swift,\ CoursesDashboardDetail.swift /Users/clevelandlewis/Desktop/Roots/Roots/Roots/AssignmentsPageView.swift /Users/clevelandlewis/Desktop/Roots/Roots/Roots/AssignmentsStore.swift /Users/clevelandlewis/Desktop/Roots/Roots/Roots/AssignmentsView.swift /Users/clevelandlewis/Desktop/Roots/Roots/Roots/AssignmentsView2.swift /Users/clevelandlewis/Desktop/Roots/Roots/Roots/BounceOnTap.swift /Users/clevelandlewis/Desktop/Roots/Roots/Roots/CalendarDayCell.swift /Users/clevelandlewis/Desktop/Roots/Roots/Roots/CalendarManager.swift /Users/clevelandlewis/Desktop/Roots/Roots/Roots/CalendarPageView.swift /Users/clevelandlewis/Desktop/Roots/Roots/Roots/CardGrid.swift /Users/clevelandlewis/Desktop/Roots/Roots/Roots/ChartViewVerticalStacked.swift /Users/clevelandlewis/Desktop/Roots/Roots/Roots/Color+Hex.swift /Users/clevelandlewis/Desktop/Roots/Roots/Roots/ContentView.swift /Users/clevelandlewis/Desktop/Roots/Roots/Roots/CourseDetailView.swift /Users/clevelandlewis/Desktop/Roots/Roots/Roots/CourseEditView.swift /Users/clevelandlewis/Desktop/Roots/Roots/Roots/CourseModels.swift /Users/clevelandlewis/Desktop/Roots/Roots/Roots/CoursesDashboardDetail.swift (in target 'Roots' from project 'Roots')

SwiftCompile normal arm64 /Users/clevelandlewis/Desktop/Roots/Roots/Roots/AssignmentsPageView.swift (in target 'Roots' from project 'Roots')
    cd /Users/clevelandlewis/Desktop/Roots/Roots
    

SwiftCompile normal arm64 /Users/clevelandlewis/Desktop/Roots/Roots/Roots/AssignmentsStore.swift (in target 'Roots' from project 'Roots')
    cd /Users/clevelandlewis/Desktop/Roots/Roots
    

SwiftCompile normal arm64 /Users/clevelandlewis/Desktop/Roots/Roots/Roots/AssignmentsView.swift (in target 'Roots' from project 'Roots')
    cd /Users/clevelandlewis/Desktop/Roots/Roots
    

SwiftCompile normal arm64 /Users/clevelandlewis/Desktop/Roots/Roots/Roots/AssignmentsView2.swift (in target 'Roots' from project 'Roots')
    cd /Users/clevelandlewis/Desktop/Roots/Roots
    

SwiftCompile normal arm64 /Users/clevelandlewis/Desktop/Roots/Roots/Roots/BounceOnTap.swift (in target 'Roots' from project 'Roots')
    cd /Users/clevelandlewis/Desktop/Roots/Roots
    

SwiftCompile normal arm64 /Users/clevelandlewis/Desktop/Roots/Roots/Roots/CalendarDayCell.swift (in target 'Roots' from project 'Roots')
    cd /Users/clevelandlewis/Desktop/Roots/Roots
    

SwiftCompile normal arm64 /Users/clevelandlewis/Desktop/Roots/Roots/Roots/CalendarManager.swift (in target 'Roots' from project 'Roots')
    cd /Users/clevelandlewis/Desktop/Roots/Roots
    

SwiftCompile normal arm64 /Users/clevelandlewis/Desktop/Roots/Roots/Roots/CalendarPageView.swift (in target 'Roots' from project 'Roots')
    cd /Users/clevelandlewis/Desktop/Roots/Roots
    

SwiftCompile normal arm64 /Users/clevelandlewis/Desktop/Roots/Roots/Roots/CardGrid.swift (in target 'Roots' from project 'Roots')
    cd /Users/clevelandlewis/Desktop/Roots/Roots
    

SwiftCompile normal arm64 /Users/clevelandlewis/Desktop/Roots/Roots/Roots/ChartViewVerticalStacked.swift (in target 'Roots' from project 'Roots')
    cd /Users/clevelandlewis/Desktop/Roots/Roots
    

SwiftCompile normal arm64 /Users/clevelandlewis/Desktop/Roots/Roots/Roots/Color+Hex.swift (in target 'Roots' from project 'Roots')
    cd /Users/clevelandlewis/Desktop/Roots/Roots
    

SwiftCompile normal arm64 /Users/clevelandlewis/Desktop/Roots/Roots/Roots/ContentView.swift (in target 'Roots' from project 'Roots')
    cd /Users/clevelandlewis/Desktop/Roots/Roots
    

SwiftCompile normal arm64 /Users/clevelandlewis/Desktop/Roots/Roots/Roots/CourseDetailView.swift (in target 'Roots' from project 'Roots')
    cd /Users/clevelandlewis/Desktop/Roots/Roots
    

SwiftCompile normal arm64 /Users/clevelandlewis/Desktop/Roots/Roots/Roots/CourseEditView.swift (in target 'Roots' from project 'Roots')
    cd /Users/clevelandlewis/Desktop/Roots/Roots
    

SwiftCompile normal arm64 /Users/clevelandlewis/Desktop/Roots/Roots/Roots/CourseModels.swift (in target 'Roots' from project 'Roots')
    cd /Users/clevelandlewis/Desktop/Roots/Roots
    

SwiftCompile normal arm64 /Users/clevelandlewis/Desktop/Roots/Roots/Roots/CoursesDashboardDetail.swift (in target 'Roots' from project 'Roots')
    cd /Users/clevelandlewis/Desktop/Roots/Roots
    

** BUILD FAILED **


The following build commands failed:
	SwiftEmitModule normal arm64 Emitting\ module\ for\ Roots (in target 'Roots' from project 'Roots')
	EmitSwiftModule normal arm64 (in target 'Roots' from project 'Roots')
	Building project Roots with scheme Roots and configuration Debug
(3 failures)
